U-Net
[33mWARNING:[0m NVIDIA binaries may not be bound with --writable
2022-02-28 16:54:55.310672: I tensorflow/stream_executor/platform/default/dso_loader.cc:53] Successfully opened dynamic library libcudart.so.11.0
..data size:(98, 117, 159, 126)
2022-02-28 16:55:02.839043: I tensorflow/stream_executor/platform/default/dso_loader.cc:53] Successfully opened dynamic library libcuda.so.1
2022-02-28 16:55:02.875349: I tensorflow/core/common_runtime/gpu/gpu_device.cc:1734] Found device 0 with properties: 
pciBusID: 0000:03:00.0 name: Tesla P100-PCIE-12GB computeCapability: 6.0
coreClock: 1.3285GHz coreCount: 56 deviceMemorySize: 11.91GiB deviceMemoryBandwidth: 511.41GiB/s
2022-02-28 16:55:02.876146: I tensorflow/core/common_runtime/gpu/gpu_device.cc:1734] Found device 1 with properties: 
pciBusID: 0000:82:00.0 name: Tesla P100-PCIE-12GB computeCapability: 6.0
coreClock: 1.3285GHz coreCount: 56 deviceMemorySize: 11.91GiB deviceMemoryBandwidth: 511.41GiB/s
2022-02-28 16:55:02.876178: I tensorflow/stream_executor/platform/default/dso_loader.cc:53] Successfully opened dynamic library libcudart.so.11.0
2022-02-28 16:55:02.881906: I tensorflow/stream_executor/platform/default/dso_loader.cc:53] Successfully opened dynamic library libcublas.so.11
2022-02-28 16:55:02.881963: I tensorflow/stream_executor/platform/default/dso_loader.cc:53] Successfully opened dynamic library libcublasLt.so.11
2022-02-28 16:55:02.885119: I tensorflow/stream_executor/platform/default/dso_loader.cc:53] Successfully opened dynamic library libcufft.so.10
2022-02-28 16:55:02.885698: I tensorflow/stream_executor/platform/default/dso_loader.cc:53] Successfully opened dynamic library libcurand.so.10
2022-02-28 16:55:02.886610: I tensorflow/stream_executor/platform/default/dso_loader.cc:53] Successfully opened dynamic library libcusolver.so.11
2022-02-28 16:55:02.887827: I tensorflow/stream_executor/platform/default/dso_loader.cc:53] Successfully opened dynamic library libcusparse.so.11
2022-02-28 16:55:02.888257: I tensorflow/stream_executor/platform/default/dso_loader.cc:53] Successfully opened dynamic library libcudnn.so.8
2022-02-28 16:55:02.891439: I tensorflow/core/common_runtime/gpu/gpu_device.cc:1872] Adding visible gpu devices: 0, 1
2022-02-28 16:55:03.075079: I tensorflow/core/common_runtime/gpu/gpu_device.cc:1734] Found device 0 with properties: 
pciBusID: 0000:03:00.0 name: Tesla P100-PCIE-12GB computeCapability: 6.0
coreClock: 1.3285GHz coreCount: 56 deviceMemorySize: 11.91GiB deviceMemoryBandwidth: 511.41GiB/s
2022-02-28 16:55:03.075829: I tensorflow/core/common_runtime/gpu/gpu_device.cc:1734] Found device 1 with properties: 
pciBusID: 0000:82:00.0 name: Tesla P100-PCIE-12GB computeCapability: 6.0
coreClock: 1.3285GHz coreCount: 56 deviceMemorySize: 11.91GiB deviceMemoryBandwidth: 511.41GiB/s
2022-02-28 16:55:03.078568: I tensorflow/core/common_runtime/gpu/gpu_device.cc:1872] Adding visible gpu devices: 0, 1
2022-02-28 16:55:03.078614: I tensorflow/stream_executor/platform/default/dso_loader.cc:53] Successfully opened dynamic library libcudart.so.11.0
2022-02-28 16:55:03.776349: I tensorflow/core/common_runtime/gpu/gpu_device.cc:1258] Device interconnect StreamExecutor with strength 1 edge matrix:
2022-02-28 16:55:03.776403: I tensorflow/core/common_runtime/gpu/gpu_device.cc:1264]      0 1 
2022-02-28 16:55:03.776417: I tensorflow/core/common_runtime/gpu/gpu_device.cc:1277] 0:   N N 
2022-02-28 16:55:03.776425: I tensorflow/core/common_runtime/gpu/gpu_device.cc:1277] 1:   N N 
2022-02-28 16:55:03.780248: I tensorflow/core/common_runtime/gpu/gpu_device.cc:1418] Created TensorFlow device (/job:localhost/replica:0/task:0/device:GPU:0 with 11158 MB memory) -> physical GPU (device: 0, name: Tesla P100-PCIE-12GB, pci bus id: 0000:03:00.0, compute capability: 6.0)
2022-02-28 16:55:03.781281: I tensorflow/core/common_runtime/gpu/gpu_device.cc:1418] Created TensorFlow device (/job:localhost/replica:0/task:0/device:GPU:1 with 11158 MB memory) -> physical GPU (device: 1, name: Tesla P100-PCIE-12GB, pci bus id: 0000:82:00.0, compute capability: 6.0)
2022-02-28 16:55:04.408494: I tensorflow/core/common_runtime/gpu/gpu_device.cc:1734] Found device 0 with properties: 
pciBusID: 0000:03:00.0 name: Tesla P100-PCIE-12GB computeCapability: 6.0
coreClock: 1.3285GHz coreCount: 56 deviceMemorySize: 11.91GiB deviceMemoryBandwidth: 511.41GiB/s
2022-02-28 16:55:04.409249: I tensorflow/core/common_runtime/gpu/gpu_device.cc:1734] Found device 1 with properties: 
pciBusID: 0000:82:00.0 name: Tesla P100-PCIE-12GB computeCapability: 6.0
coreClock: 1.3285GHz coreCount: 56 deviceMemorySize: 11.91GiB deviceMemoryBandwidth: 511.41GiB/s
2022-02-28 16:55:04.414662: I tensorflow/core/common_runtime/gpu/gpu_device.cc:1872] Adding visible gpu devices: 0, 1
2022-02-28 16:55:04.414710: I tensorflow/core/common_runtime/gpu/gpu_device.cc:1258] Device interconnect StreamExecutor with strength 1 edge matrix:
2022-02-28 16:55:04.414721: I tensorflow/core/common_runtime/gpu/gpu_device.cc:1264]      0 1 
2022-02-28 16:55:04.414730: I tensorflow/core/common_runtime/gpu/gpu_device.cc:1277] 0:   N N 
2022-02-28 16:55:04.414737: I tensorflow/core/common_runtime/gpu/gpu_device.cc:1277] 1:   N N 
2022-02-28 16:55:04.416119: I tensorflow/core/common_runtime/gpu/gpu_device.cc:1418] Created TensorFlow device (/job:localhost/replica:0/task:0/device:GPU:0 with 11158 MB memory) -> physical GPU (device: 0, name: Tesla P100-PCIE-12GB, pci bus id: 0000:03:00.0, compute capability: 6.0)
2022-02-28 16:55:04.416840: I tensorflow/core/common_runtime/gpu/gpu_device.cc:1418] Created TensorFlow device (/job:localhost/replica:0/task:0/device:GPU:1 with 11158 MB memory) -> physical GPU (device: 1, name: Tesla P100-PCIE-12GB, pci bus id: 0000:82:00.0, compute capability: 6.0)
..loading data finished
---------fold--1---------
training set:  [19 20 21 22 23 24 25 26 27 28 29 30 31 32 33 34 35 36 37 38 39 40 41 42
 43 44 45 46 47 48 49 50 51 52 53 54 55 56 57 58 59 60 61 62 63 64 65 66
 67 68 69 70 71 72 73 74 75 76 77 78 79 80 81 82 83 84 85 86 87 88 89 90
 91 92 93 94]
training set size:  76
testing set:  [ 0  1  2  3  4  5  6  7  8  9 10 11 12 13 14 15 16 17 18]
testing set size:  19
..generator_len: 400
..training_n_subject: 76
..training_n_patch_per_sub: 326592
2022-02-28 16:55:05.978996: I tensorflow/compiler/mlir/mlir_graph_optimization_pass.cc:176] None of the MLIR Optimization Passes are enabled (registered 2)
2022-02-28 16:55:05.979697: I tensorflow/core/platform/profile_utils/cpu_utils.cc:114] CPU Frequency: 2400085000 Hz
2022-02-28 16:55:09.744460: I tensorflow/stream_executor/platform/default/dso_loader.cc:53] Successfully opened dynamic library libcudnn.so.8
2022-02-28 16:55:10.133712: I tensorflow/stream_executor/cuda/cuda_dnn.cc:380] Loaded cuDNN version 8202
2022-02-28 16:55:10.578474: I tensorflow/stream_executor/platform/default/dso_loader.cc:53] Successfully opened dynamic library libcublas.so.11
2022-02-28 16:55:10.852800: I tensorflow/stream_executor/platform/default/dso_loader.cc:53] Successfully opened dynamic library libcublasLt.so.11
Epoch 1/100
400/400 - 556s - loss: 0.1344 - dice_for_iVOI: 0.3881
Epoch 2/100
400/400 - 510s - loss: 0.0805 - dice_for_iVOI: 0.5793
Epoch 3/100
400/400 - 510s - loss: 0.0658 - dice_for_iVOI: 0.6547
Epoch 4/100
400/400 - 509s - loss: 0.0552 - dice_for_iVOI: 0.7208
Epoch 5/100
400/400 - 510s - loss: 0.0390 - dice_for_iVOI: 0.7766
Epoch 6/100
400/400 - 510s - loss: 0.0370 - dice_for_iVOI: 0.7959
Epoch 7/100
400/400 - 510s - loss: 0.0247 - dice_for_iVOI: 0.8494
Epoch 8/100
400/400 - 510s - loss: 0.0462 - dice_for_iVOI: 0.7536
Epoch 9/100
400/400 - 510s - loss: 0.0309 - dice_for_iVOI: 0.8186
Epoch 10/100
400/400 - 510s - loss: 0.0236 - dice_for_iVOI: 0.8566
Epoch 11/100
400/400 - 510s - loss: 0.0280 - dice_for_iVOI: 0.8448
Epoch 12/100
400/400 - 510s - loss: 0.0196 - dice_for_iVOI: 0.8853
Epoch 13/100
400/400 - 510s - loss: 0.0188 - dice_for_iVOI: 0.8874
Epoch 14/100
400/400 - 510s - loss: 0.0175 - dice_for_iVOI: 0.8907
Epoch 15/100
400/400 - 510s - loss: 0.0175 - dice_for_iVOI: 0.8912
Epoch 16/100
400/400 - 510s - loss: 0.0174 - dice_for_iVOI: 0.8904
Epoch 17/100
400/400 - 510s - loss: 0.0206 - dice_for_iVOI: 0.8804
Epoch 18/100
400/400 - 510s - loss: 0.0159 - dice_for_iVOI: 0.8981
Epoch 19/100
400/400 - 510s - loss: 0.0152 - dice_for_iVOI: 0.9063
Epoch 20/100
400/400 - 510s - loss: 0.0151 - dice_for_iVOI: 0.9069
Epoch 21/100
400/400 - 510s - loss: 0.0201 - dice_for_iVOI: 0.8841
Epoch 22/100
400/400 - 510s - loss: 0.0315 - dice_for_iVOI: 0.8343
Epoch 23/100
400/400 - 510s - loss: 0.0173 - dice_for_iVOI: 0.8933
Epoch 24/100
400/400 - 510s - loss: 0.0151 - dice_for_iVOI: 0.9018
Epoch 25/100
400/400 - 510s - loss: 0.0202 - dice_for_iVOI: 0.8879
Epoch 26/100
400/400 - 510s - loss: 0.0160 - dice_for_iVOI: 0.9004
Epoch 27/100
400/400 - 510s - loss: 0.0141 - dice_for_iVOI: 0.9084
Epoch 28/100
400/400 - 510s - loss: 0.0140 - dice_for_iVOI: 0.9115
Epoch 29/100
400/400 - 510s - loss: 0.0139 - dice_for_iVOI: 0.9131
Epoch 30/100
400/400 - 510s - loss: 0.0135 - dice_for_iVOI: 0.9133
Epoch 31/100
400/400 - 510s - loss: 0.0252 - dice_for_iVOI: 0.8639
Epoch 32/100
400/400 - 510s - loss: 0.0149 - dice_for_iVOI: 0.9084
Epoch 33/100
400/400 - 510s - loss: 0.0141 - dice_for_iVOI: 0.9127
Epoch 34/100
400/400 - 510s - loss: 0.0132 - dice_for_iVOI: 0.9112
Epoch 35/100
400/400 - 510s - loss: 0.0137 - dice_for_iVOI: 0.9149
Epoch 36/100
400/400 - 510s - loss: 0.0135 - dice_for_iVOI: 0.9159
Epoch 37/100
400/400 - 510s - loss: 0.0135 - dice_for_iVOI: 0.9143
Epoch 38/100
400/400 - 510s - loss: 0.0129 - dice_for_iVOI: 0.9149
Epoch 39/100
400/400 - 510s - loss: 0.0134 - dice_for_iVOI: 0.9106
Epoch 40/100
400/400 - 510s - loss: 0.0127 - dice_for_iVOI: 0.9166
Epoch 41/100
400/400 - 510s - loss: 0.0132 - dice_for_iVOI: 0.9145
Epoch 42/100
400/400 - 510s - loss: 0.0167 - dice_for_iVOI: 0.8950
Epoch 43/100
400/400 - 510s - loss: 0.0139 - dice_for_iVOI: 0.9157
Epoch 44/100
400/400 - 510s - loss: 0.0129 - dice_for_iVOI: 0.9174
Epoch 45/100
400/400 - 510s - loss: 0.0127 - dice_for_iVOI: 0.9187
Epoch 46/100
400/400 - 510s - loss: 0.0129 - dice_for_iVOI: 0.9186
Epoch 47/100
400/400 - 510s - loss: 0.0140 - dice_for_iVOI: 0.9156
Epoch 48/100
400/400 - 510s - loss: 0.0139 - dice_for_iVOI: 0.9114
Epoch 49/100
400/400 - 510s - loss: 0.0151 - dice_for_iVOI: 0.9097
Epoch 50/100
400/400 - 510s - loss: 0.0130 - dice_for_iVOI: 0.9161
Epoch 51/100
400/400 - 510s - loss: 0.0123 - dice_for_iVOI: 0.9188
Epoch 52/100
400/400 - 510s - loss: 0.0124 - dice_for_iVOI: 0.9224
Epoch 53/100
400/400 - 510s - loss: 0.0122 - dice_for_iVOI: 0.9233
Epoch 54/100
400/400 - 510s - loss: 0.0123 - dice_for_iVOI: 0.9206
Epoch 55/100
400/400 - 510s - loss: 0.0122 - dice_for_iVOI: 0.9233
Epoch 56/100
400/400 - 509s - loss: 0.0121 - dice_for_iVOI: 0.9256
Epoch 57/100
400/400 - 509s - loss: 0.0157 - dice_for_iVOI: 0.9046
Epoch 58/100
400/400 - 509s - loss: 0.0129 - dice_for_iVOI: 0.9168
Epoch 59/100
400/400 - 509s - loss: 0.0126 - dice_for_iVOI: 0.9209
Epoch 60/100
400/400 - 510s - loss: 0.0122 - dice_for_iVOI: 0.9230
Epoch 61/100
400/400 - 510s - loss: 0.0118 - dice_for_iVOI: 0.9233
Epoch 62/100
400/400 - 510s - loss: 0.0116 - dice_for_iVOI: 0.9261
Epoch 63/100
400/400 - 510s - loss: 0.0115 - dice_for_iVOI: 0.9232
Epoch 64/100
400/400 - 510s - loss: 0.0123 - dice_for_iVOI: 0.9242
Epoch 65/100
400/400 - 510s - loss: 0.0114 - dice_for_iVOI: 0.9214
Epoch 66/100
400/400 - 510s - loss: 0.0119 - dice_for_iVOI: 0.9257
Epoch 67/100
400/400 - 510s - loss: 0.0126 - dice_for_iVOI: 0.9203
Epoch 68/100
400/400 - 511s - loss: 0.0114 - dice_for_iVOI: 0.9264
Epoch 69/100
400/400 - 511s - loss: 0.0113 - dice_for_iVOI: 0.9258
Epoch 70/100
400/400 - 510s - loss: 0.0113 - dice_for_iVOI: 0.9253
Epoch 71/100
400/400 - 510s - loss: 0.0239 - dice_for_iVOI: 0.8743
Epoch 72/100
400/400 - 510s - loss: 0.0137 - dice_for_iVOI: 0.9166
Epoch 73/100
400/400 - 510s - loss: 0.0125 - dice_for_iVOI: 0.9240
Epoch 74/100
400/400 - 510s - loss: 0.0117 - dice_for_iVOI: 0.9243
Epoch 75/100
400/400 - 510s - loss: 0.0114 - dice_for_iVOI: 0.9244
Epoch 76/100
400/400 - 510s - loss: 0.0118 - dice_for_iVOI: 0.9269
Epoch 77/100
400/400 - 510s - loss: 0.0114 - dice_for_iVOI: 0.9252
Epoch 78/100
400/400 - 509s - loss: 0.0114 - dice_for_iVOI: 0.9281
Epoch 79/100
400/400 - 510s - loss: 0.0110 - dice_for_iVOI: 0.9257
Epoch 80/100
400/400 - 509s - loss: 0.0116 - dice_for_iVOI: 0.9288
Epoch 81/100
400/400 - 509s - loss: 0.0108 - dice_for_iVOI: 0.9275
Epoch 82/100
400/400 - 510s - loss: 0.0110 - dice_for_iVOI: 0.9286
Epoch 83/100
400/400 - 509s - loss: 0.0108 - dice_for_iVOI: 0.9300
Epoch 84/100
400/400 - 509s - loss: 0.0113 - dice_for_iVOI: 0.9279
Epoch 85/100
400/400 - 509s - loss: 0.0113 - dice_for_iVOI: 0.9304
Epoch 86/100
400/400 - 510s - loss: 0.0108 - dice_for_iVOI: 0.9308
Epoch 87/100
400/400 - 509s - loss: 0.0107 - dice_for_iVOI: 0.9302
Epoch 88/100
400/400 - 509s - loss: 0.0109 - dice_for_iVOI: 0.9323
Epoch 89/100
400/400 - 510s - loss: 0.0109 - dice_for_iVOI: 0.9326
Epoch 90/100
400/400 - 510s - loss: 0.0112 - dice_for_iVOI: 0.9317
Epoch 91/100
400/400 - 510s - loss: 0.0177 - dice_for_iVOI: 0.8996
Epoch 92/100
400/400 - 510s - loss: 0.0120 - dice_for_iVOI: 0.9218
Epoch 93/100
400/400 - 510s - loss: 0.0112 - dice_for_iVOI: 0.9289
Epoch 94/100
400/400 - 510s - loss: 0.0127 - dice_for_iVOI: 0.9238
Epoch 95/100
400/400 - 510s - loss: 0.0112 - dice_for_iVOI: 0.9290
Epoch 96/100
400/400 - 510s - loss: 0.0108 - dice_for_iVOI: 0.9307
Epoch 97/100
400/400 - 510s - loss: 0.0112 - dice_for_iVOI: 0.9330
Epoch 98/100
400/400 - 511s - loss: 0.0115 - dice_for_iVOI: 0.9260
Epoch 99/100
400/400 - 511s - loss: 0.0108 - dice_for_iVOI: 0.9328
Epoch 100/100
400/400 - 511s - loss: 0.0105 - dice_for_iVOI: 0.9334
2022-03-01 07:13:09.019217: I tensorflow/core/common_runtime/gpu/gpu_device.cc:1734] Found device 0 with properties: 
pciBusID: 0000:03:00.0 name: Tesla P100-PCIE-12GB computeCapability: 6.0
coreClock: 1.3285GHz coreCount: 56 deviceMemorySize: 11.91GiB deviceMemoryBandwidth: 511.41GiB/s
2022-03-01 07:13:09.020456: I tensorflow/core/common_runtime/gpu/gpu_device.cc:1734] Found device 1 with properties: 
pciBusID: 0000:82:00.0 name: Tesla P100-PCIE-12GB computeCapability: 6.0
coreClock: 1.3285GHz coreCount: 56 deviceMemorySize: 11.91GiB deviceMemoryBandwidth: 511.41GiB/s
2022-03-01 07:13:09.022615: I tensorflow/core/common_runtime/gpu/gpu_device.cc:1872] Adding visible gpu devices: 0, 1
2022-03-01 07:13:09.022675: I tensorflow/core/common_runtime/gpu/gpu_device.cc:1258] Device interconnect StreamExecutor with strength 1 edge matrix:
2022-03-01 07:13:09.022687: I tensorflow/core/common_runtime/gpu/gpu_device.cc:1264]      0 1 
2022-03-01 07:13:09.022695: I tensorflow/core/common_runtime/gpu/gpu_device.cc:1277] 0:   N N 
2022-03-01 07:13:09.022703: I tensorflow/core/common_runtime/gpu/gpu_device.cc:1277] 1:   N N 
2022-03-01 07:13:09.024194: I tensorflow/core/common_runtime/gpu/gpu_device.cc:1418] Created TensorFlow device (/job:localhost/replica:0/task:0/device:GPU:0 with 11158 MB memory) -> physical GPU (device: 0, name: Tesla P100-PCIE-12GB, pci bus id: 0000:03:00.0, compute capability: 6.0)
2022-03-01 07:13:09.024929: I tensorflow/core/common_runtime/gpu/gpu_device.cc:1418] Created TensorFlow device (/job:localhost/replica:0/task:0/device:GPU:1 with 11158 MB memory) -> physical GPU (device: 1, name: Tesla P100-PCIE-12GB, pci bus id: 0000:82:00.0, compute capability: 6.0)
training time: 51031.30672097206
executation time:23.299610426551418
---------fold--2---------
training set:  [ 0  1  2  3  4  5  6  7  8  9 10 11 12 13 14 15 16 17 18 38 39 40 41 42
 43 44 45 46 47 48 49 50 51 52 53 54 55 56 57 58 59 60 61 62 63 64 65 66
 67 68 69 70 71 72 73 74 75 76 77 78 79 80 81 82 83 84 85 86 87 88 89 90
 91 92 93 94]
training set size:  76
testing set:  [19 20 21 22 23 24 25 26 27 28 29 30 31 32 33 34 35 36 37]
testing set size:  19
..generator_len: 400
..training_n_subject: 76
..training_n_patch_per_sub: 326592
Epoch 1/100
400/400 - 513s - loss: 0.1238 - dice_for_iVOI: 0.3998
Epoch 2/100
400/400 - 510s - loss: 0.0667 - dice_for_iVOI: 0.6068
Epoch 3/100
400/400 - 509s - loss: 0.0535 - dice_for_iVOI: 0.6703
Epoch 4/100
400/400 - 510s - loss: 0.0413 - dice_for_iVOI: 0.7500
Epoch 5/100
400/400 - 510s - loss: 0.0276 - dice_for_iVOI: 0.8100
Epoch 6/100
400/400 - 510s - loss: 0.0359 - dice_for_iVOI: 0.7901
Epoch 7/100
400/400 - 510s - loss: 0.0256 - dice_for_iVOI: 0.8418
Epoch 8/100
400/400 - 510s - loss: 0.0188 - dice_for_iVOI: 0.8739
Epoch 9/100
400/400 - 510s - loss: 0.0170 - dice_for_iVOI: 0.8890
Epoch 10/100
400/400 - 510s - loss: 0.0153 - dice_for_iVOI: 0.8934
Epoch 11/100
400/400 - 510s - loss: 0.0322 - dice_for_iVOI: 0.8231
Epoch 12/100
400/400 - 510s - loss: 0.0194 - dice_for_iVOI: 0.8739
Epoch 13/100
400/400 - 510s - loss: 0.0160 - dice_for_iVOI: 0.8911
Epoch 14/100
400/400 - 510s - loss: 0.0254 - dice_for_iVOI: 0.8530
Epoch 15/100
400/400 - 510s - loss: 0.0151 - dice_for_iVOI: 0.9015
Epoch 16/100
400/400 - 510s - loss: 0.0140 - dice_for_iVOI: 0.9059
Epoch 17/100
400/400 - 510s - loss: 0.0148 - dice_for_iVOI: 0.9003
Epoch 18/100
400/400 - 509s - loss: 0.0140 - dice_for_iVOI: 0.9089
Epoch 19/100
400/400 - 510s - loss: 0.0138 - dice_for_iVOI: 0.9054
Epoch 20/100
400/400 - 510s - loss: 0.0282 - dice_for_iVOI: 0.8358
Epoch 21/100
400/400 - 510s - loss: 0.0143 - dice_for_iVOI: 0.9046
Epoch 22/100
400/400 - 510s - loss: 0.0133 - dice_for_iVOI: 0.9087
Epoch 23/100
400/400 - 510s - loss: 0.0139 - dice_for_iVOI: 0.9099
Epoch 24/100
400/400 - 510s - loss: 0.0131 - dice_for_iVOI: 0.9104
Epoch 25/100
400/400 - 510s - loss: 0.0130 - dice_for_iVOI: 0.9108
Epoch 26/100
400/400 - 510s - loss: 0.0128 - dice_for_iVOI: 0.9143
Epoch 27/100
400/400 - 510s - loss: 0.0135 - dice_for_iVOI: 0.9083
Epoch 28/100
400/400 - 510s - loss: 0.0198 - dice_for_iVOI: 0.8827
Epoch 29/100
400/400 - 509s - loss: 0.0136 - dice_for_iVOI: 0.9085
Epoch 30/100
400/400 - 510s - loss: 0.0124 - dice_for_iVOI: 0.9159
Epoch 31/100
400/400 - 510s - loss: 0.0134 - dice_for_iVOI: 0.9113
Epoch 32/100
400/400 - 510s - loss: 0.0162 - dice_for_iVOI: 0.9035
Epoch 33/100
400/400 - 510s - loss: 0.0174 - dice_for_iVOI: 0.8842
Epoch 34/100
400/400 - 510s - loss: 0.0124 - dice_for_iVOI: 0.9102
Epoch 35/100
400/400 - 509s - loss: 0.0147 - dice_for_iVOI: 0.9087
Epoch 36/100
400/400 - 509s - loss: 0.0123 - dice_for_iVOI: 0.9150
Epoch 37/100
400/400 - 510s - loss: 0.0123 - dice_for_iVOI: 0.9189
Epoch 38/100
400/400 - 510s - loss: 0.0120 - dice_for_iVOI: 0.9196
Epoch 39/100
400/400 - 509s - loss: 0.0116 - dice_for_iVOI: 0.9186
Epoch 40/100
400/400 - 510s - loss: 0.0116 - dice_for_iVOI: 0.9203
Epoch 41/100
400/400 - 510s - loss: 0.0121 - dice_for_iVOI: 0.9200
Epoch 42/100
400/400 - 509s - loss: 0.0115 - dice_for_iVOI: 0.9218
Epoch 43/100
400/400 - 510s - loss: 0.0110 - dice_for_iVOI: 0.9203
Epoch 44/100
400/400 - 510s - loss: 0.0119 - dice_for_iVOI: 0.9197
Epoch 45/100
400/400 - 510s - loss: 0.0172 - dice_for_iVOI: 0.8983
Epoch 46/100
400/400 - 510s - loss: 0.0151 - dice_for_iVOI: 0.8997
slurmstepd: error: *** JOB 207010 ON g01 CANCELLED AT 2022-03-01T13:50:48 ***
