Bayesian U-Net
[33mWARNING:[0m NVIDIA binaries may not be bound with --writable
2021-11-24 14:58:38.105008: I tensorflow/stream_executor/platform/default/dso_loader.cc:53] Successfully opened dynamic library libcudart.so.11.0
..data size:(40, 117, 159, 126)
2021-11-24 14:58:43.337251: I tensorflow/stream_executor/platform/default/dso_loader.cc:53] Successfully opened dynamic library libcuda.so.1
2021-11-24 14:58:43.392154: I tensorflow/core/common_runtime/gpu/gpu_device.cc:1734] Found device 0 with properties: 
pciBusID: 0000:3b:00.0 name: A100-PCIE-40GB computeCapability: 8.0
coreClock: 1.41GHz coreCount: 108 deviceMemorySize: 39.59GiB deviceMemoryBandwidth: 1.41TiB/s
2021-11-24 14:58:43.392197: I tensorflow/stream_executor/platform/default/dso_loader.cc:53] Successfully opened dynamic library libcudart.so.11.0
2021-11-24 14:58:43.398950: I tensorflow/stream_executor/platform/default/dso_loader.cc:53] Successfully opened dynamic library libcublas.so.11
2021-11-24 14:58:43.399030: I tensorflow/stream_executor/platform/default/dso_loader.cc:53] Successfully opened dynamic library libcublasLt.so.11
2021-11-24 14:58:43.401823: I tensorflow/stream_executor/platform/default/dso_loader.cc:53] Successfully opened dynamic library libcufft.so.10
2021-11-24 14:58:43.402485: I tensorflow/stream_executor/platform/default/dso_loader.cc:53] Successfully opened dynamic library libcurand.so.10
2021-11-24 14:58:43.403324: I tensorflow/stream_executor/platform/default/dso_loader.cc:53] Successfully opened dynamic library libcusolver.so.11
2021-11-24 14:58:43.404446: I tensorflow/stream_executor/platform/default/dso_loader.cc:53] Successfully opened dynamic library libcusparse.so.11
2021-11-24 14:58:43.404900: I tensorflow/stream_executor/platform/default/dso_loader.cc:53] Successfully opened dynamic library libcudnn.so.8
2021-11-24 14:58:43.408771: I tensorflow/core/common_runtime/gpu/gpu_device.cc:1872] Adding visible gpu devices: 0
2021-11-24 14:58:43.413613: I tensorflow/core/common_runtime/gpu/gpu_device.cc:1734] Found device 0 with properties: 
pciBusID: 0000:3b:00.0 name: A100-PCIE-40GB computeCapability: 8.0
coreClock: 1.41GHz coreCount: 108 deviceMemorySize: 39.59GiB deviceMemoryBandwidth: 1.41TiB/s
2021-11-24 14:58:43.417456: I tensorflow/core/common_runtime/gpu/gpu_device.cc:1872] Adding visible gpu devices: 0
2021-11-24 14:58:43.417494: I tensorflow/stream_executor/platform/default/dso_loader.cc:53] Successfully opened dynamic library libcudart.so.11.0
2021-11-24 14:58:43.886992: I tensorflow/core/common_runtime/gpu/gpu_device.cc:1258] Device interconnect StreamExecutor with strength 1 edge matrix:
2021-11-24 14:58:43.887041: I tensorflow/core/common_runtime/gpu/gpu_device.cc:1264]      0 
2021-11-24 14:58:43.887052: I tensorflow/core/common_runtime/gpu/gpu_device.cc:1277] 0:   N 
2021-11-24 14:58:43.892661: I tensorflow/core/common_runtime/gpu/gpu_device.cc:1418] Created TensorFlow device (/job:localhost/replica:0/task:0/device:GPU:0 with 38184 MB memory) -> physical GPU (device: 0, name: A100-PCIE-40GB, pci bus id: 0000:3b:00.0, compute capability: 8.0)
---------fold--1---------
training set:  [ 8  9 10 11 12 13 14 15 16 17 18 19 20 21 22 23 24 25 26 27 28 29 30 31
 32 33 34 35 36 37 38 39]
training set size:  32
testing set:  [0 1 2 3 4 5 6 7]
testing set size:  8
..generator_len: 400
..training_n_subject: 32
..training_n_patch_per_sub: 326592
2021-11-24 14:58:45.317161: I tensorflow/compiler/mlir/mlir_graph_optimization_pass.cc:176] None of the MLIR Optimization Passes are enabled (registered 2)
2021-11-24 14:58:45.317788: I tensorflow/core/platform/profile_utils/cpu_utils.cc:114] CPU Frequency: 2100000000 Hz
2021-11-24 14:58:47.512756: I tensorflow/stream_executor/platform/default/dso_loader.cc:53] Successfully opened dynamic library libcudnn.so.8
2021-11-24 14:58:48.451587: I tensorflow/stream_executor/cuda/cuda_dnn.cc:380] Loaded cuDNN version 8202
2021-11-24 14:58:49.459821: I tensorflow/stream_executor/platform/default/dso_loader.cc:53] Successfully opened dynamic library libcublas.so.11
2021-11-24 14:58:50.485052: I tensorflow/stream_executor/platform/default/dso_loader.cc:53] Successfully opened dynamic library libcublasLt.so.11
Epoch 1/100
400/400 - 123s - loss: 0.1091 - dice_multi: 0.7233
Epoch 2/100
400/400 - 95s - loss: 0.0667 - dice_multi: 0.8225
Epoch 3/100
400/400 - 95s - loss: 0.0582 - dice_multi: 0.8407
Epoch 4/100
400/400 - 95s - loss: 0.0317 - dice_multi: 0.9124
Epoch 5/100
400/400 - 95s - loss: 0.0251 - dice_multi: 0.9278
Epoch 6/100
400/400 - 95s - loss: 0.0200 - dice_multi: 0.9435
Epoch 7/100
400/400 - 95s - loss: 0.0166 - dice_multi: 0.9522
Epoch 8/100
400/400 - 95s - loss: 0.0156 - dice_multi: 0.9526
Epoch 9/100
400/400 - 95s - loss: 0.0143 - dice_multi: 0.9562
Epoch 10/100
400/400 - 95s - loss: 0.0224 - dice_multi: 0.9345
Epoch 11/100
400/400 - 95s - loss: 0.0144 - dice_multi: 0.9565
Epoch 12/100
400/400 - 95s - loss: 0.0213 - dice_multi: 0.9412
Epoch 13/100
400/400 - 95s - loss: 0.0205 - dice_multi: 0.9404
Epoch 14/100
400/400 - 95s - loss: 0.0146 - dice_multi: 0.9560
Epoch 15/100
400/400 - 95s - loss: 0.0137 - dice_multi: 0.9592
Epoch 16/100
400/400 - 95s - loss: 0.0129 - dice_multi: 0.9611
Epoch 17/100
400/400 - 95s - loss: 0.0134 - dice_multi: 0.9600
Epoch 18/100
400/400 - 95s - loss: 0.0126 - dice_multi: 0.9623
Epoch 19/100
400/400 - 95s - loss: 0.0123 - dice_multi: 0.9638
Epoch 20/100
400/400 - 95s - loss: 0.0117 - dice_multi: 0.9640
Epoch 21/100
400/400 - 95s - loss: 0.0119 - dice_multi: 0.9648
Epoch 22/100
400/400 - 95s - loss: 0.0172 - dice_multi: 0.9518
Epoch 23/100
400/400 - 95s - loss: 0.0139 - dice_multi: 0.9569
Epoch 24/100
400/400 - 95s - loss: 0.0121 - dice_multi: 0.9636
Epoch 25/100
400/400 - 95s - loss: 0.0119 - dice_multi: 0.9656
Epoch 26/100
400/400 - 95s - loss: 0.0208 - dice_multi: 0.9464
Epoch 27/100
400/400 - 95s - loss: 0.0211 - dice_multi: 0.9421
Epoch 28/100
400/400 - 95s - loss: 0.0139 - dice_multi: 0.9589
Epoch 29/100
400/400 - 95s - loss: 0.0130 - dice_multi: 0.9623
Epoch 30/100
400/400 - 95s - loss: 0.0121 - dice_multi: 0.9649
Epoch 31/100
400/400 - 95s - loss: 0.0116 - dice_multi: 0.9651
Epoch 32/100
400/400 - 95s - loss: 0.0114 - dice_multi: 0.9662
Epoch 33/100
400/400 - 95s - loss: 0.0114 - dice_multi: 0.9669
Epoch 34/100
400/400 - 95s - loss: 0.0108 - dice_multi: 0.9672
Epoch 35/100
400/400 - 95s - loss: 0.0214 - dice_multi: 0.9406
Epoch 36/100
400/400 - 95s - loss: 0.0133 - dice_multi: 0.9606
Epoch 37/100
400/400 - 95s - loss: 0.0119 - dice_multi: 0.9659
Epoch 38/100
400/400 - 95s - loss: 0.0110 - dice_multi: 0.9666
Epoch 39/100
400/400 - 95s - loss: 0.0109 - dice_multi: 0.9673
Epoch 40/100
400/400 - 95s - loss: 0.0105 - dice_multi: 0.9671
Epoch 41/100
400/400 - 95s - loss: 0.0106 - dice_multi: 0.9687
Epoch 42/100
400/400 - 95s - loss: 0.0103 - dice_multi: 0.9690
Epoch 43/100
400/400 - 95s - loss: 0.0103 - dice_multi: 0.9698
Epoch 44/100
400/400 - 95s - loss: 0.0099 - dice_multi: 0.9692
Epoch 45/100
400/400 - 95s - loss: 0.0094 - dice_multi: 0.9698
Epoch 46/100
400/400 - 95s - loss: 0.0153 - dice_multi: 0.9568
Epoch 47/100
400/400 - 95s - loss: 0.0113 - dice_multi: 0.9671
Epoch 48/100
400/400 - 95s - loss: 0.0106 - dice_multi: 0.9687
Epoch 49/100
400/400 - 95s - loss: 0.0101 - dice_multi: 0.9698
Epoch 50/100
400/400 - 95s - loss: 0.0097 - dice_multi: 0.9706
Epoch 51/100
400/400 - 95s - loss: 0.0094 - dice_multi: 0.9718
Epoch 52/100
400/400 - 95s - loss: 0.0095 - dice_multi: 0.9709
Epoch 53/100
400/400 - 95s - loss: 0.0095 - dice_multi: 0.9711
Epoch 54/100
400/400 - 95s - loss: 0.0093 - dice_multi: 0.9724
Epoch 55/100
400/400 - 95s - loss: 0.0091 - dice_multi: 0.9724
Epoch 56/100
400/400 - 95s - loss: 0.0092 - dice_multi: 0.9730
Epoch 57/100
400/400 - 95s - loss: 0.0112 - dice_multi: 0.9682
Epoch 58/100
400/400 - 95s - loss: 0.0102 - dice_multi: 0.9705
Epoch 59/100
400/400 - 95s - loss: 0.0087 - dice_multi: 0.9722
Epoch 60/100
400/400 - 95s - loss: 0.0087 - dice_multi: 0.9732
Epoch 61/100
400/400 - 95s - loss: 0.0087 - dice_multi: 0.9743
Epoch 62/100
400/400 - 95s - loss: 0.0087 - dice_multi: 0.9737
Epoch 63/100
400/400 - 95s - loss: 0.0087 - dice_multi: 0.9743
Epoch 64/100
400/400 - 95s - loss: 0.0110 - dice_multi: 0.9677
Epoch 65/100
400/400 - 95s - loss: 0.0088 - dice_multi: 0.9730
Epoch 66/100
400/400 - 95s - loss: 0.0085 - dice_multi: 0.9737
Epoch 67/100
400/400 - 95s - loss: 0.0085 - dice_multi: 0.9743
Epoch 68/100
400/400 - 95s - loss: 0.0084 - dice_multi: 0.9747
Epoch 69/100
400/400 - 95s - loss: 0.0083 - dice_multi: 0.9756
Epoch 70/100
400/400 - 95s - loss: 0.0083 - dice_multi: 0.9755
Epoch 71/100
400/400 - 95s - loss: 0.0081 - dice_multi: 0.9750
Epoch 72/100
400/400 - 95s - loss: 0.0079 - dice_multi: 0.9760
Epoch 73/100
400/400 - 95s - loss: 0.0079 - dice_multi: 0.9755
Epoch 74/100
400/400 - 95s - loss: 0.0081 - dice_multi: 0.9766
Epoch 75/100
400/400 - 95s - loss: 0.0076 - dice_multi: 0.9765
Epoch 76/100
400/400 - 95s - loss: 0.0081 - dice_multi: 0.9758
Epoch 77/100
400/400 - 95s - loss: 0.0079 - dice_multi: 0.9766
Epoch 78/100
400/400 - 95s - loss: 0.0078 - dice_multi: 0.9768
Epoch 79/100
400/400 - 95s - loss: 0.0077 - dice_multi: 0.9770
Epoch 80/100
400/400 - 95s - loss: 0.0075 - dice_multi: 0.9772
Epoch 81/100
400/400 - 95s - loss: 0.0074 - dice_multi: 0.9772
Epoch 82/100
400/400 - 95s - loss: 0.0073 - dice_multi: 0.9773
Epoch 83/100
400/400 - 95s - loss: 0.0074 - dice_multi: 0.9775
Epoch 84/100
400/400 - 95s - loss: 0.0074 - dice_multi: 0.9782
Epoch 85/100
400/400 - 95s - loss: 0.0071 - dice_multi: 0.9777
Epoch 86/100
400/400 - 95s - loss: 0.0076 - dice_multi: 0.9784
Epoch 87/100
400/400 - 95s - loss: 0.0074 - dice_multi: 0.9782
Epoch 88/100
400/400 - 95s - loss: 0.0077 - dice_multi: 0.9770
Epoch 89/100
400/400 - 95s - loss: 0.0119 - dice_multi: 0.9678
Epoch 90/100
400/400 - 95s - loss: 0.0085 - dice_multi: 0.9746
Epoch 91/100
400/400 - 95s - loss: 0.0078 - dice_multi: 0.9770
Epoch 92/100
400/400 - 95s - loss: 0.0074 - dice_multi: 0.9774
Epoch 93/100
400/400 - 95s - loss: 0.0072 - dice_multi: 0.9784
Epoch 94/100
400/400 - 95s - loss: 0.0074 - dice_multi: 0.9784
Epoch 95/100
400/400 - 95s - loss: 0.0072 - dice_multi: 0.9786
Epoch 96/100
400/400 - 95s - loss: 0.0069 - dice_multi: 0.9790
Epoch 97/100
400/400 - 95s - loss: 0.0076 - dice_multi: 0.9769
Epoch 98/100
400/400 - 95s - loss: 0.0072 - dice_multi: 0.9790
Epoch 99/100
400/400 - 95s - loss: 0.0077 - dice_multi: 0.9772
Epoch 100/100
400/400 - 95s - loss: 0.0069 - dice_multi: 0.9792
2021-11-24 17:37:17.098315: I tensorflow/stream_executor/cuda/cuda_blas.cc:1839] TensorFloat-32 will be used for the matrix multiplication. This will only be logged once.
training time: 9506.707080602646
executation time:21.136708945035934
---------fold--2---------
training set:  [ 0  1  2  3  4  5  6  7 16 17 18 19 20 21 22 23 24 25 26 27 28 29 30 31
 32 33 34 35 36 37 38 39]
training set size:  32
testing set:  [ 8  9 10 11 12 13 14 15]
testing set size:  8
..generator_len: 400
..training_n_subject: 32
..training_n_patch_per_sub: 326592
Epoch 1/100
400/400 - 97s - loss: 0.1066 - dice_multi: 0.7348
Epoch 2/100
400/400 - 95s - loss: 0.0630 - dice_multi: 0.8311
Epoch 3/100
400/400 - 95s - loss: 0.0319 - dice_multi: 0.9066
Epoch 4/100
400/400 - 95s - loss: 0.0343 - dice_multi: 0.9065
Epoch 5/100
400/400 - 95s - loss: 0.0267 - dice_multi: 0.9241
Epoch 6/100
400/400 - 95s - loss: 0.0200 - dice_multi: 0.9416
Epoch 7/100
400/400 - 95s - loss: 0.0181 - dice_multi: 0.9460
Epoch 8/100
400/400 - 95s - loss: 0.0295 - dice_multi: 0.9181
Epoch 9/100
400/400 - 95s - loss: 0.0324 - dice_multi: 0.9118
Epoch 10/100
400/400 - 95s - loss: 0.0184 - dice_multi: 0.9441
Epoch 11/100
400/400 - 95s - loss: 0.0166 - dice_multi: 0.9519
Epoch 12/100
400/400 - 95s - loss: 0.0168 - dice_multi: 0.9515
Epoch 13/100
400/400 - 95s - loss: 0.0162 - dice_multi: 0.9549
Epoch 14/100
400/400 - 95s - loss: 0.0143 - dice_multi: 0.9569
Epoch 15/100
400/400 - 95s - loss: 0.0143 - dice_multi: 0.9569
Epoch 16/100
400/400 - 95s - loss: 0.0139 - dice_multi: 0.9583
Epoch 17/100
400/400 - 95s - loss: 0.0145 - dice_multi: 0.9568
Epoch 18/100
400/400 - 95s - loss: 0.0159 - dice_multi: 0.9530
Epoch 19/100
400/400 - 95s - loss: 0.0138 - dice_multi: 0.9601
Epoch 20/100
400/400 - 95s - loss: 0.0129 - dice_multi: 0.9616
Epoch 21/100
400/400 - 95s - loss: 0.0129 - dice_multi: 0.9619
Epoch 22/100
400/400 - 95s - loss: 0.0233 - dice_multi: 0.9353
Epoch 23/100
400/400 - 95s - loss: 0.0265 - dice_multi: 0.9260
Epoch 24/100
400/400 - 95s - loss: 0.0174 - dice_multi: 0.9497
Epoch 25/100
400/400 - 95s - loss: 0.0143 - dice_multi: 0.9573
Epoch 26/100
400/400 - 95s - loss: 0.0134 - dice_multi: 0.9605
Epoch 27/100
400/400 - 95s - loss: 0.0135 - dice_multi: 0.9603
Epoch 28/100
400/400 - 95s - loss: 0.0125 - dice_multi: 0.9623
Epoch 29/100
400/400 - 95s - loss: 0.0127 - dice_multi: 0.9621
Epoch 30/100
400/400 - 95s - loss: 0.0123 - dice_multi: 0.9640
Epoch 31/100
400/400 - 95s - loss: 0.0120 - dice_multi: 0.9640
Epoch 32/100
400/400 - 95s - loss: 0.0122 - dice_multi: 0.9614
Epoch 33/100
400/400 - 95s - loss: 0.0120 - dice_multi: 0.9644
Epoch 34/100
400/400 - 95s - loss: 0.0114 - dice_multi: 0.9661
Epoch 35/100
400/400 - 95s - loss: 0.0113 - dice_multi: 0.9659
Epoch 36/100
400/400 - 95s - loss: 0.0112 - dice_multi: 0.9664
Epoch 37/100
400/400 - 95s - loss: 0.0145 - dice_multi: 0.9606
Epoch 38/100
400/400 - 95s - loss: 0.0170 - dice_multi: 0.9522
Epoch 39/100
400/400 - 95s - loss: 0.0124 - dice_multi: 0.9629
Epoch 40/100
400/400 - 95s - loss: 0.0149 - dice_multi: 0.9589
Epoch 41/100
400/400 - 95s - loss: 0.0114 - dice_multi: 0.9651
Epoch 42/100
400/400 - 95s - loss: 0.0108 - dice_multi: 0.9656
Epoch 43/100
400/400 - 95s - loss: 0.0109 - dice_multi: 0.9660
Epoch 44/100
400/400 - 95s - loss: 0.0106 - dice_multi: 0.9671
Epoch 45/100
400/400 - 95s - loss: 0.0152 - dice_multi: 0.9569
Epoch 46/100
400/400 - 95s - loss: 0.0114 - dice_multi: 0.9662
Epoch 47/100
400/400 - 95s - loss: 0.0112 - dice_multi: 0.9678
Epoch 48/100
400/400 - 95s - loss: 0.0106 - dice_multi: 0.9670
Epoch 49/100
400/400 - 95s - loss: 0.0102 - dice_multi: 0.9679
Epoch 50/100
400/400 - 95s - loss: 0.0102 - dice_multi: 0.9689
Epoch 51/100
400/400 - 95s - loss: 0.0105 - dice_multi: 0.9696
Epoch 52/100
400/400 - 95s - loss: 0.0103 - dice_multi: 0.9696
Epoch 53/100
400/400 - 95s - loss: 0.0100 - dice_multi: 0.9705
Epoch 54/100
400/400 - 95s - loss: 0.0102 - dice_multi: 0.9696
Epoch 55/100
400/400 - 95s - loss: 0.0128 - dice_multi: 0.9630
Epoch 56/100
400/400 - 95s - loss: 0.0185 - dice_multi: 0.9481
Epoch 57/100
400/400 - 95s - loss: 0.0120 - dice_multi: 0.9648
Epoch 58/100
400/400 - 95s - loss: 0.0106 - dice_multi: 0.9676
Epoch 59/100
400/400 - 95s - loss: 0.0106 - dice_multi: 0.9682
Epoch 60/100
400/400 - 95s - loss: 0.0101 - dice_multi: 0.9693
Epoch 61/100
400/400 - 95s - loss: 0.0099 - dice_multi: 0.9702
Epoch 62/100
400/400 - 95s - loss: 0.0096 - dice_multi: 0.9705
Epoch 63/100
400/400 - 95s - loss: 0.0099 - dice_multi: 0.9710
Epoch 64/100
400/400 - 95s - loss: 0.0095 - dice_multi: 0.9712
Epoch 65/100
400/400 - 95s - loss: 0.0097 - dice_multi: 0.9716
Epoch 66/100
400/400 - 95s - loss: 0.0095 - dice_multi: 0.9722
Epoch 67/100
400/400 - 95s - loss: 0.0096 - dice_multi: 0.9720
Epoch 68/100
400/400 - 95s - loss: 0.0092 - dice_multi: 0.9729
Epoch 69/100
400/400 - 95s - loss: 0.0092 - dice_multi: 0.9723
Epoch 70/100
400/400 - 95s - loss: 0.0090 - dice_multi: 0.9727
Epoch 71/100
400/400 - 95s - loss: 0.0092 - dice_multi: 0.9718
Epoch 72/100
400/400 - 95s - loss: 0.0090 - dice_multi: 0.9731
Epoch 73/100
400/400 - 95s - loss: 0.0149 - dice_multi: 0.9573
Epoch 74/100
400/400 - 95s - loss: 0.0098 - dice_multi: 0.9696
Epoch 75/100
400/400 - 95s - loss: 0.0094 - dice_multi: 0.9713
Epoch 76/100
400/400 - 95s - loss: 0.0090 - dice_multi: 0.9722
Epoch 77/100
400/400 - 95s - loss: 0.0089 - dice_multi: 0.9735
Epoch 78/100
400/400 - 95s - loss: 0.0089 - dice_multi: 0.9739
Epoch 79/100
400/400 - 95s - loss: 0.0086 - dice_multi: 0.9734
Epoch 80/100
400/400 - 95s - loss: 0.0089 - dice_multi: 0.9741
Epoch 81/100
400/400 - 95s - loss: 0.0087 - dice_multi: 0.9745
Epoch 82/100
400/400 - 95s - loss: 0.0086 - dice_multi: 0.9746
Epoch 83/100
400/400 - 95s - loss: 0.0085 - dice_multi: 0.9743
Epoch 84/100
400/400 - 95s - loss: 0.0085 - dice_multi: 0.9748
Epoch 85/100
400/400 - 95s - loss: 0.0085 - dice_multi: 0.9750
Epoch 86/100
400/400 - 95s - loss: 0.0084 - dice_multi: 0.9755
Epoch 87/100
400/400 - 95s - loss: 0.0083 - dice_multi: 0.9749
Epoch 88/100
400/400 - 95s - loss: 0.0083 - dice_multi: 0.9750
Epoch 89/100
400/400 - 95s - loss: 0.0085 - dice_multi: 0.9751
Epoch 90/100
400/400 - 95s - loss: 0.0086 - dice_multi: 0.9750
Epoch 91/100
400/400 - 95s - loss: 0.0083 - dice_multi: 0.9751
Epoch 92/100
400/400 - 95s - loss: 0.0081 - dice_multi: 0.9758
Epoch 93/100
400/400 - 95s - loss: 0.0079 - dice_multi: 0.9754
Epoch 94/100
400/400 - 95s - loss: 0.0079 - dice_multi: 0.9765
Epoch 95/100
400/400 - 95s - loss: 0.0080 - dice_multi: 0.9751
Epoch 96/100
400/400 - 95s - loss: 0.0075 - dice_multi: 0.9764
Epoch 97/100
400/400 - 95s - loss: 0.0075 - dice_multi: 0.9766
Epoch 98/100
400/400 - 95s - loss: 0.0080 - dice_multi: 0.9765
Epoch 99/100
400/400 - 95s - loss: 0.0081 - dice_multi: 0.9754
Epoch 100/100
400/400 - 95s - loss: 0.0077 - dice_multi: 0.9768
training time: 9493.623131275177
executation time:22.004813075065613
---------fold--3---------
training set:  [ 0  1  2  3  4  5  6  7  8  9 10 11 12 13 14 15 24 25 26 27 28 29 30 31
 32 33 34 35 36 37 38 39]
training set size:  32
testing set:  [16 17 18 19 20 21 22 23]
testing set size:  8
..generator_len: 400
..training_n_subject: 32
..training_n_patch_per_sub: 326592
Epoch 1/100
400/400 - 97s - loss: 0.1084 - dice_multi: 0.7309
Epoch 2/100
400/400 - 95s - loss: 0.0699 - dice_multi: 0.8213
Epoch 3/100
400/400 - 95s - loss: 0.0530 - dice_multi: 0.8583
Epoch 4/100
400/400 - 95s - loss: 0.0328 - dice_multi: 0.9108
Epoch 5/100
400/400 - 95s - loss: 0.0263 - dice_multi: 0.9298
Epoch 6/100
400/400 - 95s - loss: 0.0293 - dice_multi: 0.9202
Epoch 7/100
400/400 - 95s - loss: 0.0229 - dice_multi: 0.9343
Epoch 8/100
400/400 - 95s - loss: 0.0187 - dice_multi: 0.9465
Epoch 9/100
400/400 - 95s - loss: 0.0165 - dice_multi: 0.9522
Epoch 10/100
400/400 - 95s - loss: 0.0159 - dice_multi: 0.9532
Epoch 11/100
400/400 - 95s - loss: 0.0175 - dice_multi: 0.9509
Epoch 12/100
400/400 - 95s - loss: 0.0180 - dice_multi: 0.9492
Epoch 13/100
400/400 - 95s - loss: 0.0320 - dice_multi: 0.9171
Epoch 14/100
400/400 - 95s - loss: 0.0170 - dice_multi: 0.9497
Epoch 15/100
400/400 - 95s - loss: 0.0185 - dice_multi: 0.9489
Epoch 16/100
400/400 - 95s - loss: 0.0152 - dice_multi: 0.9544
Epoch 17/100
400/400 - 95s - loss: 0.0142 - dice_multi: 0.9561
Epoch 18/100
400/400 - 95s - loss: 0.0138 - dice_multi: 0.9597
Epoch 19/100
400/400 - 95s - loss: 0.0145 - dice_multi: 0.9593
Epoch 20/100
400/400 - 95s - loss: 0.0140 - dice_multi: 0.9586
Epoch 21/100
400/400 - 95s - loss: 0.0145 - dice_multi: 0.9571
Epoch 22/100
400/400 - 95s - loss: 0.0170 - dice_multi: 0.9511
Epoch 23/100
400/400 - 95s - loss: 0.0144 - dice_multi: 0.9582
Epoch 24/100
400/400 - 95s - loss: 0.0179 - dice_multi: 0.9495
Epoch 25/100
400/400 - 95s - loss: 0.0135 - dice_multi: 0.9597
Epoch 26/100
400/400 - 95s - loss: 0.0133 - dice_multi: 0.9631
Epoch 27/100
400/400 - 95s - loss: 0.0130 - dice_multi: 0.9627
Epoch 28/100
400/400 - 95s - loss: 0.0125 - dice_multi: 0.9633
Epoch 29/100
400/400 - 95s - loss: 0.0120 - dice_multi: 0.9638
Epoch 30/100
400/400 - 95s - loss: 0.0122 - dice_multi: 0.9641
Epoch 31/100
400/400 - 95s - loss: 0.0117 - dice_multi: 0.9644
Epoch 32/100
400/400 - 95s - loss: 0.0114 - dice_multi: 0.9650
Epoch 33/100
400/400 - 95s - loss: 0.0243 - dice_multi: 0.9350
Epoch 34/100
400/400 - 95s - loss: 0.0136 - dice_multi: 0.9580
Epoch 35/100
400/400 - 95s - loss: 0.0129 - dice_multi: 0.9623
Epoch 36/100
400/400 - 95s - loss: 0.0121 - dice_multi: 0.9643
Epoch 37/100
400/400 - 95s - loss: 0.0118 - dice_multi: 0.9646
Epoch 38/100
400/400 - 95s - loss: 0.0118 - dice_multi: 0.9662
Epoch 39/100
400/400 - 95s - loss: 0.0118 - dice_multi: 0.9662
Epoch 40/100
400/400 - 95s - loss: 0.0113 - dice_multi: 0.9669
Epoch 41/100
400/400 - 95s - loss: 0.0113 - dice_multi: 0.9671
Epoch 42/100
400/400 - 95s - loss: 0.0111 - dice_multi: 0.9671
Epoch 43/100
400/400 - 95s - loss: 0.0110 - dice_multi: 0.9677
Epoch 44/100
400/400 - 95s - loss: 0.0107 - dice_multi: 0.9678
Epoch 45/100
400/400 - 95s - loss: 0.0104 - dice_multi: 0.9698
Epoch 46/100
400/400 - 95s - loss: 0.0105 - dice_multi: 0.9695
Epoch 47/100
400/400 - 95s - loss: 0.0161 - dice_multi: 0.9546
Epoch 48/100
400/400 - 95s - loss: 0.0128 - dice_multi: 0.9623
Epoch 49/100
400/400 - 95s - loss: 0.0113 - dice_multi: 0.9669
Epoch 50/100
400/400 - 95s - loss: 0.0106 - dice_multi: 0.9686
Epoch 51/100
400/400 - 95s - loss: 0.0107 - dice_multi: 0.9691
Epoch 52/100
400/400 - 95s - loss: 0.0102 - dice_multi: 0.9702
Epoch 53/100
400/400 - 95s - loss: 0.0103 - dice_multi: 0.9704
Epoch 54/100
400/400 - 95s - loss: 0.0098 - dice_multi: 0.9707
Epoch 55/100
400/400 - 95s - loss: 0.0098 - dice_multi: 0.9706
Epoch 56/100
400/400 - 95s - loss: 0.0096 - dice_multi: 0.9711
Epoch 57/100
400/400 - 95s - loss: 0.0099 - dice_multi: 0.9710
Epoch 58/100
400/400 - 95s - loss: 0.0095 - dice_multi: 0.9713
Epoch 59/100
400/400 - 95s - loss: 0.0115 - dice_multi: 0.9677
Epoch 60/100
400/400 - 95s - loss: 0.0096 - dice_multi: 0.9707
Epoch 61/100
400/400 - 95s - loss: 0.0094 - dice_multi: 0.9718
Epoch 62/100
400/400 - 95s - loss: 0.0097 - dice_multi: 0.9728
Epoch 63/100
400/400 - 95s - loss: 0.0092 - dice_multi: 0.9733
Epoch 64/100
400/400 - 95s - loss: 0.0092 - dice_multi: 0.9733
Epoch 65/100
400/400 - 95s - loss: 0.0090 - dice_multi: 0.9726
Epoch 66/100
400/400 - 95s - loss: 0.0087 - dice_multi: 0.9737
Epoch 67/100
400/400 - 95s - loss: 0.0088 - dice_multi: 0.9732
Epoch 68/100
400/400 - 95s - loss: 0.0087 - dice_multi: 0.9737
Epoch 69/100
400/400 - 95s - loss: 0.0112 - dice_multi: 0.9677
Epoch 70/100
400/400 - 95s - loss: 0.0095 - dice_multi: 0.9724
Epoch 71/100
400/400 - 95s - loss: 0.0090 - dice_multi: 0.9730
Epoch 72/100
400/400 - 95s - loss: 0.0087 - dice_multi: 0.9744
Epoch 73/100
400/400 - 95s - loss: 0.0085 - dice_multi: 0.9748
Epoch 74/100
400/400 - 95s - loss: 0.0091 - dice_multi: 0.9730
Epoch 75/100
400/400 - 95s - loss: 0.0084 - dice_multi: 0.9748
Epoch 76/100
400/400 - 95s - loss: 0.0084 - dice_multi: 0.9750
Epoch 77/100
400/400 - 95s - loss: 0.0086 - dice_multi: 0.9752
Epoch 78/100
400/400 - 95s - loss: 0.0087 - dice_multi: 0.9741
Epoch 79/100
400/400 - 95s - loss: 0.0084 - dice_multi: 0.9757
Epoch 80/100
400/400 - 95s - loss: 0.0095 - dice_multi: 0.9722
Epoch 81/100
400/400 - 95s - loss: 0.0116 - dice_multi: 0.9670
Epoch 82/100
400/400 - 95s - loss: 0.0088 - dice_multi: 0.9742
Epoch 83/100
400/400 - 95s - loss: 0.0084 - dice_multi: 0.9748
Epoch 84/100
400/400 - 95s - loss: 0.0084 - dice_multi: 0.9753
Epoch 85/100
400/400 - 95s - loss: 0.0082 - dice_multi: 0.9757
Epoch 86/100
400/400 - 95s - loss: 0.0083 - dice_multi: 0.9757
Epoch 87/100
400/400 - 95s - loss: 0.0081 - dice_multi: 0.9760
Epoch 88/100
400/400 - 95s - loss: 0.0079 - dice_multi: 0.9761
Epoch 89/100
400/400 - 95s - loss: 0.0080 - dice_multi: 0.9764
Epoch 90/100
400/400 - 95s - loss: 0.0081 - dice_multi: 0.9764
Epoch 91/100
400/400 - 95s - loss: 0.0077 - dice_multi: 0.9768
Epoch 92/100
400/400 - 95s - loss: 0.0074 - dice_multi: 0.9767
Epoch 93/100
400/400 - 95s - loss: 0.0081 - dice_multi: 0.9765
Epoch 94/100
400/400 - 95s - loss: 0.0079 - dice_multi: 0.9771
Epoch 95/100
400/400 - 95s - loss: 0.0078 - dice_multi: 0.9774
Epoch 96/100
400/400 - 95s - loss: 0.0079 - dice_multi: 0.9772
Epoch 97/100
400/400 - 95s - loss: 0.0077 - dice_multi: 0.9774
Epoch 98/100
400/400 - 95s - loss: 0.0076 - dice_multi: 0.9779
Epoch 99/100
400/400 - 95s - loss: 0.0074 - dice_multi: 0.9776
Epoch 100/100
400/400 - 95s - loss: 0.0072 - dice_multi: 0.9779
training time: 9501.29999756813
executation time:21.695641100406647
---------fold--4---------
training set:  [ 0  1  2  3  4  5  6  7  8  9 10 11 12 13 14 15 16 17 18 19 20 21 22 23
 32 33 34 35 36 37 38 39]
training set size:  32
testing set:  [24 25 26 27 28 29 30 31]
testing set size:  8
..generator_len: 400
..training_n_subject: 32
..training_n_patch_per_sub: 326592
Epoch 1/100
400/400 - 97s - loss: 0.1217 - dice_multi: 0.7266
Epoch 2/100
400/400 - 95s - loss: 0.0679 - dice_multi: 0.8283
Epoch 3/100
400/400 - 95s - loss: 0.0450 - dice_multi: 0.8818
Epoch 4/100
400/400 - 95s - loss: 0.0356 - dice_multi: 0.9048
Epoch 5/100
400/400 - 95s - loss: 0.0212 - dice_multi: 0.9423
Epoch 6/100
400/400 - 95s - loss: 0.0297 - dice_multi: 0.9210
Epoch 7/100
400/400 - 95s - loss: 0.0191 - dice_multi: 0.9455
Epoch 8/100
400/400 - 95s - loss: 0.0198 - dice_multi: 0.9472
Epoch 9/100
400/400 - 95s - loss: 0.0219 - dice_multi: 0.9405
Epoch 10/100
400/400 - 95s - loss: 0.0156 - dice_multi: 0.9564
Epoch 11/100
400/400 - 95s - loss: 0.0154 - dice_multi: 0.9586
Epoch 12/100
400/400 - 95s - loss: 0.0273 - dice_multi: 0.9284
Epoch 13/100
400/400 - 95s - loss: 0.0166 - dice_multi: 0.9542
Epoch 14/100
400/400 - 95s - loss: 0.0156 - dice_multi: 0.9591
Epoch 15/100
400/400 - 95s - loss: 0.0138 - dice_multi: 0.9615
Epoch 16/100
400/400 - 95s - loss: 0.0149 - dice_multi: 0.9578
Epoch 17/100
400/400 - 95s - loss: 0.0160 - dice_multi: 0.9538
Epoch 18/100
400/400 - 95s - loss: 0.0133 - dice_multi: 0.9628
Epoch 19/100
400/400 - 95s - loss: 0.0129 - dice_multi: 0.9624
Epoch 20/100
400/400 - 95s - loss: 0.0133 - dice_multi: 0.9634
Epoch 21/100
400/400 - 95s - loss: 0.0124 - dice_multi: 0.9644
Epoch 22/100
400/400 - 95s - loss: 0.0209 - dice_multi: 0.9448
Epoch 23/100
400/400 - 95s - loss: 0.0189 - dice_multi: 0.9502
Epoch 24/100
400/400 - 95s - loss: 0.0145 - dice_multi: 0.9585
Epoch 25/100
400/400 - 95s - loss: 0.0130 - dice_multi: 0.9635
Epoch 26/100
400/400 - 95s - loss: 0.0124 - dice_multi: 0.9644
Epoch 27/100
400/400 - 95s - loss: 0.0118 - dice_multi: 0.9654
Epoch 28/100
400/400 - 95s - loss: 0.0116 - dice_multi: 0.9667
Epoch 29/100
400/400 - 95s - loss: 0.0115 - dice_multi: 0.9669
Epoch 30/100
400/400 - 95s - loss: 0.0118 - dice_multi: 0.9675
Epoch 31/100
400/400 - 95s - loss: 0.0107 - dice_multi: 0.9682
Epoch 32/100
400/400 - 95s - loss: 0.0109 - dice_multi: 0.9687
Epoch 33/100
400/400 - 95s - loss: 0.0192 - dice_multi: 0.9471
Epoch 34/100
400/400 - 95s - loss: 0.0135 - dice_multi: 0.9610
Epoch 35/100
400/400 - 95s - loss: 0.0119 - dice_multi: 0.9663
Epoch 36/100
400/400 - 95s - loss: 0.0112 - dice_multi: 0.9679
Epoch 37/100
400/400 - 95s - loss: 0.0109 - dice_multi: 0.9691
Epoch 38/100
400/400 - 95s - loss: 0.0105 - dice_multi: 0.9692
Epoch 39/100
400/400 - 95s - loss: 0.0105 - dice_multi: 0.9694
Epoch 40/100
400/400 - 95s - loss: 0.0105 - dice_multi: 0.9701
Epoch 41/100
400/400 - 95s - loss: 0.0103 - dice_multi: 0.9704
Epoch 42/100
400/400 - 95s - loss: 0.0100 - dice_multi: 0.9712
Epoch 43/100
400/400 - 95s - loss: 0.0098 - dice_multi: 0.9716
Epoch 44/100
400/400 - 95s - loss: 0.0096 - dice_multi: 0.9723
Epoch 45/100
400/400 - 95s - loss: 0.0099 - dice_multi: 0.9724
Epoch 46/100
400/400 - 95s - loss: 0.0098 - dice_multi: 0.9721
Epoch 47/100
400/400 - 95s - loss: 0.0095 - dice_multi: 0.9729
Epoch 48/100
400/400 - 95s - loss: 0.0172 - dice_multi: 0.9557
Epoch 49/100
400/400 - 95s - loss: 0.0123 - dice_multi: 0.9654
Epoch 50/100
400/400 - 95s - loss: 0.0099 - dice_multi: 0.9706
Epoch 51/100
400/400 - 95s - loss: 0.0101 - dice_multi: 0.9706
Epoch 52/100
400/400 - 95s - loss: 0.0094 - dice_multi: 0.9734
Epoch 53/100
400/400 - 95s - loss: 0.0092 - dice_multi: 0.9737
Epoch 54/100
400/400 - 95s - loss: 0.0093 - dice_multi: 0.9736
Epoch 55/100
400/400 - 95s - loss: 0.0090 - dice_multi: 0.9743
Epoch 56/100
400/400 - 95s - loss: 0.0091 - dice_multi: 0.9736
Epoch 57/100
400/400 - 95s - loss: 0.0090 - dice_multi: 0.9747
Epoch 58/100
400/400 - 95s - loss: 0.0086 - dice_multi: 0.9749
Epoch 59/100
400/400 - 95s - loss: 0.0091 - dice_multi: 0.9745
Epoch 60/100
400/400 - 95s - loss: 0.0087 - dice_multi: 0.9753
Epoch 61/100
400/400 - 95s - loss: 0.0085 - dice_multi: 0.9751
Epoch 62/100
400/400 - 95s - loss: 0.0130 - dice_multi: 0.9640
Epoch 63/100
400/400 - 95s - loss: 0.0102 - dice_multi: 0.9710
Epoch 64/100
400/400 - 95s - loss: 0.0091 - dice_multi: 0.9742
Epoch 65/100
400/400 - 95s - loss: 0.0087 - dice_multi: 0.9751
Epoch 66/100
400/400 - 95s - loss: 0.0131 - dice_multi: 0.9660
Epoch 67/100
400/400 - 95s - loss: 0.0092 - dice_multi: 0.9735
Epoch 68/100
400/400 - 95s - loss: 0.0088 - dice_multi: 0.9752
Epoch 69/100
400/400 - 95s - loss: 0.0085 - dice_multi: 0.9755
Epoch 70/100
400/400 - 95s - loss: 0.0083 - dice_multi: 0.9761
Epoch 71/100
400/400 - 95s - loss: 0.0085 - dice_multi: 0.9758
Epoch 72/100
400/400 - 95s - loss: 0.0084 - dice_multi: 0.9765
Epoch 73/100
400/400 - 95s - loss: 0.0082 - dice_multi: 0.9773
Epoch 74/100
400/400 - 95s - loss: 0.0080 - dice_multi: 0.9763
Epoch 75/100
400/400 - 95s - loss: 0.0082 - dice_multi: 0.9762
Epoch 76/100
400/400 - 95s - loss: 0.0082 - dice_multi: 0.9773
Epoch 77/100
400/400 - 95s - loss: 0.0082 - dice_multi: 0.9768
Epoch 78/100
400/400 - 95s - loss: 0.0078 - dice_multi: 0.9771
Epoch 79/100
400/400 - 95s - loss: 0.0078 - dice_multi: 0.9767
Epoch 80/100
400/400 - 95s - loss: 0.0078 - dice_multi: 0.9771
Epoch 81/100
400/400 - 95s - loss: 0.0078 - dice_multi: 0.9782
Epoch 82/100
400/400 - 95s - loss: 0.0076 - dice_multi: 0.9774
Epoch 83/100
400/400 - 95s - loss: 0.0085 - dice_multi: 0.9765
Epoch 84/100
400/400 - 95s - loss: 0.0082 - dice_multi: 0.9764
Epoch 85/100
400/400 - 95s - loss: 0.0075 - dice_multi: 0.9776
Epoch 86/100
400/400 - 95s - loss: 0.0078 - dice_multi: 0.9779
Epoch 87/100
400/400 - 95s - loss: 0.0075 - dice_multi: 0.9793
Epoch 88/100
400/400 - 95s - loss: 0.0102 - dice_multi: 0.9742
Epoch 89/100
400/400 - 95s - loss: 0.0158 - dice_multi: 0.9596
Epoch 90/100
400/400 - 95s - loss: 0.0094 - dice_multi: 0.9731
Epoch 91/100
400/400 - 95s - loss: 0.0083 - dice_multi: 0.9754
Epoch 92/100
400/400 - 95s - loss: 0.0079 - dice_multi: 0.9770
Epoch 93/100
400/400 - 95s - loss: 0.0077 - dice_multi: 0.9774
Epoch 94/100
400/400 - 95s - loss: 0.0077 - dice_multi: 0.9779
Epoch 95/100
400/400 - 95s - loss: 0.0075 - dice_multi: 0.9781
Epoch 96/100
400/400 - 95s - loss: 0.0075 - dice_multi: 0.9783
Epoch 97/100
400/400 - 95s - loss: 0.0076 - dice_multi: 0.9784
Epoch 98/100
400/400 - 95s - loss: 0.0075 - dice_multi: 0.9787
Epoch 99/100
400/400 - 95s - loss: 0.0075 - dice_multi: 0.9792
Epoch 100/100
400/400 - 95s - loss: 0.0071 - dice_multi: 0.9786
training time: 9488.233381271362
executation time:22.21827358007431
---------fold--5---------
training set:  [ 0  1  2  3  4  5  6  7  8  9 10 11 12 13 14 15 16 17 18 19 20 21 22 23
 24 25 26 27 28 29 30 31]
training set size:  32
testing set:  [32 33 34 35 36 37 38 39]
testing set size:  8
..generator_len: 400
..training_n_subject: 32
..training_n_patch_per_sub: 326592
Epoch 1/100
400/400 - 97s - loss: 0.0819 - dice_multi: 0.7625
Epoch 2/100
400/400 - 95s - loss: 0.0297 - dice_multi: 0.8970
Epoch 3/100
400/400 - 95s - loss: 0.0232 - dice_multi: 0.9227
Epoch 4/100
400/400 - 95s - loss: 0.0173 - dice_multi: 0.9400
Epoch 5/100
400/400 - 95s - loss: 0.0151 - dice_multi: 0.9467
Epoch 6/100
400/400 - 95s - loss: 0.0183 - dice_multi: 0.9398
Epoch 7/100
400/400 - 95s - loss: 0.0157 - dice_multi: 0.9466
Epoch 8/100
400/400 - 95s - loss: 0.0132 - dice_multi: 0.9532
Epoch 9/100
400/400 - 95s - loss: 0.0136 - dice_multi: 0.9524
Epoch 10/100
400/400 - 95s - loss: 0.0142 - dice_multi: 0.9503
Epoch 11/100
400/400 - 95s - loss: 0.0126 - dice_multi: 0.9564
Epoch 12/100
400/400 - 95s - loss: 0.0119 - dice_multi: 0.9590
Epoch 13/100
400/400 - 95s - loss: 0.0113 - dice_multi: 0.9606
Epoch 14/100
400/400 - 95s - loss: 0.0161 - dice_multi: 0.9458
Epoch 15/100
400/400 - 95s - loss: 0.0114 - dice_multi: 0.9607
Epoch 16/100
400/400 - 95s - loss: 0.0118 - dice_multi: 0.9595
Epoch 17/100
400/400 - 95s - loss: 0.0142 - dice_multi: 0.9512
Epoch 18/100
400/400 - 95s - loss: 0.0110 - dice_multi: 0.9614
Epoch 19/100
400/400 - 95s - loss: 0.0107 - dice_multi: 0.9631
Epoch 20/100
400/400 - 95s - loss: 0.0102 - dice_multi: 0.9638
Epoch 21/100
400/400 - 95s - loss: 0.0099 - dice_multi: 0.9655
Epoch 22/100
400/400 - 95s - loss: 0.0097 - dice_multi: 0.9662
Epoch 23/100
400/400 - 95s - loss: 0.0094 - dice_multi: 0.9667
Epoch 24/100
400/400 - 95s - loss: 0.0104 - dice_multi: 0.9651
Epoch 25/100
400/400 - 95s - loss: 0.0095 - dice_multi: 0.9673
Epoch 26/100
400/400 - 95s - loss: 0.0092 - dice_multi: 0.9686
Epoch 27/100
400/400 - 95s - loss: 0.0088 - dice_multi: 0.9697
Epoch 28/100
400/400 - 95s - loss: 0.0084 - dice_multi: 0.9699
Epoch 29/100
400/400 - 95s - loss: 0.0156 - dice_multi: 0.9480
Epoch 30/100
400/400 - 95s - loss: 0.0108 - dice_multi: 0.9634
Epoch 31/100
400/400 - 95s - loss: 0.0095 - dice_multi: 0.9673
Epoch 32/100
400/400 - 95s - loss: 0.0089 - dice_multi: 0.9686
Epoch 33/100
400/400 - 95s - loss: 0.0086 - dice_multi: 0.9696
Epoch 34/100
400/400 - 95s - loss: 0.0082 - dice_multi: 0.9708
Epoch 35/100
400/400 - 95s - loss: 0.0080 - dice_multi: 0.9709
Epoch 36/100
400/400 - 95s - loss: 0.0082 - dice_multi: 0.9706
Epoch 37/100
400/400 - 95s - loss: 0.0082 - dice_multi: 0.9714
Epoch 38/100
400/400 - 95s - loss: 0.0081 - dice_multi: 0.9714
Epoch 39/100
400/400 - 95s - loss: 0.0076 - dice_multi: 0.9728
Epoch 40/100
400/400 - 95s - loss: 0.0077 - dice_multi: 0.9732
Epoch 41/100
400/400 - 95s - loss: 0.0077 - dice_multi: 0.9731
Epoch 42/100
400/400 - 95s - loss: 0.0113 - dice_multi: 0.9614
Epoch 43/100
400/400 - 95s - loss: 0.0092 - dice_multi: 0.9676
Epoch 44/100
400/400 - 95s - loss: 0.0078 - dice_multi: 0.9721
Epoch 45/100
400/400 - 95s - loss: 0.0075 - dice_multi: 0.9729
Epoch 46/100
400/400 - 95s - loss: 0.0076 - dice_multi: 0.9739
Epoch 47/100
400/400 - 95s - loss: 0.0070 - dice_multi: 0.9745
Epoch 48/100
400/400 - 95s - loss: 0.0070 - dice_multi: 0.9751
Epoch 49/100
400/400 - 95s - loss: 0.0070 - dice_multi: 0.9748
Epoch 50/100
400/400 - 95s - loss: 0.0069 - dice_multi: 0.9748
Epoch 51/100
400/400 - 95s - loss: 0.0074 - dice_multi: 0.9740
Epoch 52/100
400/400 - 95s - loss: 0.0069 - dice_multi: 0.9750
Epoch 53/100
400/400 - 95s - loss: 0.0069 - dice_multi: 0.9757
Epoch 54/100
400/400 - 95s - loss: 0.0072 - dice_multi: 0.9754
Epoch 55/100
400/400 - 95s - loss: 0.0068 - dice_multi: 0.9759
Epoch 56/100
400/400 - 95s - loss: 0.0066 - dice_multi: 0.9763
Epoch 57/100
400/400 - 95s - loss: 0.0067 - dice_multi: 0.9762
Epoch 58/100
400/400 - 95s - loss: 0.0063 - dice_multi: 0.9771
Epoch 59/100
400/400 - 95s - loss: 0.0066 - dice_multi: 0.9767
Epoch 60/100
400/400 - 95s - loss: 0.0067 - dice_multi: 0.9766
Epoch 61/100
400/400 - 95s - loss: 0.0061 - dice_multi: 0.9771
Epoch 62/100
400/400 - 95s - loss: 0.0079 - dice_multi: 0.9729
Epoch 63/100
400/400 - 95s - loss: 0.0091 - dice_multi: 0.9692
Epoch 64/100
400/400 - 95s - loss: 0.0068 - dice_multi: 0.9765
Epoch 65/100
400/400 - 95s - loss: 0.0064 - dice_multi: 0.9774
Epoch 66/100
400/400 - 95s - loss: 0.0062 - dice_multi: 0.9780
Epoch 67/100
400/400 - 95s - loss: 0.0062 - dice_multi: 0.9775
Epoch 68/100
400/400 - 95s - loss: 0.0063 - dice_multi: 0.9780
Epoch 69/100
400/400 - 95s - loss: 0.0062 - dice_multi: 0.9788
Epoch 70/100
400/400 - 95s - loss: 0.0063 - dice_multi: 0.9784
Epoch 71/100
400/400 - 95s - loss: 0.0060 - dice_multi: 0.9789
Epoch 72/100
400/400 - 95s - loss: 0.0061 - dice_multi: 0.9791
Epoch 73/100
400/400 - 95s - loss: 0.0060 - dice_multi: 0.9785
Epoch 74/100
400/400 - 95s - loss: 0.0061 - dice_multi: 0.9785
Epoch 75/100
400/400 - 95s - loss: 0.0058 - dice_multi: 0.9795
Epoch 76/100
400/400 - 95s - loss: 0.0058 - dice_multi: 0.9796
Epoch 77/100
400/400 - 95s - loss: 0.0058 - dice_multi: 0.9794
Epoch 78/100
400/400 - 95s - loss: 0.0056 - dice_multi: 0.9794
Epoch 79/100
400/400 - 95s - loss: 0.0058 - dice_multi: 0.9797
Epoch 80/100
400/400 - 95s - loss: 0.0058 - dice_multi: 0.9796
Epoch 81/100
400/400 - 95s - loss: 0.0057 - dice_multi: 0.9800
Epoch 82/100
400/400 - 95s - loss: 0.0056 - dice_multi: 0.9797
Epoch 83/100
400/400 - 95s - loss: 0.0056 - dice_multi: 0.9801
Epoch 84/100
400/400 - 95s - loss: 0.0055 - dice_multi: 0.9803
Epoch 85/100
400/400 - 95s - loss: 0.0057 - dice_multi: 0.9795
Epoch 86/100
400/400 - 95s - loss: 0.0054 - dice_multi: 0.9802
Epoch 87/100
400/400 - 95s - loss: 0.0054 - dice_multi: 0.9806
Epoch 88/100
400/400 - 95s - loss: 0.0053 - dice_multi: 0.9808
Epoch 89/100
400/400 - 95s - loss: 0.0055 - dice_multi: 0.9806
Epoch 90/100
400/400 - 95s - loss: 0.0054 - dice_multi: 0.9813
Epoch 91/100
400/400 - 95s - loss: 0.0055 - dice_multi: 0.9808
Epoch 92/100
400/400 - 95s - loss: 0.0054 - dice_multi: 0.9807
Epoch 93/100
400/400 - 95s - loss: 0.0052 - dice_multi: 0.9812
Epoch 94/100
400/400 - 95s - loss: 0.0053 - dice_multi: 0.9812
Epoch 95/100
400/400 - 95s - loss: 0.0050 - dice_multi: 0.9819
Epoch 96/100
400/400 - 95s - loss: 0.0051 - dice_multi: 0.9814
Epoch 97/100
400/400 - 95s - loss: 0.0051 - dice_multi: 0.9815
Epoch 98/100
400/400 - 95s - loss: 0.0048 - dice_multi: 0.9821
Epoch 99/100
400/400 - 95s - loss: 0.0051 - dice_multi: 0.9817
Epoch 100/100
400/400 - 95s - loss: 0.0050 - dice_multi: 0.9821
training time: 9486.359184503555
executation time:21.892440527677536
[0.99681836 0.91536176]
