U-Net
[33mWARNING:[0m NVIDIA binaries may not be bound with --writable
2021-11-25 04:25:06.222007: I tensorflow/stream_executor/platform/default/dso_loader.cc:53] Successfully opened dynamic library libcudart.so.11.0
..data size:(40, 117, 159, 126)
2021-11-25 04:25:12.491081: I tensorflow/stream_executor/platform/default/dso_loader.cc:53] Successfully opened dynamic library libcuda.so.1
2021-11-25 04:25:12.545536: I tensorflow/core/common_runtime/gpu/gpu_device.cc:1734] Found device 0 with properties: 
pciBusID: 0000:3b:00.0 name: A100-PCIE-40GB computeCapability: 8.0
coreClock: 1.41GHz coreCount: 108 deviceMemorySize: 39.59GiB deviceMemoryBandwidth: 1.41TiB/s
2021-11-25 04:25:12.545576: I tensorflow/stream_executor/platform/default/dso_loader.cc:53] Successfully opened dynamic library libcudart.so.11.0
2021-11-25 04:25:12.552431: I tensorflow/stream_executor/platform/default/dso_loader.cc:53] Successfully opened dynamic library libcublas.so.11
2021-11-25 04:25:12.552511: I tensorflow/stream_executor/platform/default/dso_loader.cc:53] Successfully opened dynamic library libcublasLt.so.11
2021-11-25 04:25:12.555183: I tensorflow/stream_executor/platform/default/dso_loader.cc:53] Successfully opened dynamic library libcufft.so.10
2021-11-25 04:25:12.555765: I tensorflow/stream_executor/platform/default/dso_loader.cc:53] Successfully opened dynamic library libcurand.so.10
2021-11-25 04:25:12.556637: I tensorflow/stream_executor/platform/default/dso_loader.cc:53] Successfully opened dynamic library libcusolver.so.11
2021-11-25 04:25:12.557752: I tensorflow/stream_executor/platform/default/dso_loader.cc:53] Successfully opened dynamic library libcusparse.so.11
2021-11-25 04:25:12.558224: I tensorflow/stream_executor/platform/default/dso_loader.cc:53] Successfully opened dynamic library libcudnn.so.8
2021-11-25 04:25:12.562092: I tensorflow/core/common_runtime/gpu/gpu_device.cc:1872] Adding visible gpu devices: 0
2021-11-25 04:25:12.567161: I tensorflow/core/common_runtime/gpu/gpu_device.cc:1734] Found device 0 with properties: 
pciBusID: 0000:3b:00.0 name: A100-PCIE-40GB computeCapability: 8.0
coreClock: 1.41GHz coreCount: 108 deviceMemorySize: 39.59GiB deviceMemoryBandwidth: 1.41TiB/s
2021-11-25 04:25:12.571019: I tensorflow/core/common_runtime/gpu/gpu_device.cc:1872] Adding visible gpu devices: 0
2021-11-25 04:25:12.571059: I tensorflow/stream_executor/platform/default/dso_loader.cc:53] Successfully opened dynamic library libcudart.so.11.0
2021-11-25 04:25:13.101361: I tensorflow/core/common_runtime/gpu/gpu_device.cc:1258] Device interconnect StreamExecutor with strength 1 edge matrix:
2021-11-25 04:25:13.101408: I tensorflow/core/common_runtime/gpu/gpu_device.cc:1264]      0 
2021-11-25 04:25:13.101419: I tensorflow/core/common_runtime/gpu/gpu_device.cc:1277] 0:   N 
2021-11-25 04:25:13.107024: I tensorflow/core/common_runtime/gpu/gpu_device.cc:1418] Created TensorFlow device (/job:localhost/replica:0/task:0/device:GPU:0 with 38184 MB memory) -> physical GPU (device: 0, name: A100-PCIE-40GB, pci bus id: 0000:3b:00.0, compute capability: 8.0)
..loading data finished
..generator_len: 400
..training_n_subject: 32
..training_n_patch_per_sub: 326592
2021-11-25 04:25:14.459103: I tensorflow/compiler/mlir/mlir_graph_optimization_pass.cc:176] None of the MLIR Optimization Passes are enabled (registered 2)
2021-11-25 04:25:14.459566: I tensorflow/core/platform/profile_utils/cpu_utils.cc:114] CPU Frequency: 2100000000 Hz
2021-11-25 04:25:16.470636: I tensorflow/stream_executor/platform/default/dso_loader.cc:53] Successfully opened dynamic library libcudnn.so.8
2021-11-25 04:25:17.468019: I tensorflow/stream_executor/cuda/cuda_dnn.cc:380] Loaded cuDNN version 8202
2021-11-25 04:25:18.460103: I tensorflow/stream_executor/platform/default/dso_loader.cc:53] Successfully opened dynamic library libcublas.so.11
2021-11-25 04:25:19.627023: I tensorflow/stream_executor/platform/default/dso_loader.cc:53] Successfully opened dynamic library libcublasLt.so.11
Epoch 1/100
400/400 - 122s - loss: 0.1091 - dice_for_iVOI: 0.4843
Epoch 2/100
400/400 - 95s - loss: 0.0629 - dice_for_iVOI: 0.6864
Epoch 3/100
400/400 - 95s - loss: 0.0290 - dice_for_iVOI: 0.8410
Epoch 4/100
400/400 - 95s - loss: 0.0339 - dice_for_iVOI: 0.8268
Epoch 5/100
400/400 - 95s - loss: 0.0199 - dice_for_iVOI: 0.8927
Epoch 6/100
400/400 - 95s - loss: 0.0194 - dice_for_iVOI: 0.8893
Epoch 7/100
400/400 - 95s - loss: 0.0240 - dice_for_iVOI: 0.8738
Epoch 8/100
400/400 - 95s - loss: 0.0165 - dice_for_iVOI: 0.9079
Epoch 9/100
400/400 - 95s - loss: 0.0145 - dice_for_iVOI: 0.9174
Epoch 10/100
400/400 - 95s - loss: 0.0144 - dice_for_iVOI: 0.9209
Epoch 11/100
400/400 - 95s - loss: 0.0138 - dice_for_iVOI: 0.9236
Epoch 12/100
400/400 - 95s - loss: 0.0130 - dice_for_iVOI: 0.9254
Epoch 13/100
400/400 - 95s - loss: 0.0131 - dice_for_iVOI: 0.9263
Epoch 14/100
400/400 - 95s - loss: 0.0128 - dice_for_iVOI: 0.9290
Epoch 15/100
400/400 - 95s - loss: 0.0495 - dice_for_iVOI: 0.7579
Epoch 16/100
400/400 - 95s - loss: 0.0170 - dice_for_iVOI: 0.9096
Epoch 17/100
400/400 - 95s - loss: 0.0145 - dice_for_iVOI: 0.9194
Epoch 18/100
400/400 - 95s - loss: 0.0308 - dice_for_iVOI: 0.8493
Epoch 19/100
400/400 - 95s - loss: 0.0158 - dice_for_iVOI: 0.9140
Epoch 20/100
400/400 - 95s - loss: 0.0136 - dice_for_iVOI: 0.9232
Epoch 21/100
400/400 - 95s - loss: 0.0130 - dice_for_iVOI: 0.9264
Epoch 22/100
400/400 - 95s - loss: 0.0130 - dice_for_iVOI: 0.9296
Epoch 23/100
400/400 - 95s - loss: 0.0129 - dice_for_iVOI: 0.9286
Epoch 24/100
400/400 - 95s - loss: 0.0122 - dice_for_iVOI: 0.9317
Epoch 25/100
400/400 - 95s - loss: 0.0128 - dice_for_iVOI: 0.9269
Epoch 26/100
400/400 - 95s - loss: 0.0129 - dice_for_iVOI: 0.9302
Epoch 27/100
400/400 - 95s - loss: 0.0142 - dice_for_iVOI: 0.9189
Epoch 28/100
400/400 - 95s - loss: 0.0120 - dice_for_iVOI: 0.9323
Epoch 29/100
400/400 - 95s - loss: 0.0123 - dice_for_iVOI: 0.9277
Epoch 30/100
400/400 - 95s - loss: 0.0119 - dice_for_iVOI: 0.9327
Epoch 31/100
400/400 - 95s - loss: 0.0108 - dice_for_iVOI: 0.9386
Epoch 32/100
400/400 - 95s - loss: 0.0109 - dice_for_iVOI: 0.9388
Epoch 33/100
400/400 - 95s - loss: 0.0111 - dice_for_iVOI: 0.9366
Epoch 34/100
400/400 - 95s - loss: 0.0107 - dice_for_iVOI: 0.9391
Epoch 35/100
400/400 - 95s - loss: 0.0126 - dice_for_iVOI: 0.9336
Epoch 36/100
400/400 - 95s - loss: 0.0107 - dice_for_iVOI: 0.9381
Epoch 37/100
400/400 - 95s - loss: 0.0104 - dice_for_iVOI: 0.9412
Epoch 38/100
400/400 - 95s - loss: 0.0157 - dice_for_iVOI: 0.9161
Epoch 39/100
400/400 - 95s - loss: 0.0112 - dice_for_iVOI: 0.9362
Epoch 40/100
400/400 - 95s - loss: 0.0106 - dice_for_iVOI: 0.9404
Epoch 41/100
400/400 - 95s - loss: 0.0101 - dice_for_iVOI: 0.9420
Epoch 42/100
400/400 - 95s - loss: 0.0100 - dice_for_iVOI: 0.9431
Epoch 43/100
400/400 - 95s - loss: 0.0098 - dice_for_iVOI: 0.9441
Epoch 44/100
400/400 - 95s - loss: 0.0098 - dice_for_iVOI: 0.9456
Epoch 45/100
400/400 - 95s - loss: 0.0094 - dice_for_iVOI: 0.9451
Epoch 46/100
400/400 - 95s - loss: 0.0096 - dice_for_iVOI: 0.9463
Epoch 47/100
400/400 - 95s - loss: 0.0095 - dice_for_iVOI: 0.9465
Epoch 48/100
400/400 - 95s - loss: 0.0089 - dice_for_iVOI: 0.9465
Epoch 49/100
400/400 - 95s - loss: 0.0091 - dice_for_iVOI: 0.9492
Epoch 50/100
400/400 - 95s - loss: 0.0094 - dice_for_iVOI: 0.9445
Epoch 51/100
400/400 - 95s - loss: 0.0088 - dice_for_iVOI: 0.9503
Epoch 52/100
400/400 - 95s - loss: 0.0089 - dice_for_iVOI: 0.9492
Epoch 53/100
400/400 - 95s - loss: 0.0084 - dice_for_iVOI: 0.9508
Epoch 54/100
400/400 - 95s - loss: 0.0087 - dice_for_iVOI: 0.9518
Epoch 55/100
400/400 - 95s - loss: 0.0084 - dice_for_iVOI: 0.9511
Epoch 56/100
400/400 - 95s - loss: 0.0142 - dice_for_iVOI: 0.9262
Epoch 57/100
400/400 - 95s - loss: 0.0104 - dice_for_iVOI: 0.9412
Epoch 58/100
400/400 - 95s - loss: 0.0092 - dice_for_iVOI: 0.9492
Epoch 59/100
400/400 - 95s - loss: 0.0086 - dice_for_iVOI: 0.9510
Epoch 60/100
400/400 - 95s - loss: 0.0145 - dice_for_iVOI: 0.9227
Epoch 61/100
400/400 - 95s - loss: 0.0096 - dice_for_iVOI: 0.9454
Epoch 62/100
400/400 - 95s - loss: 0.0088 - dice_for_iVOI: 0.9485
Epoch 63/100
400/400 - 95s - loss: 0.0087 - dice_for_iVOI: 0.9509
Epoch 64/100
400/400 - 95s - loss: 0.0087 - dice_for_iVOI: 0.9519
Epoch 65/100
400/400 - 95s - loss: 0.0087 - dice_for_iVOI: 0.9517
Epoch 66/100
400/400 - 95s - loss: 0.0087 - dice_for_iVOI: 0.9521
Epoch 67/100
400/400 - 95s - loss: 0.0082 - dice_for_iVOI: 0.9538
Epoch 68/100
400/400 - 95s - loss: 0.0080 - dice_for_iVOI: 0.9527
Epoch 69/100
400/400 - 95s - loss: 0.0082 - dice_for_iVOI: 0.9548
Epoch 70/100
400/400 - 95s - loss: 0.0082 - dice_for_iVOI: 0.9556
Epoch 71/100
400/400 - 95s - loss: 0.0079 - dice_for_iVOI: 0.9542
Epoch 72/100
400/400 - 95s - loss: 0.0078 - dice_for_iVOI: 0.9544
Epoch 73/100
400/400 - 95s - loss: 0.0139 - dice_for_iVOI: 0.9277
Epoch 74/100
400/400 - 95s - loss: 0.0105 - dice_for_iVOI: 0.9394
Epoch 75/100
400/400 - 95s - loss: 0.0089 - dice_for_iVOI: 0.9504
Epoch 76/100
400/400 - 95s - loss: 0.0083 - dice_for_iVOI: 0.9533
Epoch 77/100
400/400 - 95s - loss: 0.0081 - dice_for_iVOI: 0.9537
Epoch 78/100
400/400 - 95s - loss: 0.0080 - dice_for_iVOI: 0.9553
Epoch 79/100
400/400 - 95s - loss: 0.0079 - dice_for_iVOI: 0.9546
Epoch 80/100
400/400 - 95s - loss: 0.0079 - dice_for_iVOI: 0.9557
Epoch 81/100
400/400 - 95s - loss: 0.0081 - dice_for_iVOI: 0.9556
Epoch 82/100
400/400 - 95s - loss: 0.0078 - dice_for_iVOI: 0.9557
Epoch 83/100
400/400 - 95s - loss: 0.0077 - dice_for_iVOI: 0.9572
Epoch 84/100
400/400 - 95s - loss: 0.0074 - dice_for_iVOI: 0.9570
Epoch 85/100
400/400 - 95s - loss: 0.0077 - dice_for_iVOI: 0.9561
Epoch 86/100
400/400 - 95s - loss: 0.0075 - dice_for_iVOI: 0.9582
Epoch 87/100
400/400 - 95s - loss: 0.0075 - dice_for_iVOI: 0.9572
Epoch 88/100
400/400 - 95s - loss: 0.0112 - dice_for_iVOI: 0.9361
Epoch 89/100
400/400 - 95s - loss: 0.0088 - dice_for_iVOI: 0.9497
Epoch 90/100
400/400 - 95s - loss: 0.0081 - dice_for_iVOI: 0.9551
Epoch 91/100
400/400 - 95s - loss: 0.0075 - dice_for_iVOI: 0.9563
Epoch 92/100
400/400 - 95s - loss: 0.0075 - dice_for_iVOI: 0.9584
Epoch 93/100
400/400 - 95s - loss: 0.0073 - dice_for_iVOI: 0.9588
Epoch 94/100
400/400 - 95s - loss: 0.0073 - dice_for_iVOI: 0.9571
Epoch 95/100
400/400 - 95s - loss: 0.0072 - dice_for_iVOI: 0.9586
Epoch 96/100
400/400 - 95s - loss: 0.0071 - dice_for_iVOI: 0.9594
Epoch 97/100
400/400 - 95s - loss: 0.0073 - dice_for_iVOI: 0.9594
Epoch 98/100
400/400 - 95s - loss: 0.0071 - dice_for_iVOI: 0.9591
Epoch 99/100
400/400 - 95s - loss: 0.0070 - dice_for_iVOI: 0.9592
Epoch 100/100
400/400 - 95s - loss: 0.0072 - dice_for_iVOI: 0.9603
2021-11-25 07:04:03.130072: I tensorflow/stream_executor/cuda/cuda_blas.cc:1839] TensorFloat-32 will be used for the matrix multiplication. This will only be logged once.
training time: 9523.914855003357
executation time:3.4726459085941315
..generator_len: 400
..training_n_subject: 32
..training_n_patch_per_sub: 326592
Epoch 1/100
400/400 - 96s - loss: 0.1050 - dice_for_iVOI: 0.4706
Epoch 2/100
400/400 - 95s - loss: 0.0701 - dice_for_iVOI: 0.6406
Epoch 3/100
400/400 - 95s - loss: 0.0451 - dice_for_iVOI: 0.7624
Epoch 4/100
400/400 - 95s - loss: 0.0338 - dice_for_iVOI: 0.8151
Epoch 5/100
400/400 - 95s - loss: 0.0248 - dice_for_iVOI: 0.8642
Epoch 6/100
400/400 - 95s - loss: 0.0209 - dice_for_iVOI: 0.8893
Epoch 7/100
400/400 - 95s - loss: 0.0183 - dice_for_iVOI: 0.8973
Epoch 8/100
400/400 - 95s - loss: 0.0168 - dice_for_iVOI: 0.9065
Epoch 9/100
400/400 - 95s - loss: 0.0186 - dice_for_iVOI: 0.9011
Epoch 10/100
400/400 - 95s - loss: 0.0325 - dice_for_iVOI: 0.8359
Epoch 11/100
400/400 - 95s - loss: 0.0172 - dice_for_iVOI: 0.9080
Epoch 12/100
400/400 - 95s - loss: 0.0215 - dice_for_iVOI: 0.8875
Epoch 13/100
400/400 - 95s - loss: 0.0160 - dice_for_iVOI: 0.9154
Epoch 14/100
400/400 - 95s - loss: 0.0144 - dice_for_iVOI: 0.9159
Epoch 15/100
400/400 - 95s - loss: 0.0141 - dice_for_iVOI: 0.9214
Epoch 16/100
400/400 - 95s - loss: 0.0155 - dice_for_iVOI: 0.9190
Epoch 17/100
400/400 - 95s - loss: 0.0138 - dice_for_iVOI: 0.9226
Epoch 18/100
400/400 - 95s - loss: 0.0138 - dice_for_iVOI: 0.9237
Epoch 19/100
400/400 - 95s - loss: 0.0157 - dice_for_iVOI: 0.9126
Epoch 20/100
400/400 - 95s - loss: 0.0196 - dice_for_iVOI: 0.8935
Epoch 21/100
400/400 - 95s - loss: 0.0163 - dice_for_iVOI: 0.9121
Epoch 22/100
400/400 - 95s - loss: 0.0145 - dice_for_iVOI: 0.9189
Epoch 23/100
400/400 - 95s - loss: 0.0139 - dice_for_iVOI: 0.9281
Epoch 24/100
400/400 - 95s - loss: 0.0129 - dice_for_iVOI: 0.9255
Epoch 25/100
400/400 - 95s - loss: 0.0123 - dice_for_iVOI: 0.9294
Epoch 26/100
400/400 - 95s - loss: 0.0120 - dice_for_iVOI: 0.9307
Epoch 27/100
400/400 - 95s - loss: 0.0121 - dice_for_iVOI: 0.9328
Epoch 28/100
400/400 - 95s - loss: 0.0118 - dice_for_iVOI: 0.9325
Epoch 29/100
400/400 - 95s - loss: 0.0183 - dice_for_iVOI: 0.9040
Epoch 30/100
400/400 - 95s - loss: 0.0147 - dice_for_iVOI: 0.9191
Epoch 31/100
400/400 - 95s - loss: 0.0128 - dice_for_iVOI: 0.9276
Epoch 32/100
400/400 - 95s - loss: 0.0122 - dice_for_iVOI: 0.9298
Epoch 33/100
400/400 - 95s - loss: 0.0118 - dice_for_iVOI: 0.9332
Epoch 34/100
400/400 - 95s - loss: 0.0110 - dice_for_iVOI: 0.9347
Epoch 35/100
400/400 - 95s - loss: 0.0113 - dice_for_iVOI: 0.9373
Epoch 36/100
400/400 - 95s - loss: 0.0112 - dice_for_iVOI: 0.9367
Epoch 37/100
400/400 - 95s - loss: 0.0110 - dice_for_iVOI: 0.9390
Epoch 38/100
400/400 - 95s - loss: 0.0107 - dice_for_iVOI: 0.9394
Epoch 39/100
400/400 - 95s - loss: 0.0105 - dice_for_iVOI: 0.9398
Epoch 40/100
400/400 - 95s - loss: 0.0110 - dice_for_iVOI: 0.9361
Epoch 41/100
400/400 - 95s - loss: 0.0170 - dice_for_iVOI: 0.9094
Epoch 42/100
400/400 - 95s - loss: 0.0117 - dice_for_iVOI: 0.9313
Epoch 43/100
400/400 - 95s - loss: 0.0105 - dice_for_iVOI: 0.9376
Epoch 44/100
400/400 - 95s - loss: 0.0107 - dice_for_iVOI: 0.9398
Epoch 45/100
400/400 - 95s - loss: 0.0104 - dice_for_iVOI: 0.9413
Epoch 46/100
400/400 - 95s - loss: 0.0104 - dice_for_iVOI: 0.9407
Epoch 47/100
400/400 - 95s - loss: 0.0100 - dice_for_iVOI: 0.9423
Epoch 48/100
400/400 - 95s - loss: 0.0098 - dice_for_iVOI: 0.9434
Epoch 49/100
400/400 - 95s - loss: 0.0101 - dice_for_iVOI: 0.9451
Epoch 50/100
400/400 - 95s - loss: 0.0095 - dice_for_iVOI: 0.9461
Epoch 51/100
400/400 - 95s - loss: 0.0095 - dice_for_iVOI: 0.9453
Epoch 52/100
400/400 - 95s - loss: 0.0097 - dice_for_iVOI: 0.9440
Epoch 53/100
400/400 - 95s - loss: 0.0096 - dice_for_iVOI: 0.9459
Epoch 54/100
400/400 - 95s - loss: 0.0093 - dice_for_iVOI: 0.9449
Epoch 55/100
400/400 - 95s - loss: 0.0094 - dice_for_iVOI: 0.9470
Epoch 56/100
400/400 - 95s - loss: 0.0091 - dice_for_iVOI: 0.9480
Epoch 57/100
400/400 - 95s - loss: 0.0090 - dice_for_iVOI: 0.9478
Epoch 58/100
400/400 - 95s - loss: 0.0090 - dice_for_iVOI: 0.9480
Epoch 59/100
400/400 - 95s - loss: 0.0147 - dice_for_iVOI: 0.9240
Epoch 60/100
400/400 - 95s - loss: 0.0122 - dice_for_iVOI: 0.9323
Epoch 61/100
400/400 - 95s - loss: 0.0100 - dice_for_iVOI: 0.9405
Epoch 62/100
400/400 - 95s - loss: 0.0096 - dice_for_iVOI: 0.9454
Epoch 63/100
400/400 - 95s - loss: 0.0094 - dice_for_iVOI: 0.9474
Epoch 64/100
400/400 - 95s - loss: 0.0091 - dice_for_iVOI: 0.9495
Epoch 65/100
400/400 - 95s - loss: 0.0088 - dice_for_iVOI: 0.9502
Epoch 66/100
400/400 - 95s - loss: 0.0086 - dice_for_iVOI: 0.9496
Epoch 67/100
400/400 - 95s - loss: 0.0089 - dice_for_iVOI: 0.9519
Epoch 68/100
400/400 - 95s - loss: 0.0086 - dice_for_iVOI: 0.9521
Epoch 69/100
400/400 - 95s - loss: 0.0085 - dice_for_iVOI: 0.9528
Epoch 70/100
400/400 - 95s - loss: 0.0083 - dice_for_iVOI: 0.9518
Epoch 71/100
400/400 - 95s - loss: 0.0083 - dice_for_iVOI: 0.9516
Epoch 72/100
400/400 - 95s - loss: 0.0085 - dice_for_iVOI: 0.9535
Epoch 73/100
400/400 - 95s - loss: 0.0082 - dice_for_iVOI: 0.9529
Epoch 74/100
400/400 - 95s - loss: 0.0082 - dice_for_iVOI: 0.9535
Epoch 75/100
400/400 - 95s - loss: 0.0082 - dice_for_iVOI: 0.9530
Epoch 76/100
400/400 - 95s - loss: 0.0080 - dice_for_iVOI: 0.9534
Epoch 77/100
400/400 - 95s - loss: 0.0082 - dice_for_iVOI: 0.9534
Epoch 78/100
400/400 - 95s - loss: 0.0079 - dice_for_iVOI: 0.9551
Epoch 79/100
400/400 - 95s - loss: 0.0081 - dice_for_iVOI: 0.9558
Epoch 80/100
400/400 - 95s - loss: 0.0083 - dice_for_iVOI: 0.9542
Epoch 81/100
400/400 - 95s - loss: 0.0078 - dice_for_iVOI: 0.9549
Epoch 82/100
400/400 - 95s - loss: 0.0080 - dice_for_iVOI: 0.9555
Epoch 83/100
400/400 - 95s - loss: 0.0081 - dice_for_iVOI: 0.9564
Epoch 84/100
400/400 - 95s - loss: 0.0076 - dice_for_iVOI: 0.9564
Epoch 85/100
400/400 - 95s - loss: 0.0076 - dice_for_iVOI: 0.9570
Epoch 86/100
400/400 - 95s - loss: 0.0080 - dice_for_iVOI: 0.9542
Epoch 87/100
400/400 - 95s - loss: 0.0142 - dice_for_iVOI: 0.9265
Epoch 88/100
400/400 - 95s - loss: 0.0098 - dice_for_iVOI: 0.9420
Epoch 89/100
400/400 - 95s - loss: 0.0086 - dice_for_iVOI: 0.9520
Epoch 90/100
400/400 - 95s - loss: 0.0084 - dice_for_iVOI: 0.9540
Epoch 91/100
400/400 - 95s - loss: 0.0078 - dice_for_iVOI: 0.9557
Epoch 92/100
400/400 - 95s - loss: 0.0079 - dice_for_iVOI: 0.9557
Epoch 93/100
400/400 - 95s - loss: 0.0074 - dice_for_iVOI: 0.9558
Epoch 94/100
400/400 - 95s - loss: 0.0075 - dice_for_iVOI: 0.9574
Epoch 95/100
400/400 - 95s - loss: 0.0086 - dice_for_iVOI: 0.9541
Epoch 96/100
400/400 - 95s - loss: 0.0081 - dice_for_iVOI: 0.9551
Epoch 97/100
400/400 - 95s - loss: 0.0072 - dice_for_iVOI: 0.9566
Epoch 98/100
400/400 - 95s - loss: 0.0072 - dice_for_iVOI: 0.9567
Epoch 99/100
400/400 - 95s - loss: 0.0072 - dice_for_iVOI: 0.9580
Epoch 100/100
400/400 - 95s - loss: 0.0074 - dice_for_iVOI: 0.9577
training time: 9495.428844928741
executation time:3.5032958984375
..generator_len: 400
..training_n_subject: 32
..training_n_patch_per_sub: 326592
Epoch 1/100
400/400 - 96s - loss: 0.1171 - dice_for_iVOI: 0.4710
Epoch 2/100
400/400 - 94s - loss: 0.0744 - dice_for_iVOI: 0.6477
Epoch 3/100
400/400 - 94s - loss: 0.0500 - dice_for_iVOI: 0.7509
Epoch 4/100
400/400 - 94s - loss: 0.0296 - dice_for_iVOI: 0.8392
Epoch 5/100
400/400 - 94s - loss: 0.0382 - dice_for_iVOI: 0.8150
Epoch 6/100
400/400 - 94s - loss: 0.0239 - dice_for_iVOI: 0.8755
Epoch 7/100
400/400 - 94s - loss: 0.0209 - dice_for_iVOI: 0.8828
Epoch 8/100
400/400 - 94s - loss: 0.0185 - dice_for_iVOI: 0.9001
Epoch 9/100
400/400 - 94s - loss: 0.0166 - dice_for_iVOI: 0.9100
Epoch 10/100
400/400 - 94s - loss: 0.0160 - dice_for_iVOI: 0.9120
Epoch 11/100
400/400 - 94s - loss: 0.0151 - dice_for_iVOI: 0.9162
Epoch 12/100
400/400 - 94s - loss: 0.0352 - dice_for_iVOI: 0.8266
Epoch 13/100
400/400 - 94s - loss: 0.0172 - dice_for_iVOI: 0.9050
Epoch 14/100
400/400 - 94s - loss: 0.0158 - dice_for_iVOI: 0.9167
Epoch 15/100
400/400 - 95s - loss: 0.0171 - dice_for_iVOI: 0.9171
Epoch 16/100
400/400 - 94s - loss: 0.0209 - dice_for_iVOI: 0.8935
Epoch 17/100
400/400 - 94s - loss: 0.0178 - dice_for_iVOI: 0.9071
Epoch 18/100
400/400 - 94s - loss: 0.0146 - dice_for_iVOI: 0.9216
Epoch 19/100
400/400 - 94s - loss: 0.0135 - dice_for_iVOI: 0.9213
Epoch 20/100
400/400 - 95s - loss: 0.0133 - dice_for_iVOI: 0.9265
Epoch 21/100
400/400 - 95s - loss: 0.0130 - dice_for_iVOI: 0.9242
Epoch 22/100
400/400 - 94s - loss: 0.0130 - dice_for_iVOI: 0.9301
Epoch 23/100
400/400 - 94s - loss: 0.0200 - dice_for_iVOI: 0.9001
Epoch 24/100
400/400 - 94s - loss: 0.0162 - dice_for_iVOI: 0.9104
Epoch 25/100
400/400 - 94s - loss: 0.0140 - dice_for_iVOI: 0.9260
Epoch 26/100
400/400 - 95s - loss: 0.0128 - dice_for_iVOI: 0.9292
Epoch 27/100
400/400 - 95s - loss: 0.0127 - dice_for_iVOI: 0.9312
Epoch 28/100
400/400 - 94s - loss: 0.0132 - dice_for_iVOI: 0.9307
Epoch 29/100
400/400 - 94s - loss: 0.0122 - dice_for_iVOI: 0.9335
Epoch 30/100
400/400 - 94s - loss: 0.0117 - dice_for_iVOI: 0.9348
Epoch 31/100
400/400 - 94s - loss: 0.0117 - dice_for_iVOI: 0.9361
Epoch 32/100
400/400 - 94s - loss: 0.0187 - dice_for_iVOI: 0.9045
Epoch 33/100
400/400 - 95s - loss: 0.0128 - dice_for_iVOI: 0.9291
Epoch 34/100
400/400 - 94s - loss: 0.0117 - dice_for_iVOI: 0.9337
Epoch 35/100
400/400 - 95s - loss: 0.0116 - dice_for_iVOI: 0.9356
Epoch 36/100
400/400 - 95s - loss: 0.0115 - dice_for_iVOI: 0.9365
Epoch 37/100
400/400 - 94s - loss: 0.0112 - dice_for_iVOI: 0.9388
Epoch 38/100
400/400 - 95s - loss: 0.0106 - dice_for_iVOI: 0.9394
Epoch 39/100
400/400 - 94s - loss: 0.0105 - dice_for_iVOI: 0.9412
Epoch 40/100
400/400 - 94s - loss: 0.0103 - dice_for_iVOI: 0.9402
Epoch 41/100
400/400 - 94s - loss: 0.0200 - dice_for_iVOI: 0.9018
Epoch 42/100
400/400 - 94s - loss: 0.0133 - dice_for_iVOI: 0.9273
Epoch 43/100
400/400 - 94s - loss: 0.0114 - dice_for_iVOI: 0.9342
Epoch 44/100
400/400 - 95s - loss: 0.0111 - dice_for_iVOI: 0.9371
Epoch 45/100
400/400 - 95s - loss: 0.0107 - dice_for_iVOI: 0.9411
Epoch 46/100
400/400 - 95s - loss: 0.0106 - dice_for_iVOI: 0.9386
Epoch 47/100
400/400 - 94s - loss: 0.0104 - dice_for_iVOI: 0.9419
Epoch 48/100
400/400 - 95s - loss: 0.0108 - dice_for_iVOI: 0.9421
Epoch 49/100
400/400 - 95s - loss: 0.0105 - dice_for_iVOI: 0.9436
Epoch 50/100
400/400 - 95s - loss: 0.0100 - dice_for_iVOI: 0.9436
Epoch 51/100
400/400 - 95s - loss: 0.0097 - dice_for_iVOI: 0.9459
Epoch 52/100
400/400 - 95s - loss: 0.0098 - dice_for_iVOI: 0.9433
Epoch 53/100
400/400 - 94s - loss: 0.0097 - dice_for_iVOI: 0.9456
Epoch 54/100
400/400 - 94s - loss: 0.0098 - dice_for_iVOI: 0.9455
Epoch 55/100
400/400 - 94s - loss: 0.0096 - dice_for_iVOI: 0.9469
Epoch 56/100
400/400 - 94s - loss: 0.0095 - dice_for_iVOI: 0.9485
Epoch 57/100
400/400 - 94s - loss: 0.0092 - dice_for_iVOI: 0.9475
Epoch 58/100
400/400 - 95s - loss: 0.0094 - dice_for_iVOI: 0.9498
Epoch 59/100
400/400 - 94s - loss: 0.0092 - dice_for_iVOI: 0.9465
Epoch 60/100
400/400 - 95s - loss: 0.0090 - dice_for_iVOI: 0.9507
Epoch 61/100
400/400 - 95s - loss: 0.0091 - dice_for_iVOI: 0.9518
Epoch 62/100
400/400 - 94s - loss: 0.0122 - dice_for_iVOI: 0.9328
Epoch 63/100
400/400 - 95s - loss: 0.0095 - dice_for_iVOI: 0.9481
Epoch 64/100
400/400 - 95s - loss: 0.0089 - dice_for_iVOI: 0.9497
Epoch 65/100
400/400 - 94s - loss: 0.0089 - dice_for_iVOI: 0.9517
Epoch 66/100
400/400 - 94s - loss: 0.0085 - dice_for_iVOI: 0.9517
Epoch 67/100
400/400 - 95s - loss: 0.0086 - dice_for_iVOI: 0.9519
Epoch 68/100
400/400 - 95s - loss: 0.0088 - dice_for_iVOI: 0.9524
Epoch 69/100
400/400 - 95s - loss: 0.0097 - dice_for_iVOI: 0.9451
Epoch 70/100
400/400 - 95s - loss: 0.0090 - dice_for_iVOI: 0.9502
Epoch 71/100
400/400 - 94s - loss: 0.0083 - dice_for_iVOI: 0.9528
Epoch 72/100
400/400 - 95s - loss: 0.0083 - dice_for_iVOI: 0.9535
Epoch 73/100
400/400 - 94s - loss: 0.0082 - dice_for_iVOI: 0.9542
Epoch 74/100
400/400 - 94s - loss: 0.0082 - dice_for_iVOI: 0.9530
Epoch 75/100
400/400 - 95s - loss: 0.0082 - dice_for_iVOI: 0.9540
Epoch 76/100
400/400 - 95s - loss: 0.0079 - dice_for_iVOI: 0.9543
Epoch 77/100
400/400 - 95s - loss: 0.0080 - dice_for_iVOI: 0.9543
Epoch 78/100
400/400 - 95s - loss: 0.0080 - dice_for_iVOI: 0.9561
Epoch 79/100
400/400 - 94s - loss: 0.0080 - dice_for_iVOI: 0.9568
Epoch 80/100
400/400 - 94s - loss: 0.0077 - dice_for_iVOI: 0.9548
Epoch 81/100
400/400 - 94s - loss: 0.0080 - dice_for_iVOI: 0.9553
Epoch 82/100
400/400 - 95s - loss: 0.0081 - dice_for_iVOI: 0.9566
Epoch 83/100
400/400 - 95s - loss: 0.0076 - dice_for_iVOI: 0.9572
Epoch 84/100
400/400 - 95s - loss: 0.0095 - dice_for_iVOI: 0.9493
Epoch 85/100
400/400 - 95s - loss: 0.0080 - dice_for_iVOI: 0.9562
Epoch 86/100
400/400 - 95s - loss: 0.0076 - dice_for_iVOI: 0.9577
Epoch 87/100
400/400 - 95s - loss: 0.0076 - dice_for_iVOI: 0.9582
Epoch 88/100
400/400 - 94s - loss: 0.0075 - dice_for_iVOI: 0.9585
Epoch 89/100
400/400 - 95s - loss: 0.0076 - dice_for_iVOI: 0.9584
Epoch 90/100
400/400 - 95s - loss: 0.0076 - dice_for_iVOI: 0.9585
Epoch 91/100
400/400 - 95s - loss: 0.0074 - dice_for_iVOI: 0.9583
Epoch 92/100
400/400 - 94s - loss: 0.0072 - dice_for_iVOI: 0.9592
Epoch 93/100
400/400 - 95s - loss: 0.0071 - dice_for_iVOI: 0.9584
Epoch 94/100
400/400 - 94s - loss: 0.0074 - dice_for_iVOI: 0.9591
Epoch 95/100
400/400 - 94s - loss: 0.0073 - dice_for_iVOI: 0.9593
Epoch 96/100
400/400 - 95s - loss: 0.0072 - dice_for_iVOI: 0.9602
Epoch 97/100
400/400 - 95s - loss: 0.0169 - dice_for_iVOI: 0.9156
Epoch 98/100
400/400 - 95s - loss: 0.0102 - dice_for_iVOI: 0.9430
Epoch 99/100
400/400 - 95s - loss: 0.0086 - dice_for_iVOI: 0.9511
Epoch 100/100
400/400 - 95s - loss: 0.0081 - dice_for_iVOI: 0.9545
training time: 9452.480568647385
executation time:3.499248683452606
..generator_len: 400
..training_n_subject: 32
..training_n_patch_per_sub: 326592
Epoch 1/100
400/400 - 96s - loss: 0.1163 - dice_for_iVOI: 0.5088
Epoch 2/100
400/400 - 94s - loss: 0.0664 - dice_for_iVOI: 0.6778
Epoch 3/100
400/400 - 95s - loss: 0.0464 - dice_for_iVOI: 0.7798
Epoch 4/100
400/400 - 95s - loss: 0.0308 - dice_for_iVOI: 0.8466
Epoch 5/100
400/400 - 95s - loss: 0.0283 - dice_for_iVOI: 0.8566
Epoch 6/100
400/400 - 94s - loss: 0.0194 - dice_for_iVOI: 0.8993
Epoch 7/100
400/400 - 95s - loss: 0.0165 - dice_for_iVOI: 0.9098
Epoch 8/100
400/400 - 94s - loss: 0.0233 - dice_for_iVOI: 0.8900
Epoch 9/100
400/400 - 94s - loss: 0.0288 - dice_for_iVOI: 0.8604
Epoch 10/100
400/400 - 94s - loss: 0.0161 - dice_for_iVOI: 0.9168
Epoch 11/100
400/400 - 94s - loss: 0.0153 - dice_for_iVOI: 0.9212
Epoch 12/100
400/400 - 94s - loss: 0.0221 - dice_for_iVOI: 0.8930
Epoch 13/100
400/400 - 94s - loss: 0.0158 - dice_for_iVOI: 0.9159
Epoch 14/100
400/400 - 94s - loss: 0.0167 - dice_for_iVOI: 0.9071
Epoch 15/100
400/400 - 94s - loss: 0.0152 - dice_for_iVOI: 0.9150
Epoch 16/100
400/400 - 94s - loss: 0.0138 - dice_for_iVOI: 0.9271
Epoch 17/100
400/400 - 94s - loss: 0.0148 - dice_for_iVOI: 0.9243
Epoch 18/100
400/400 - 94s - loss: 0.0133 - dice_for_iVOI: 0.9303
Epoch 19/100
400/400 - 94s - loss: 0.0126 - dice_for_iVOI: 0.9318
Epoch 20/100
400/400 - 95s - loss: 0.0128 - dice_for_iVOI: 0.9338
Epoch 21/100
400/400 - 95s - loss: 0.0126 - dice_for_iVOI: 0.9333
Epoch 22/100
400/400 - 95s - loss: 0.0124 - dice_for_iVOI: 0.9347
Epoch 23/100
400/400 - 94s - loss: 0.0120 - dice_for_iVOI: 0.9367
Epoch 24/100
400/400 - 95s - loss: 0.0203 - dice_for_iVOI: 0.8938
Epoch 25/100
400/400 - 94s - loss: 0.0183 - dice_for_iVOI: 0.9076
Epoch 26/100
400/400 - 94s - loss: 0.0128 - dice_for_iVOI: 0.9309
Epoch 27/100
400/400 - 94s - loss: 0.0122 - dice_for_iVOI: 0.9358
Epoch 28/100
400/400 - 94s - loss: 0.0117 - dice_for_iVOI: 0.9393
Epoch 29/100
400/400 - 94s - loss: 0.0112 - dice_for_iVOI: 0.9400
Epoch 30/100
400/400 - 94s - loss: 0.0111 - dice_for_iVOI: 0.9386
Epoch 31/100
400/400 - 94s - loss: 0.0111 - dice_for_iVOI: 0.9400
Epoch 32/100
400/400 - 94s - loss: 0.0108 - dice_for_iVOI: 0.9421
Epoch 33/100
400/400 - 94s - loss: 0.0109 - dice_for_iVOI: 0.9428
Epoch 34/100
400/400 - 94s - loss: 0.0145 - dice_for_iVOI: 0.9252
Epoch 35/100
400/400 - 94s - loss: 0.0119 - dice_for_iVOI: 0.9337
Epoch 36/100
400/400 - 94s - loss: 0.0134 - dice_for_iVOI: 0.9313
Epoch 37/100
400/400 - 94s - loss: 0.0107 - dice_for_iVOI: 0.9408
Epoch 38/100
400/400 - 94s - loss: 0.0106 - dice_for_iVOI: 0.9442
Epoch 39/100
400/400 - 94s - loss: 0.0103 - dice_for_iVOI: 0.9442
Epoch 40/100
400/400 - 94s - loss: 0.0100 - dice_for_iVOI: 0.9454
Epoch 41/100
400/400 - 94s - loss: 0.0102 - dice_for_iVOI: 0.9465
Epoch 42/100
400/400 - 94s - loss: 0.0097 - dice_for_iVOI: 0.9459
Epoch 43/100
400/400 - 94s - loss: 0.0097 - dice_for_iVOI: 0.9485
Epoch 44/100
400/400 - 94s - loss: 0.0098 - dice_for_iVOI: 0.9486
Epoch 45/100
400/400 - 94s - loss: 0.0096 - dice_for_iVOI: 0.9498
Epoch 46/100
400/400 - 94s - loss: 0.0091 - dice_for_iVOI: 0.9490
Epoch 47/100
400/400 - 94s - loss: 0.0092 - dice_for_iVOI: 0.9495
Epoch 48/100
400/400 - 94s - loss: 0.0114 - dice_for_iVOI: 0.9427
Epoch 49/100
400/400 - 94s - loss: 0.0187 - dice_for_iVOI: 0.9074
Epoch 50/100
400/400 - 94s - loss: 0.0109 - dice_for_iVOI: 0.9428
Epoch 51/100
400/400 - 94s - loss: 0.0104 - dice_for_iVOI: 0.9459
Epoch 52/100
400/400 - 94s - loss: 0.0099 - dice_for_iVOI: 0.9492
Epoch 53/100
400/400 - 94s - loss: 0.0095 - dice_for_iVOI: 0.9497
Epoch 54/100
400/400 - 94s - loss: 0.0091 - dice_for_iVOI: 0.9506
Epoch 55/100
400/400 - 94s - loss: 0.0089 - dice_for_iVOI: 0.9507
Epoch 56/100
400/400 - 94s - loss: 0.0088 - dice_for_iVOI: 0.9507
Epoch 57/100
400/400 - 94s - loss: 0.0088 - dice_for_iVOI: 0.9525
Epoch 58/100
400/400 - 94s - loss: 0.0086 - dice_for_iVOI: 0.9537
Epoch 59/100
400/400 - 94s - loss: 0.0085 - dice_for_iVOI: 0.9535
Epoch 60/100
400/400 - 94s - loss: 0.0087 - dice_for_iVOI: 0.9526
Epoch 61/100
400/400 - 94s - loss: 0.0119 - dice_for_iVOI: 0.9372
Epoch 62/100
400/400 - 94s - loss: 0.0108 - dice_for_iVOI: 0.9440
Epoch 63/100
400/400 - 94s - loss: 0.0091 - dice_for_iVOI: 0.9519
Epoch 64/100
400/400 - 94s - loss: 0.0086 - dice_for_iVOI: 0.9533
Epoch 65/100
400/400 - 94s - loss: 0.0087 - dice_for_iVOI: 0.9521
Epoch 66/100
400/400 - 94s - loss: 0.0087 - dice_for_iVOI: 0.9543
Epoch 67/100
400/400 - 94s - loss: 0.0086 - dice_for_iVOI: 0.9537
Epoch 68/100
400/400 - 95s - loss: 0.0086 - dice_for_iVOI: 0.9551
Epoch 69/100
400/400 - 95s - loss: 0.0082 - dice_for_iVOI: 0.9548
Epoch 70/100
400/400 - 94s - loss: 0.0082 - dice_for_iVOI: 0.9559
Epoch 71/100
400/400 - 95s - loss: 0.0082 - dice_for_iVOI: 0.9553
Epoch 72/100
400/400 - 95s - loss: 0.0084 - dice_for_iVOI: 0.9561
Epoch 73/100
400/400 - 95s - loss: 0.0081 - dice_for_iVOI: 0.9561
Epoch 74/100
400/400 - 94s - loss: 0.0080 - dice_for_iVOI: 0.9578
Epoch 75/100
400/400 - 94s - loss: 0.0076 - dice_for_iVOI: 0.9574
Epoch 76/100
400/400 - 94s - loss: 0.0081 - dice_for_iVOI: 0.9550
Epoch 77/100
400/400 - 94s - loss: 0.0078 - dice_for_iVOI: 0.9562
Epoch 78/100
400/400 - 94s - loss: 0.0078 - dice_for_iVOI: 0.9589
Epoch 79/100
400/400 - 94s - loss: 0.0076 - dice_for_iVOI: 0.9583
Epoch 80/100
400/400 - 94s - loss: 0.0079 - dice_for_iVOI: 0.9587
Epoch 81/100
400/400 - 94s - loss: 0.0116 - dice_for_iVOI: 0.9480
Epoch 82/100
400/400 - 94s - loss: 0.0155 - dice_for_iVOI: 0.9194
Epoch 83/100
400/400 - 94s - loss: 0.0105 - dice_for_iVOI: 0.9455
Epoch 84/100
400/400 - 94s - loss: 0.0089 - dice_for_iVOI: 0.9521
Epoch 85/100
400/400 - 94s - loss: 0.0082 - dice_for_iVOI: 0.9534
Epoch 86/100
400/400 - 94s - loss: 0.0084 - dice_for_iVOI: 0.9572
Epoch 87/100
400/400 - 94s - loss: 0.0081 - dice_for_iVOI: 0.9572
Epoch 88/100
400/400 - 94s - loss: 0.0074 - dice_for_iVOI: 0.9577
Epoch 89/100
400/400 - 94s - loss: 0.0076 - dice_for_iVOI: 0.9587
Epoch 90/100
400/400 - 94s - loss: 0.0076 - dice_for_iVOI: 0.9593
Epoch 91/100
400/400 - 94s - loss: 0.0074 - dice_for_iVOI: 0.9587
Epoch 92/100
400/400 - 94s - loss: 0.0076 - dice_for_iVOI: 0.9587
Epoch 93/100
400/400 - 94s - loss: 0.0077 - dice_for_iVOI: 0.9611
Epoch 94/100
400/400 - 94s - loss: 0.0075 - dice_for_iVOI: 0.9601
Epoch 95/100
400/400 - 94s - loss: 0.0074 - dice_for_iVOI: 0.9600
Epoch 96/100
400/400 - 94s - loss: 0.0072 - dice_for_iVOI: 0.9611
Epoch 97/100
400/400 - 94s - loss: 0.0071 - dice_for_iVOI: 0.9612
Epoch 98/100
400/400 - 94s - loss: 0.0074 - dice_for_iVOI: 0.9603
Epoch 99/100
400/400 - 94s - loss: 0.0070 - dice_for_iVOI: 0.9599
Epoch 100/100
400/400 - 94s - loss: 0.0081 - dice_for_iVOI: 0.9579
training time: 9446.174389839172
executation time:3.496273398399353
..generator_len: 400
..training_n_subject: 32
..training_n_patch_per_sub: 326592
Epoch 1/100
400/400 - 96s - loss: 0.0780 - dice_for_iVOI: 0.5625
Epoch 2/100
400/400 - 94s - loss: 0.0369 - dice_for_iVOI: 0.7620
Epoch 3/100
400/400 - 94s - loss: 0.0234 - dice_for_iVOI: 0.8480
Epoch 4/100
400/400 - 94s - loss: 0.0214 - dice_for_iVOI: 0.8674
Epoch 5/100
400/400 - 95s - loss: 0.0174 - dice_for_iVOI: 0.8854
Epoch 6/100
400/400 - 95s - loss: 0.0138 - dice_for_iVOI: 0.9067
Epoch 7/100
400/400 - 94s - loss: 0.0143 - dice_for_iVOI: 0.9075
Epoch 8/100
400/400 - 95s - loss: 0.0162 - dice_for_iVOI: 0.8956
Epoch 9/100
400/400 - 95s - loss: 0.0128 - dice_for_iVOI: 0.9145
Epoch 10/100
400/400 - 95s - loss: 0.0156 - dice_for_iVOI: 0.8995
Epoch 11/100
400/400 - 95s - loss: 0.0131 - dice_for_iVOI: 0.9157
Epoch 12/100
400/400 - 95s - loss: 0.0116 - dice_for_iVOI: 0.9224
Epoch 13/100
400/400 - 95s - loss: 0.0116 - dice_for_iVOI: 0.9232
Epoch 14/100
400/400 - 95s - loss: 0.0104 - dice_for_iVOI: 0.9281
Epoch 15/100
400/400 - 95s - loss: 0.0107 - dice_for_iVOI: 0.9283
Epoch 16/100
400/400 - 95s - loss: 0.0144 - dice_for_iVOI: 0.9065
Epoch 17/100
400/400 - 95s - loss: 0.0111 - dice_for_iVOI: 0.9270
Epoch 18/100
400/400 - 95s - loss: 0.0102 - dice_for_iVOI: 0.9311
Epoch 19/100
400/400 - 95s - loss: 0.0096 - dice_for_iVOI: 0.9345
Epoch 20/100
400/400 - 95s - loss: 0.0093 - dice_for_iVOI: 0.9375
Epoch 21/100
400/400 - 95s - loss: 0.0094 - dice_for_iVOI: 0.9375
Epoch 22/100
400/400 - 95s - loss: 0.0091 - dice_for_iVOI: 0.9384
Epoch 23/100
400/400 - 95s - loss: 0.0130 - dice_for_iVOI: 0.9181
Epoch 24/100
400/400 - 95s - loss: 0.0146 - dice_for_iVOI: 0.9101
Epoch 25/100
400/400 - 95s - loss: 0.0108 - dice_for_iVOI: 0.9285
Epoch 26/100
400/400 - 95s - loss: 0.0097 - dice_for_iVOI: 0.9361
Epoch 27/100
400/400 - 94s - loss: 0.0093 - dice_for_iVOI: 0.9388
Epoch 28/100
400/400 - 95s - loss: 0.0089 - dice_for_iVOI: 0.9417
Epoch 29/100
400/400 - 95s - loss: 0.0088 - dice_for_iVOI: 0.9418
Epoch 30/100
400/400 - 95s - loss: 0.0087 - dice_for_iVOI: 0.9416
Epoch 31/100
400/400 - 95s - loss: 0.0083 - dice_for_iVOI: 0.9441
Epoch 32/100
400/400 - 95s - loss: 0.0081 - dice_for_iVOI: 0.9464
Epoch 33/100
400/400 - 95s - loss: 0.0081 - dice_for_iVOI: 0.9453
Epoch 34/100
400/400 - 95s - loss: 0.0121 - dice_for_iVOI: 0.9225
Epoch 35/100
400/400 - 95s - loss: 0.0088 - dice_for_iVOI: 0.9420
Epoch 36/100
400/400 - 95s - loss: 0.0079 - dice_for_iVOI: 0.9461
Epoch 37/100
400/400 - 95s - loss: 0.0077 - dice_for_iVOI: 0.9475
Epoch 38/100
400/400 - 95s - loss: 0.0081 - dice_for_iVOI: 0.9453
Epoch 39/100
400/400 - 95s - loss: 0.0076 - dice_for_iVOI: 0.9493
Epoch 40/100
400/400 - 95s - loss: 0.0073 - dice_for_iVOI: 0.9496
Epoch 41/100
400/400 - 95s - loss: 0.0076 - dice_for_iVOI: 0.9507
Epoch 42/100
400/400 - 95s - loss: 0.0075 - dice_for_iVOI: 0.9515
Epoch 43/100
400/400 - 95s - loss: 0.0072 - dice_for_iVOI: 0.9508
Epoch 44/100
400/400 - 95s - loss: 0.0072 - dice_for_iVOI: 0.9516
Epoch 45/100
400/400 - 95s - loss: 0.0070 - dice_for_iVOI: 0.9529
Epoch 46/100
400/400 - 94s - loss: 0.0072 - dice_for_iVOI: 0.9516
Epoch 47/100
400/400 - 95s - loss: 0.0068 - dice_for_iVOI: 0.9532
Epoch 48/100
400/400 - 95s - loss: 0.0070 - dice_for_iVOI: 0.9534
Epoch 49/100
400/400 - 95s - loss: 0.0067 - dice_for_iVOI: 0.9537
Epoch 50/100
400/400 - 95s - loss: 0.0101 - dice_for_iVOI: 0.9336
Epoch 51/100
400/400 - 95s - loss: 0.0079 - dice_for_iVOI: 0.9458
Epoch 52/100
400/400 - 95s - loss: 0.0071 - dice_for_iVOI: 0.9532
Epoch 53/100
400/400 - 95s - loss: 0.0069 - dice_for_iVOI: 0.9539
Epoch 54/100
400/400 - 95s - loss: 0.0067 - dice_for_iVOI: 0.9549
Epoch 55/100
400/400 - 95s - loss: 0.0065 - dice_for_iVOI: 0.9561
Epoch 56/100
400/400 - 95s - loss: 0.0065 - dice_for_iVOI: 0.9555
Epoch 57/100
400/400 - 95s - loss: 0.0066 - dice_for_iVOI: 0.9568
Epoch 58/100
400/400 - 95s - loss: 0.0064 - dice_for_iVOI: 0.9570
Epoch 59/100
400/400 - 95s - loss: 0.0064 - dice_for_iVOI: 0.9583
Epoch 60/100
400/400 - 95s - loss: 0.0064 - dice_for_iVOI: 0.9564
Epoch 61/100
400/400 - 95s - loss: 0.0064 - dice_for_iVOI: 0.9571
Epoch 62/100
400/400 - 95s - loss: 0.0062 - dice_for_iVOI: 0.9581
Epoch 63/100
400/400 - 95s - loss: 0.0062 - dice_for_iVOI: 0.9584
Epoch 64/100
400/400 - 95s - loss: 0.0062 - dice_for_iVOI: 0.9583
Epoch 65/100
400/400 - 95s - loss: 0.0061 - dice_for_iVOI: 0.9585
Epoch 66/100
400/400 - 95s - loss: 0.0062 - dice_for_iVOI: 0.9586
Epoch 67/100
400/400 - 95s - loss: 0.0063 - dice_for_iVOI: 0.9595
Epoch 68/100
400/400 - 95s - loss: 0.0060 - dice_for_iVOI: 0.9595
Epoch 69/100
400/400 - 94s - loss: 0.0060 - dice_for_iVOI: 0.9599
Epoch 70/100
400/400 - 94s - loss: 0.0069 - dice_for_iVOI: 0.9525
Epoch 71/100
400/400 - 94s - loss: 0.0062 - dice_for_iVOI: 0.9592
Epoch 72/100
400/400 - 94s - loss: 0.0058 - dice_for_iVOI: 0.9602
Epoch 73/100
400/400 - 95s - loss: 0.0058 - dice_for_iVOI: 0.9612
Epoch 74/100
400/400 - 94s - loss: 0.0055 - dice_for_iVOI: 0.9617
Epoch 75/100
400/400 - 95s - loss: 0.0058 - dice_for_iVOI: 0.9613
Epoch 76/100
400/400 - 94s - loss: 0.0059 - dice_for_iVOI: 0.9611
Epoch 77/100
400/400 - 94s - loss: 0.0056 - dice_for_iVOI: 0.9615
Epoch 78/100
400/400 - 94s - loss: 0.0056 - dice_for_iVOI: 0.9624
Epoch 79/100
400/400 - 94s - loss: 0.0057 - dice_for_iVOI: 0.9623
Epoch 80/100
400/400 - 94s - loss: 0.0056 - dice_for_iVOI: 0.9614
Epoch 81/100
400/400 - 95s - loss: 0.0057 - dice_for_iVOI: 0.9615
Epoch 82/100
400/400 - 95s - loss: 0.0068 - dice_for_iVOI: 0.9554
Epoch 83/100
400/400 - 95s - loss: 0.0069 - dice_for_iVOI: 0.9544
Epoch 84/100
400/400 - 94s - loss: 0.0056 - dice_for_iVOI: 0.9615
Epoch 85/100
400/400 - 94s - loss: 0.0054 - dice_for_iVOI: 0.9622
Epoch 86/100
400/400 - 95s - loss: 0.0054 - dice_for_iVOI: 0.9635
Epoch 87/100
400/400 - 94s - loss: 0.0054 - dice_for_iVOI: 0.9635
Epoch 88/100
400/400 - 94s - loss: 0.0053 - dice_for_iVOI: 0.9637
Epoch 89/100
400/400 - 95s - loss: 0.0054 - dice_for_iVOI: 0.9629
Epoch 90/100
400/400 - 95s - loss: 0.0054 - dice_for_iVOI: 0.9647
Epoch 91/100
400/400 - 95s - loss: 0.0053 - dice_for_iVOI: 0.9645
Epoch 92/100
400/400 - 95s - loss: 0.0053 - dice_for_iVOI: 0.9640
Epoch 93/100
400/400 - 95s - loss: 0.0054 - dice_for_iVOI: 0.9640
Epoch 94/100
400/400 - 95s - loss: 0.0053 - dice_for_iVOI: 0.9644
Epoch 95/100
400/400 - 95s - loss: 0.0052 - dice_for_iVOI: 0.9647
Epoch 96/100
400/400 - 95s - loss: 0.0053 - dice_for_iVOI: 0.9646
Epoch 97/100
400/400 - 95s - loss: 0.0053 - dice_for_iVOI: 0.9649
Epoch 98/100
400/400 - 95s - loss: 0.0050 - dice_for_iVOI: 0.9657
Epoch 99/100
400/400 - 95s - loss: 0.0052 - dice_for_iVOI: 0.9649
Epoch 100/100
400/400 - 95s - loss: 0.0051 - dice_for_iVOI: 0.9647
training time: 9460.156537532806
executation time:3.548728883266449
[0.99745667 0.92417306]
