U-Net
[33mWARNING:[0m NVIDIA binaries may not be bound with --writable
2022-01-11 09:39:45.686658: I tensorflow/stream_executor/platform/default/dso_loader.cc:53] Successfully opened dynamic library libcudart.so.11.0
..data size:(63, 117, 159, 126)
2022-01-11 09:40:04.330024: I tensorflow/stream_executor/platform/default/dso_loader.cc:53] Successfully opened dynamic library libcuda.so.1
2022-01-11 09:40:04.397881: I tensorflow/core/common_runtime/gpu/gpu_device.cc:1734] Found device 0 with properties: 
pciBusID: 0000:03:00.0 name: Tesla P100-PCIE-12GB computeCapability: 6.0
coreClock: 1.3285GHz coreCount: 56 deviceMemorySize: 11.91GiB deviceMemoryBandwidth: 511.41GiB/s
2022-01-11 09:40:04.398670: I tensorflow/core/common_runtime/gpu/gpu_device.cc:1734] Found device 1 with properties: 
pciBusID: 0000:82:00.0 name: Tesla P100-PCIE-12GB computeCapability: 6.0
coreClock: 1.3285GHz coreCount: 56 deviceMemorySize: 11.91GiB deviceMemoryBandwidth: 511.41GiB/s
2022-01-11 09:40:04.398702: I tensorflow/stream_executor/platform/default/dso_loader.cc:53] Successfully opened dynamic library libcudart.so.11.0
2022-01-11 09:40:04.526090: I tensorflow/stream_executor/platform/default/dso_loader.cc:53] Successfully opened dynamic library libcublas.so.11
2022-01-11 09:40:04.526158: I tensorflow/stream_executor/platform/default/dso_loader.cc:53] Successfully opened dynamic library libcublasLt.so.11
2022-01-11 09:40:04.561641: I tensorflow/stream_executor/platform/default/dso_loader.cc:53] Successfully opened dynamic library libcufft.so.10
2022-01-11 09:40:04.623143: I tensorflow/stream_executor/platform/default/dso_loader.cc:53] Successfully opened dynamic library libcurand.so.10
2022-01-11 09:40:04.639470: I tensorflow/stream_executor/platform/default/dso_loader.cc:53] Successfully opened dynamic library libcusolver.so.11
2022-01-11 09:40:04.677760: I tensorflow/stream_executor/platform/default/dso_loader.cc:53] Successfully opened dynamic library libcusparse.so.11
2022-01-11 09:40:04.684409: I tensorflow/stream_executor/platform/default/dso_loader.cc:53] Successfully opened dynamic library libcudnn.so.8
2022-01-11 09:40:04.688039: I tensorflow/core/common_runtime/gpu/gpu_device.cc:1872] Adding visible gpu devices: 0, 1
2022-01-11 09:40:04.893844: I tensorflow/core/common_runtime/gpu/gpu_device.cc:1734] Found device 0 with properties: 
pciBusID: 0000:03:00.0 name: Tesla P100-PCIE-12GB computeCapability: 6.0
coreClock: 1.3285GHz coreCount: 56 deviceMemorySize: 11.91GiB deviceMemoryBandwidth: 511.41GiB/s
2022-01-11 09:40:04.894582: I tensorflow/core/common_runtime/gpu/gpu_device.cc:1734] Found device 1 with properties: 
pciBusID: 0000:82:00.0 name: Tesla P100-PCIE-12GB computeCapability: 6.0
coreClock: 1.3285GHz coreCount: 56 deviceMemorySize: 11.91GiB deviceMemoryBandwidth: 511.41GiB/s
2022-01-11 09:40:04.897286: I tensorflow/core/common_runtime/gpu/gpu_device.cc:1872] Adding visible gpu devices: 0, 1
2022-01-11 09:40:04.897986: I tensorflow/stream_executor/platform/default/dso_loader.cc:53] Successfully opened dynamic library libcudart.so.11.0
2022-01-11 09:40:06.992698: I tensorflow/core/common_runtime/gpu/gpu_device.cc:1258] Device interconnect StreamExecutor with strength 1 edge matrix:
2022-01-11 09:40:06.992754: I tensorflow/core/common_runtime/gpu/gpu_device.cc:1264]      0 1 
2022-01-11 09:40:06.992770: I tensorflow/core/common_runtime/gpu/gpu_device.cc:1277] 0:   N N 
2022-01-11 09:40:06.992777: I tensorflow/core/common_runtime/gpu/gpu_device.cc:1277] 1:   N N 
2022-01-11 09:40:06.996742: I tensorflow/core/common_runtime/gpu/gpu_device.cc:1418] Created TensorFlow device (/job:localhost/replica:0/task:0/device:GPU:0 with 11158 MB memory) -> physical GPU (device: 0, name: Tesla P100-PCIE-12GB, pci bus id: 0000:03:00.0, compute capability: 6.0)
2022-01-11 09:40:07.006807: I tensorflow/core/common_runtime/gpu/gpu_device.cc:1418] Created TensorFlow device (/job:localhost/replica:0/task:0/device:GPU:1 with 11158 MB memory) -> physical GPU (device: 1, name: Tesla P100-PCIE-12GB, pci bus id: 0000:82:00.0, compute capability: 6.0)
2022-01-11 09:40:07.640269: I tensorflow/core/common_runtime/gpu/gpu_device.cc:1734] Found device 0 with properties: 
pciBusID: 0000:03:00.0 name: Tesla P100-PCIE-12GB computeCapability: 6.0
coreClock: 1.3285GHz coreCount: 56 deviceMemorySize: 11.91GiB deviceMemoryBandwidth: 511.41GiB/s
2022-01-11 09:40:07.641036: I tensorflow/core/common_runtime/gpu/gpu_device.cc:1734] Found device 1 with properties: 
pciBusID: 0000:82:00.0 name: Tesla P100-PCIE-12GB computeCapability: 6.0
coreClock: 1.3285GHz coreCount: 56 deviceMemorySize: 11.91GiB deviceMemoryBandwidth: 511.41GiB/s
2022-01-11 09:40:07.643074: I tensorflow/core/common_runtime/gpu/gpu_device.cc:1872] Adding visible gpu devices: 0, 1
2022-01-11 09:40:07.643113: I tensorflow/core/common_runtime/gpu/gpu_device.cc:1258] Device interconnect StreamExecutor with strength 1 edge matrix:
2022-01-11 09:40:07.643124: I tensorflow/core/common_runtime/gpu/gpu_device.cc:1264]      0 1 
2022-01-11 09:40:07.643132: I tensorflow/core/common_runtime/gpu/gpu_device.cc:1277] 0:   N N 
2022-01-11 09:40:07.643139: I tensorflow/core/common_runtime/gpu/gpu_device.cc:1277] 1:   N N 
2022-01-11 09:40:07.644625: I tensorflow/core/common_runtime/gpu/gpu_device.cc:1418] Created TensorFlow device (/job:localhost/replica:0/task:0/device:GPU:0 with 11158 MB memory) -> physical GPU (device: 0, name: Tesla P100-PCIE-12GB, pci bus id: 0000:03:00.0, compute capability: 6.0)
2022-01-11 09:40:07.645346: I tensorflow/core/common_runtime/gpu/gpu_device.cc:1418] Created TensorFlow device (/job:localhost/replica:0/task:0/device:GPU:1 with 11158 MB memory) -> physical GPU (device: 1, name: Tesla P100-PCIE-12GB, pci bus id: 0000:82:00.0, compute capability: 6.0)
..loading data finished
---------fold--1---------
training set:  [12 13 14 15 16 17 18 19 20 21 22 23 24 25 26 27 28 29 30 31 32 33 34 35
 36 37 38 39 40 41 42 43 44 45 46 47 48 49 50 51 52 53 54 55 56 57 58 59]
training set size:  48
testing set:  [ 0  1  2  3  4  5  6  7  8  9 10 11]
testing set size:  12
..generator_len: 400
..training_n_subject: 48
..training_n_patch_per_sub: 326592
2022-01-11 09:40:08.816721: I tensorflow/compiler/mlir/mlir_graph_optimization_pass.cc:176] None of the MLIR Optimization Passes are enabled (registered 2)
2022-01-11 09:40:08.817295: I tensorflow/core/platform/profile_utils/cpu_utils.cc:114] CPU Frequency: 2400085000 Hz
2022-01-11 09:40:12.313248: I tensorflow/stream_executor/platform/default/dso_loader.cc:53] Successfully opened dynamic library libcudnn.so.8
2022-01-11 09:40:13.542877: I tensorflow/stream_executor/cuda/cuda_dnn.cc:380] Loaded cuDNN version 8202
2022-01-11 09:40:15.155343: I tensorflow/stream_executor/platform/default/dso_loader.cc:53] Successfully opened dynamic library libcublas.so.11
2022-01-11 09:40:16.350217: I tensorflow/stream_executor/platform/default/dso_loader.cc:53] Successfully opened dynamic library libcublasLt.so.11
Epoch 1/100
400/400 - 559s - loss: 0.1430 - dice_for_iVOI: 0.3968
Epoch 2/100
400/400 - 510s - loss: 0.0918 - dice_for_iVOI: 0.5594
Epoch 3/100
400/400 - 510s - loss: 0.0718 - dice_for_iVOI: 0.6356
Epoch 4/100
400/400 - 510s - loss: 0.0535 - dice_for_iVOI: 0.7254
Epoch 5/100
400/400 - 509s - loss: 0.0484 - dice_for_iVOI: 0.7531
Epoch 6/100
400/400 - 509s - loss: 0.0304 - dice_for_iVOI: 0.8333
Epoch 7/100
400/400 - 510s - loss: 0.0277 - dice_for_iVOI: 0.8472
Epoch 8/100
400/400 - 510s - loss: 0.0259 - dice_for_iVOI: 0.8558
Epoch 9/100
400/400 - 510s - loss: 0.0548 - dice_for_iVOI: 0.7438
Epoch 10/100
400/400 - 510s - loss: 0.0286 - dice_for_iVOI: 0.8474
Epoch 11/100
400/400 - 510s - loss: 0.0214 - dice_for_iVOI: 0.8824
Epoch 12/100
400/400 - 510s - loss: 0.0180 - dice_for_iVOI: 0.8994
Epoch 13/100
400/400 - 509s - loss: 0.0290 - dice_for_iVOI: 0.8527
Epoch 14/100
400/400 - 510s - loss: 0.0181 - dice_for_iVOI: 0.8967
Epoch 15/100
400/400 - 509s - loss: 0.0161 - dice_for_iVOI: 0.9055
Epoch 16/100
400/400 - 509s - loss: 0.0162 - dice_for_iVOI: 0.9064
Epoch 17/100
400/400 - 510s - loss: 0.0169 - dice_for_iVOI: 0.8998
Epoch 18/100
400/400 - 510s - loss: 0.0157 - dice_for_iVOI: 0.9104
Epoch 19/100
400/400 - 510s - loss: 0.0152 - dice_for_iVOI: 0.9163
Epoch 20/100
400/400 - 510s - loss: 0.0154 - dice_for_iVOI: 0.9159
Epoch 21/100
400/400 - 510s - loss: 0.0170 - dice_for_iVOI: 0.9063
Epoch 22/100
400/400 - 510s - loss: 0.0235 - dice_for_iVOI: 0.8752
Epoch 23/100
400/400 - 510s - loss: 0.0152 - dice_for_iVOI: 0.9123
Epoch 24/100
400/400 - 509s - loss: 0.0268 - dice_for_iVOI: 0.8624
Epoch 25/100
400/400 - 509s - loss: 0.0167 - dice_for_iVOI: 0.9092
Epoch 26/100
400/400 - 510s - loss: 0.0148 - dice_for_iVOI: 0.9156
Epoch 27/100
400/400 - 510s - loss: 0.0142 - dice_for_iVOI: 0.9170
Epoch 28/100
400/400 - 510s - loss: 0.0139 - dice_for_iVOI: 0.9214
Epoch 29/100
400/400 - 509s - loss: 0.0140 - dice_for_iVOI: 0.9213
Epoch 30/100
400/400 - 510s - loss: 0.0136 - dice_for_iVOI: 0.9231
Epoch 31/100
400/400 - 510s - loss: 0.0129 - dice_for_iVOI: 0.9226
Epoch 32/100
400/400 - 510s - loss: 0.0131 - dice_for_iVOI: 0.9246
Epoch 33/100
400/400 - 510s - loss: 0.0139 - dice_for_iVOI: 0.9202
Epoch 34/100
400/400 - 510s - loss: 0.0154 - dice_for_iVOI: 0.9158
Epoch 35/100
400/400 - 510s - loss: 0.0136 - dice_for_iVOI: 0.9203
Epoch 36/100
400/400 - 510s - loss: 0.0131 - dice_for_iVOI: 0.9274
Epoch 37/100
400/400 - 509s - loss: 0.0127 - dice_for_iVOI: 0.9276
Epoch 38/100
400/400 - 510s - loss: 0.0124 - dice_for_iVOI: 0.9259
Epoch 39/100
400/400 - 510s - loss: 0.0170 - dice_for_iVOI: 0.9047
Epoch 40/100
400/400 - 510s - loss: 0.0134 - dice_for_iVOI: 0.9224
Epoch 41/100
400/400 - 510s - loss: 0.0127 - dice_for_iVOI: 0.9277
Epoch 42/100
400/400 - 509s - loss: 0.0271 - dice_for_iVOI: 0.8697
Epoch 43/100
400/400 - 509s - loss: 0.0145 - dice_for_iVOI: 0.9190
Epoch 44/100
400/400 - 509s - loss: 0.0130 - dice_for_iVOI: 0.9236
Epoch 45/100
400/400 - 509s - loss: 0.0126 - dice_for_iVOI: 0.9262
Epoch 46/100
400/400 - 510s - loss: 0.0126 - dice_for_iVOI: 0.9286
Epoch 47/100
400/400 - 510s - loss: 0.0124 - dice_for_iVOI: 0.9304
Epoch 48/100
400/400 - 510s - loss: 0.0178 - dice_for_iVOI: 0.9075
Epoch 49/100
400/400 - 510s - loss: 0.0132 - dice_for_iVOI: 0.9263
Epoch 50/100
400/400 - 510s - loss: 0.0124 - dice_for_iVOI: 0.9305
Epoch 51/100
400/400 - 510s - loss: 0.0124 - dice_for_iVOI: 0.9299
Epoch 52/100
400/400 - 510s - loss: 0.0121 - dice_for_iVOI: 0.9306
Epoch 53/100
400/400 - 510s - loss: 0.0123 - dice_for_iVOI: 0.9317
Epoch 54/100
400/400 - 510s - loss: 0.0118 - dice_for_iVOI: 0.9320
Epoch 55/100
400/400 - 510s - loss: 0.0118 - dice_for_iVOI: 0.9319
Epoch 56/100
400/400 - 510s - loss: 0.0118 - dice_for_iVOI: 0.9328
Epoch 57/100
400/400 - 510s - loss: 0.0113 - dice_for_iVOI: 0.9329
Epoch 58/100
400/400 - 510s - loss: 0.0205 - dice_for_iVOI: 0.9032
Epoch 59/100
400/400 - 510s - loss: 0.0133 - dice_for_iVOI: 0.9215
Epoch 60/100
400/400 - 510s - loss: 0.0125 - dice_for_iVOI: 0.9314
Epoch 61/100
400/400 - 510s - loss: 0.0120 - dice_for_iVOI: 0.9338
Epoch 62/100
400/400 - 510s - loss: 0.0130 - dice_for_iVOI: 0.9278
Epoch 63/100
400/400 - 509s - loss: 0.0111 - dice_for_iVOI: 0.9334
Epoch 64/100
400/400 - 509s - loss: 0.0114 - dice_for_iVOI: 0.9358
Epoch 65/100
400/400 - 509s - loss: 0.0113 - dice_for_iVOI: 0.9367
Epoch 66/100
400/400 - 509s - loss: 0.0109 - dice_for_iVOI: 0.9365
Epoch 67/100
400/400 - 510s - loss: 0.0119 - dice_for_iVOI: 0.9326
Epoch 68/100
400/400 - 510s - loss: 0.0117 - dice_for_iVOI: 0.9340
Epoch 69/100
400/400 - 509s - loss: 0.0109 - dice_for_iVOI: 0.9353
Epoch 70/100
400/400 - 510s - loss: 0.0110 - dice_for_iVOI: 0.9396
Epoch 71/100
400/400 - 510s - loss: 0.0157 - dice_for_iVOI: 0.9157
Epoch 72/100
400/400 - 510s - loss: 0.0116 - dice_for_iVOI: 0.9327
Epoch 73/100
400/400 - 509s - loss: 0.0111 - dice_for_iVOI: 0.9359
Epoch 74/100
400/400 - 509s - loss: 0.0110 - dice_for_iVOI: 0.9364
Epoch 75/100
400/400 - 509s - loss: 0.0144 - dice_for_iVOI: 0.9242
Epoch 76/100
400/400 - 509s - loss: 0.0113 - dice_for_iVOI: 0.9348
Epoch 77/100
400/400 - 509s - loss: 0.0107 - dice_for_iVOI: 0.9370
Epoch 78/100
400/400 - 509s - loss: 0.0103 - dice_for_iVOI: 0.9373
Epoch 79/100
400/400 - 509s - loss: 0.0106 - dice_for_iVOI: 0.9407
Epoch 80/100
400/400 - 509s - loss: 0.0106 - dice_for_iVOI: 0.9399
Epoch 81/100
400/400 - 509s - loss: 0.0106 - dice_for_iVOI: 0.9403
Epoch 82/100
400/400 - 509s - loss: 0.0104 - dice_for_iVOI: 0.9392
Epoch 83/100
400/400 - 509s - loss: 0.0103 - dice_for_iVOI: 0.9413
Epoch 84/100
400/400 - 510s - loss: 0.0103 - dice_for_iVOI: 0.9409
Epoch 85/100
400/400 - 510s - loss: 0.0101 - dice_for_iVOI: 0.9414
Epoch 86/100
400/400 - 510s - loss: 0.0105 - dice_for_iVOI: 0.9412
Epoch 87/100
400/400 - 510s - loss: 0.0103 - dice_for_iVOI: 0.9431
Epoch 88/100
400/400 - 510s - loss: 0.0104 - dice_for_iVOI: 0.9416
Epoch 89/100
400/400 - 509s - loss: 0.0100 - dice_for_iVOI: 0.9414
Epoch 90/100
400/400 - 509s - loss: 0.0100 - dice_for_iVOI: 0.9434
Epoch 91/100
400/400 - 509s - loss: 0.0103 - dice_for_iVOI: 0.9403
Epoch 92/100
400/400 - 510s - loss: 0.0101 - dice_for_iVOI: 0.9438
Epoch 93/100
400/400 - 509s - loss: 0.0101 - dice_for_iVOI: 0.9424
Epoch 94/100
400/400 - 509s - loss: 0.0099 - dice_for_iVOI: 0.9454
Epoch 95/100
400/400 - 509s - loss: 0.0099 - dice_for_iVOI: 0.9437
Epoch 96/100
400/400 - 509s - loss: 0.0095 - dice_for_iVOI: 0.9445
Epoch 97/100
400/400 - 509s - loss: 0.0098 - dice_for_iVOI: 0.9455
Epoch 98/100
400/400 - 510s - loss: 0.0096 - dice_for_iVOI: 0.9457
Epoch 99/100
400/400 - 509s - loss: 0.0106 - dice_for_iVOI: 0.9372
Epoch 100/100
400/400 - 509s - loss: 0.0191 - dice_for_iVOI: 0.9124
2022-01-11 23:55:09.897261: I tensorflow/core/common_runtime/gpu/gpu_device.cc:1734] Found device 0 with properties: 
pciBusID: 0000:03:00.0 name: Tesla P100-PCIE-12GB computeCapability: 6.0
coreClock: 1.3285GHz coreCount: 56 deviceMemorySize: 11.91GiB deviceMemoryBandwidth: 511.41GiB/s
2022-01-11 23:55:09.914595: I tensorflow/core/common_runtime/gpu/gpu_device.cc:1734] Found device 1 with properties: 
pciBusID: 0000:82:00.0 name: Tesla P100-PCIE-12GB computeCapability: 6.0
coreClock: 1.3285GHz coreCount: 56 deviceMemorySize: 11.91GiB deviceMemoryBandwidth: 511.41GiB/s
2022-01-11 23:55:09.916744: I tensorflow/core/common_runtime/gpu/gpu_device.cc:1872] Adding visible gpu devices: 0, 1
2022-01-11 23:55:09.916803: I tensorflow/core/common_runtime/gpu/gpu_device.cc:1258] Device interconnect StreamExecutor with strength 1 edge matrix:
2022-01-11 23:55:09.916816: I tensorflow/core/common_runtime/gpu/gpu_device.cc:1264]      0 1 
2022-01-11 23:55:09.916825: I tensorflow/core/common_runtime/gpu/gpu_device.cc:1277] 0:   N N 
2022-01-11 23:55:09.916833: I tensorflow/core/common_runtime/gpu/gpu_device.cc:1277] 1:   N N 
2022-01-11 23:55:09.918384: I tensorflow/core/common_runtime/gpu/gpu_device.cc:1418] Created TensorFlow device (/job:localhost/replica:0/task:0/device:GPU:0 with 11158 MB memory) -> physical GPU (device: 0, name: Tesla P100-PCIE-12GB, pci bus id: 0000:03:00.0, compute capability: 6.0)
2022-01-11 23:55:09.919162: I tensorflow/core/common_runtime/gpu/gpu_device.cc:1418] Created TensorFlow device (/job:localhost/replica:0/task:0/device:GPU:1 with 11158 MB memory) -> physical GPU (device: 1, name: Tesla P100-PCIE-12GB, pci bus id: 0000:82:00.0, compute capability: 6.0)
training time: 51009.97019338608
executation time:23.645672003428142
---------fold--2---------
training set:  [ 0  1  2  3  4  5  6  7  8  9 10 11 24 25 26 27 28 29 30 31 32 33 34 35
 36 37 38 39 40 41 42 43 44 45 46 47 48 49 50 51 52 53 54 55 56 57 58 59]
training set size:  48
testing set:  [12 13 14 15 16 17 18 19 20 21 22 23]
testing set size:  12
..generator_len: 400
..training_n_subject: 48
..training_n_patch_per_sub: 326592
Epoch 1/100
400/400 - 511s - loss: 0.1241 - dice_for_iVOI: 0.4770
Epoch 2/100
400/400 - 508s - loss: 0.0762 - dice_for_iVOI: 0.6432
Epoch 3/100
400/400 - 508s - loss: 0.0547 - dice_for_iVOI: 0.7233
Epoch 4/100
400/400 - 508s - loss: 0.0602 - dice_for_iVOI: 0.7006
Epoch 5/100
400/400 - 508s - loss: 0.0424 - dice_for_iVOI: 0.7820
Epoch 6/100
400/400 - 508s - loss: 0.0307 - dice_for_iVOI: 0.8358
Epoch 7/100
400/400 - 508s - loss: 0.0248 - dice_for_iVOI: 0.8636
Epoch 8/100
400/400 - 508s - loss: 0.0296 - dice_for_iVOI: 0.8519
Epoch 9/100
400/400 - 508s - loss: 0.0209 - dice_for_iVOI: 0.8830
Epoch 10/100
400/400 - 508s - loss: 0.0218 - dice_for_iVOI: 0.8830
Epoch 11/100
400/400 - 508s - loss: 0.0185 - dice_for_iVOI: 0.8957
Epoch 12/100
400/400 - 508s - loss: 0.0228 - dice_for_iVOI: 0.8792
Epoch 13/100
400/400 - 509s - loss: 0.0171 - dice_for_iVOI: 0.9050
Epoch 14/100
400/400 - 508s - loss: 0.0470 - dice_for_iVOI: 0.7739
Epoch 15/100
400/400 - 508s - loss: 0.0205 - dice_for_iVOI: 0.8884
Epoch 16/100
400/400 - 509s - loss: 0.0174 - dice_for_iVOI: 0.9030
Epoch 17/100
400/400 - 508s - loss: 0.0172 - dice_for_iVOI: 0.9058
Epoch 18/100
400/400 - 508s - loss: 0.0164 - dice_for_iVOI: 0.9093
Epoch 19/100
400/400 - 508s - loss: 0.0267 - dice_for_iVOI: 0.8687
Epoch 20/100
400/400 - 509s - loss: 0.0194 - dice_for_iVOI: 0.8928
Epoch 21/100
400/400 - 508s - loss: 0.0171 - dice_for_iVOI: 0.9078
Epoch 22/100
400/400 - 508s - loss: 0.0159 - dice_for_iVOI: 0.9143
Epoch 23/100
400/400 - 508s - loss: 0.0181 - dice_for_iVOI: 0.9027
Epoch 24/100
400/400 - 508s - loss: 0.0152 - dice_for_iVOI: 0.9156
Epoch 25/100
400/400 - 508s - loss: 0.0156 - dice_for_iVOI: 0.9150
Epoch 26/100
400/400 - 509s - loss: 0.0150 - dice_for_iVOI: 0.9164
Epoch 27/100
400/400 - 508s - loss: 0.0146 - dice_for_iVOI: 0.9167
Epoch 28/100
400/400 - 509s - loss: 0.0145 - dice_for_iVOI: 0.9204
Epoch 29/100
400/400 - 509s - loss: 0.0140 - dice_for_iVOI: 0.9222
Epoch 30/100
400/400 - 509s - loss: 0.0221 - dice_for_iVOI: 0.8857
Epoch 31/100
400/400 - 508s - loss: 0.0160 - dice_for_iVOI: 0.9134
Epoch 32/100
400/400 - 509s - loss: 0.0188 - dice_for_iVOI: 0.9062
Epoch 33/100
400/400 - 508s - loss: 0.0203 - dice_for_iVOI: 0.8950
Epoch 34/100
400/400 - 508s - loss: 0.0149 - dice_for_iVOI: 0.9183
Epoch 35/100
400/400 - 509s - loss: 0.0146 - dice_for_iVOI: 0.9209
Epoch 36/100
400/400 - 508s - loss: 0.0144 - dice_for_iVOI: 0.9221
Epoch 37/100
400/400 - 509s - loss: 0.0141 - dice_for_iVOI: 0.9220
Epoch 38/100
400/400 - 509s - loss: 0.0144 - dice_for_iVOI: 0.9194
Epoch 39/100
400/400 - 508s - loss: 0.0131 - dice_for_iVOI: 0.9222
Epoch 40/100
400/400 - 508s - loss: 0.0141 - dice_for_iVOI: 0.9228
Epoch 41/100
400/400 - 508s - loss: 0.0138 - dice_for_iVOI: 0.9248
Epoch 42/100
400/400 - 508s - loss: 0.0238 - dice_for_iVOI: 0.8928
Epoch 43/100
400/400 - 508s - loss: 0.0147 - dice_for_iVOI: 0.9196
Epoch 44/100
400/400 - 508s - loss: 0.0137 - dice_for_iVOI: 0.9252
Epoch 45/100
400/400 - 508s - loss: 0.0138 - dice_for_iVOI: 0.9268
Epoch 46/100
400/400 - 508s - loss: 0.0132 - dice_for_iVOI: 0.9268
Epoch 47/100
400/400 - 508s - loss: 0.0128 - dice_for_iVOI: 0.9277
Epoch 48/100
400/400 - 509s - loss: 0.0130 - dice_for_iVOI: 0.9302
Epoch 49/100
400/400 - 509s - loss: 0.0126 - dice_for_iVOI: 0.9291
Epoch 50/100
400/400 - 508s - loss: 0.0130 - dice_for_iVOI: 0.9292
Epoch 51/100
400/400 - 509s - loss: 0.0122 - dice_for_iVOI: 0.9304
Epoch 52/100
400/400 - 508s - loss: 0.0127 - dice_for_iVOI: 0.9319
Epoch 53/100
400/400 - 508s - loss: 0.0278 - dice_for_iVOI: 0.8786
Epoch 54/100
400/400 - 508s - loss: 0.0146 - dice_for_iVOI: 0.9158
Epoch 55/100
400/400 - 508s - loss: 0.0134 - dice_for_iVOI: 0.9243
Epoch 56/100
400/400 - 508s - loss: 0.0130 - dice_for_iVOI: 0.9290
Epoch 57/100
400/400 - 509s - loss: 0.0130 - dice_for_iVOI: 0.9287
Epoch 58/100
400/400 - 508s - loss: 0.0124 - dice_for_iVOI: 0.9315
Epoch 59/100
400/400 - 508s - loss: 0.0123 - dice_for_iVOI: 0.9311
Epoch 60/100
400/400 - 508s - loss: 0.0120 - dice_for_iVOI: 0.9328
Epoch 61/100
400/400 - 508s - loss: 0.0124 - dice_for_iVOI: 0.9324
Epoch 62/100
400/400 - 508s - loss: 0.0123 - dice_for_iVOI: 0.9339
Epoch 63/100
400/400 - 508s - loss: 0.0121 - dice_for_iVOI: 0.9337
Epoch 64/100
400/400 - 509s - loss: 0.0119 - dice_for_iVOI: 0.9341
Epoch 65/100
400/400 - 508s - loss: 0.0120 - dice_for_iVOI: 0.9362
Epoch 66/100
400/400 - 508s - loss: 0.0117 - dice_for_iVOI: 0.9350
Epoch 67/100
400/400 - 508s - loss: 0.0148 - dice_for_iVOI: 0.9207
Epoch 68/100
400/400 - 508s - loss: 0.0125 - dice_for_iVOI: 0.9297
Epoch 69/100
400/400 - 508s - loss: 0.0118 - dice_for_iVOI: 0.9364
Epoch 70/100
400/400 - 508s - loss: 0.0112 - dice_for_iVOI: 0.9357
Epoch 71/100
400/400 - 508s - loss: 0.0110 - dice_for_iVOI: 0.9374
Epoch 72/100
400/400 - 508s - loss: 0.0114 - dice_for_iVOI: 0.9367
Epoch 73/100
400/400 - 508s - loss: 0.0112 - dice_for_iVOI: 0.9380
Epoch 74/100
400/400 - 509s - loss: 0.0136 - dice_for_iVOI: 0.9290
Epoch 75/100
400/400 - 508s - loss: 0.0190 - dice_for_iVOI: 0.9047
Epoch 76/100
400/400 - 509s - loss: 0.0146 - dice_for_iVOI: 0.9213
Epoch 77/100
400/400 - 508s - loss: 0.0129 - dice_for_iVOI: 0.9293
Epoch 78/100
400/400 - 508s - loss: 0.0117 - dice_for_iVOI: 0.9365
Epoch 79/100
400/400 - 508s - loss: 0.0116 - dice_for_iVOI: 0.9374
Epoch 80/100
400/400 - 508s - loss: 0.0113 - dice_for_iVOI: 0.9374
Epoch 81/100
400/400 - 508s - loss: 0.0112 - dice_for_iVOI: 0.9381
Epoch 82/100
400/400 - 508s - loss: 0.0110 - dice_for_iVOI: 0.9418
Epoch 83/100
400/400 - 508s - loss: 0.0121 - dice_for_iVOI: 0.9326
Epoch 84/100
400/400 - 508s - loss: 0.0142 - dice_for_iVOI: 0.9218
Epoch 85/100
400/400 - 509s - loss: 0.0114 - dice_for_iVOI: 0.9370
Epoch 86/100
400/400 - 508s - loss: 0.0115 - dice_for_iVOI: 0.9393
Epoch 87/100
400/400 - 509s - loss: 0.0111 - dice_for_iVOI: 0.9400
Epoch 88/100
400/400 - 508s - loss: 0.0104 - dice_for_iVOI: 0.9382
Epoch 89/100
400/400 - 508s - loss: 0.0107 - dice_for_iVOI: 0.9403
Epoch 90/100
400/400 - 508s - loss: 0.0115 - dice_for_iVOI: 0.9375
Epoch 91/100
400/400 - 508s - loss: 0.0111 - dice_for_iVOI: 0.9393
Epoch 92/100
400/400 - 509s - loss: 0.0119 - dice_for_iVOI: 0.9349
Epoch 93/100
400/400 - 508s - loss: 0.0109 - dice_for_iVOI: 0.9383
Epoch 94/100
400/400 - 508s - loss: 0.0106 - dice_for_iVOI: 0.9412
Epoch 95/100
400/400 - 508s - loss: 0.0102 - dice_for_iVOI: 0.9411
Epoch 96/100
400/400 - 508s - loss: 0.0107 - dice_for_iVOI: 0.9437
Epoch 97/100
400/400 - 508s - loss: 0.0105 - dice_for_iVOI: 0.9424
Epoch 98/100
400/400 - 508s - loss: 0.0104 - dice_for_iVOI: 0.9427
Epoch 99/100
400/400 - 508s - loss: 0.0102 - dice_for_iVOI: 0.9446
Epoch 100/100
400/400 - 508s - loss: 0.0098 - dice_for_iVOI: 0.9434
2022-01-12 14:07:23.232213: I tensorflow/core/common_runtime/gpu/gpu_device.cc:1734] Found device 0 with properties: 
pciBusID: 0000:03:00.0 name: Tesla P100-PCIE-12GB computeCapability: 6.0
coreClock: 1.3285GHz coreCount: 56 deviceMemorySize: 11.91GiB deviceMemoryBandwidth: 511.41GiB/s
2022-01-12 14:07:23.233507: I tensorflow/core/common_runtime/gpu/gpu_device.cc:1734] Found device 1 with properties: 
pciBusID: 0000:82:00.0 name: Tesla P100-PCIE-12GB computeCapability: 6.0
coreClock: 1.3285GHz coreCount: 56 deviceMemorySize: 11.91GiB deviceMemoryBandwidth: 511.41GiB/s
2022-01-12 14:07:23.235795: I tensorflow/core/common_runtime/gpu/gpu_device.cc:1872] Adding visible gpu devices: 0, 1
2022-01-12 14:07:23.235850: I tensorflow/core/common_runtime/gpu/gpu_device.cc:1258] Device interconnect StreamExecutor with strength 1 edge matrix:
2022-01-12 14:07:23.235862: I tensorflow/core/common_runtime/gpu/gpu_device.cc:1264]      0 1 
2022-01-12 14:07:23.235871: I tensorflow/core/common_runtime/gpu/gpu_device.cc:1277] 0:   N N 
2022-01-12 14:07:23.235878: I tensorflow/core/common_runtime/gpu/gpu_device.cc:1277] 1:   N N 
2022-01-12 14:07:23.237372: I tensorflow/core/common_runtime/gpu/gpu_device.cc:1418] Created TensorFlow device (/job:localhost/replica:0/task:0/device:GPU:0 with 11158 MB memory) -> physical GPU (device: 0, name: Tesla P100-PCIE-12GB, pci bus id: 0000:03:00.0, compute capability: 6.0)
2022-01-12 14:07:23.238157: I tensorflow/core/common_runtime/gpu/gpu_device.cc:1418] Created TensorFlow device (/job:localhost/replica:0/task:0/device:GPU:1 with 11158 MB memory) -> physical GPU (device: 1, name: Tesla P100-PCIE-12GB, pci bus id: 0000:82:00.0, compute capability: 6.0)
training time: 50850.190162181854
executation time:22.901357034842174
---------fold--3---------
training set:  [ 0  1  2  3  4  5  6  7  8  9 10 11 12 13 14 15 16 17 18 19 20 21 22 23
 36 37 38 39 40 41 42 43 44 45 46 47 48 49 50 51 52 53 54 55 56 57 58 59]
training set size:  48
testing set:  [24 25 26 27 28 29 30 31 32 33 34 35]
testing set size:  12
..generator_len: 400
..training_n_subject: 48
..training_n_patch_per_sub: 326592
Epoch 1/100
400/400 - 512s - loss: 0.1130 - dice_for_iVOI: 0.4671
Epoch 2/100
400/400 - 509s - loss: 0.0722 - dice_for_iVOI: 0.6318
Epoch 3/100
400/400 - 509s - loss: 0.0546 - dice_for_iVOI: 0.7191
Epoch 4/100
400/400 - 509s - loss: 0.0528 - dice_for_iVOI: 0.7326
Epoch 5/100
400/400 - 509s - loss: 0.0360 - dice_for_iVOI: 0.8126
Epoch 6/100
400/400 - 509s - loss: 0.0294 - dice_for_iVOI: 0.8420
Epoch 7/100
400/400 - 509s - loss: 0.0296 - dice_for_iVOI: 0.8525
Epoch 8/100
400/400 - 509s - loss: 0.0313 - dice_for_iVOI: 0.8377
Epoch 9/100
400/400 - 509s - loss: 0.0209 - dice_for_iVOI: 0.8868
Epoch 10/100
400/400 - 509s - loss: 0.0250 - dice_for_iVOI: 0.8694
Epoch 11/100
400/400 - 509s - loss: 0.0198 - dice_for_iVOI: 0.8916
Epoch 12/100
400/400 - 509s - loss: 0.0168 - dice_for_iVOI: 0.9054
Epoch 13/100
400/400 - 509s - loss: 0.0168 - dice_for_iVOI: 0.9086
Epoch 14/100
400/400 - 509s - loss: 0.0347 - dice_for_iVOI: 0.8323
Epoch 15/100
400/400 - 509s - loss: 0.0249 - dice_for_iVOI: 0.8700
Epoch 16/100
400/400 - 509s - loss: 0.0170 - dice_for_iVOI: 0.9026
Epoch 17/100
400/400 - 509s - loss: 0.0160 - dice_for_iVOI: 0.9106
Epoch 18/100
400/400 - 509s - loss: 0.0158 - dice_for_iVOI: 0.9103
Epoch 19/100
400/400 - 509s - loss: 0.0163 - dice_for_iVOI: 0.9144
Epoch 20/100
400/400 - 509s - loss: 0.0181 - dice_for_iVOI: 0.9000
Epoch 21/100
400/400 - 509s - loss: 0.0158 - dice_for_iVOI: 0.9115
Epoch 22/100
400/400 - 509s - loss: 0.0146 - dice_for_iVOI: 0.9197
Epoch 23/100
400/400 - 509s - loss: 0.0144 - dice_for_iVOI: 0.9220
Epoch 24/100
400/400 - 509s - loss: 0.0278 - dice_for_iVOI: 0.8574
Epoch 25/100
400/400 - 509s - loss: 0.0171 - dice_for_iVOI: 0.9072
Epoch 26/100
400/400 - 509s - loss: 0.0151 - dice_for_iVOI: 0.9171
Epoch 27/100
400/400 - 509s - loss: 0.0141 - dice_for_iVOI: 0.9185
Epoch 28/100
400/400 - 509s - loss: 0.0138 - dice_for_iVOI: 0.9232
Epoch 29/100
400/400 - 509s - loss: 0.0143 - dice_for_iVOI: 0.9254
Epoch 30/100
400/400 - 509s - loss: 0.0132 - dice_for_iVOI: 0.9245
Epoch 31/100
400/400 - 509s - loss: 0.0133 - dice_for_iVOI: 0.9240
Epoch 32/100
400/400 - 509s - loss: 0.0128 - dice_for_iVOI: 0.9267
Epoch 33/100
400/400 - 509s - loss: 0.0189 - dice_for_iVOI: 0.9042
Epoch 34/100
400/400 - 509s - loss: 0.0141 - dice_for_iVOI: 0.9254
Epoch 35/100
400/400 - 509s - loss: 0.0136 - dice_for_iVOI: 0.9242
Epoch 36/100
400/400 - 509s - loss: 0.0130 - dice_for_iVOI: 0.9280
Epoch 37/100
400/400 - 509s - loss: 0.0140 - dice_for_iVOI: 0.9250
Epoch 38/100
400/400 - 509s - loss: 0.0125 - dice_for_iVOI: 0.9275
Epoch 39/100
400/400 - 509s - loss: 0.0126 - dice_for_iVOI: 0.9302
Epoch 40/100
400/400 - 509s - loss: 0.0149 - dice_for_iVOI: 0.9201
Epoch 41/100
400/400 - 509s - loss: 0.0222 - dice_for_iVOI: 0.8870
Epoch 42/100
400/400 - 509s - loss: 0.0145 - dice_for_iVOI: 0.9173
Epoch 43/100
400/400 - 509s - loss: 0.0132 - dice_for_iVOI: 0.9259
Epoch 44/100
400/400 - 509s - loss: 0.0124 - dice_for_iVOI: 0.9286
Epoch 45/100
400/400 - 509s - loss: 0.0122 - dice_for_iVOI: 0.9296
Epoch 46/100
400/400 - 509s - loss: 0.0121 - dice_for_iVOI: 0.9312
Epoch 47/100
400/400 - 509s - loss: 0.0120 - dice_for_iVOI: 0.9332
Epoch 48/100
400/400 - 509s - loss: 0.0124 - dice_for_iVOI: 0.9313
Epoch 49/100
400/400 - 509s - loss: 0.0119 - dice_for_iVOI: 0.9340
Epoch 50/100
400/400 - 509s - loss: 0.0124 - dice_for_iVOI: 0.9294
Epoch 51/100
400/400 - 509s - loss: 0.0144 - dice_for_iVOI: 0.9190
Epoch 52/100
400/400 - 509s - loss: 0.0126 - dice_for_iVOI: 0.9292
Epoch 53/100
400/400 - 509s - loss: 0.0119 - dice_for_iVOI: 0.9354
Epoch 54/100
400/400 - 509s - loss: 0.0111 - dice_for_iVOI: 0.9331
Epoch 55/100
400/400 - 509s - loss: 0.0116 - dice_for_iVOI: 0.9387
Epoch 56/100
400/400 - 509s - loss: 0.0114 - dice_for_iVOI: 0.9350
Epoch 57/100
400/400 - 509s - loss: 0.0113 - dice_for_iVOI: 0.9372
Epoch 58/100
400/400 - 509s - loss: 0.0118 - dice_for_iVOI: 0.9349
Epoch 59/100
400/400 - 509s - loss: 0.0112 - dice_for_iVOI: 0.9362
Epoch 60/100
400/400 - 509s - loss: 0.0113 - dice_for_iVOI: 0.9379
Epoch 61/100
400/400 - 509s - loss: 0.0132 - dice_for_iVOI: 0.9260
Epoch 62/100
400/400 - 509s - loss: 0.0113 - dice_for_iVOI: 0.9368
Epoch 63/100
400/400 - 509s - loss: 0.0104 - dice_for_iVOI: 0.9375
Epoch 64/100
400/400 - 509s - loss: 0.0110 - dice_for_iVOI: 0.9389
Epoch 65/100
400/400 - 510s - loss: 0.0106 - dice_for_iVOI: 0.9384
Epoch 66/100
400/400 - 509s - loss: 0.0105 - dice_for_iVOI: 0.9393
Epoch 67/100
400/400 - 509s - loss: 0.0107 - dice_for_iVOI: 0.9427
Epoch 68/100
400/400 - 509s - loss: 0.0105 - dice_for_iVOI: 0.9422
Epoch 69/100
400/400 - 509s - loss: 0.0268 - dice_for_iVOI: 0.8982
Epoch 70/100
400/400 - 509s - loss: 0.0140 - dice_for_iVOI: 0.9217
Epoch 71/100
400/400 - 509s - loss: 0.0123 - dice_for_iVOI: 0.9319
Epoch 72/100
400/400 - 509s - loss: 0.0114 - dice_for_iVOI: 0.9359
Epoch 73/100
400/400 - 509s - loss: 0.0107 - dice_for_iVOI: 0.9383
Epoch 74/100
400/400 - 509s - loss: 0.0110 - dice_for_iVOI: 0.9400
Epoch 75/100
400/400 - 509s - loss: 0.0108 - dice_for_iVOI: 0.9398
Epoch 76/100
400/400 - 509s - loss: 0.0103 - dice_for_iVOI: 0.9411
Epoch 77/100
400/400 - 510s - loss: 0.0116 - dice_for_iVOI: 0.9393
Epoch 78/100
400/400 - 510s - loss: 0.0107 - dice_for_iVOI: 0.9410
Epoch 79/100
400/400 - 510s - loss: 0.0102 - dice_for_iVOI: 0.9432
Epoch 80/100
400/400 - 510s - loss: 0.0129 - dice_for_iVOI: 0.9305
Epoch 81/100
400/400 - 509s - loss: 0.0108 - dice_for_iVOI: 0.9362
Epoch 82/100
400/400 - 509s - loss: 0.0105 - dice_for_iVOI: 0.9427
Epoch 83/100
400/400 - 509s - loss: 0.0102 - dice_for_iVOI: 0.9427
Epoch 84/100
400/400 - 509s - loss: 0.0102 - dice_for_iVOI: 0.9441
Epoch 85/100
400/400 - 509s - loss: 0.0099 - dice_for_iVOI: 0.9452
Epoch 86/100
400/400 - 509s - loss: 0.0100 - dice_for_iVOI: 0.9440
Epoch 87/100
400/400 - 509s - loss: 0.0096 - dice_for_iVOI: 0.9447
Epoch 88/100
400/400 - 509s - loss: 0.0098 - dice_for_iVOI: 0.9455
Epoch 89/100
400/400 - 509s - loss: 0.0096 - dice_for_iVOI: 0.9452
Epoch 90/100
400/400 - 509s - loss: 0.0093 - dice_for_iVOI: 0.9457
Epoch 91/100
400/400 - 509s - loss: 0.0172 - dice_for_iVOI: 0.9206
Epoch 92/100
400/400 - 510s - loss: 0.0128 - dice_for_iVOI: 0.9289
Epoch 93/100
400/400 - 510s - loss: 0.0105 - dice_for_iVOI: 0.9397
Epoch 94/100
400/400 - 510s - loss: 0.0105 - dice_for_iVOI: 0.9432
Epoch 95/100
400/400 - 510s - loss: 0.0097 - dice_for_iVOI: 0.9453
Epoch 96/100
400/400 - 510s - loss: 0.0097 - dice_for_iVOI: 0.9463
Epoch 97/100
400/400 - 509s - loss: 0.0096 - dice_for_iVOI: 0.9456
Epoch 98/100
400/400 - 509s - loss: 0.0096 - dice_for_iVOI: 0.9463
Epoch 99/100
400/400 - 509s - loss: 0.0094 - dice_for_iVOI: 0.9458
Epoch 100/100
400/400 - 509s - loss: 0.0098 - dice_for_iVOI: 0.9484
2022-01-13 04:20:42.767850: I tensorflow/core/common_runtime/gpu/gpu_device.cc:1734] Found device 0 with properties: 
pciBusID: 0000:03:00.0 name: Tesla P100-PCIE-12GB computeCapability: 6.0
coreClock: 1.3285GHz coreCount: 56 deviceMemorySize: 11.91GiB deviceMemoryBandwidth: 511.41GiB/s
2022-01-13 04:20:42.780240: I tensorflow/core/common_runtime/gpu/gpu_device.cc:1734] Found device 1 with properties: 
pciBusID: 0000:82:00.0 name: Tesla P100-PCIE-12GB computeCapability: 6.0
coreClock: 1.3285GHz coreCount: 56 deviceMemorySize: 11.91GiB deviceMemoryBandwidth: 511.41GiB/s
2022-01-13 04:20:42.782333: I tensorflow/core/common_runtime/gpu/gpu_device.cc:1872] Adding visible gpu devices: 0, 1
2022-01-13 04:20:42.782390: I tensorflow/core/common_runtime/gpu/gpu_device.cc:1258] Device interconnect StreamExecutor with strength 1 edge matrix:
2022-01-13 04:20:42.782402: I tensorflow/core/common_runtime/gpu/gpu_device.cc:1264]      0 1 
2022-01-13 04:20:42.782410: I tensorflow/core/common_runtime/gpu/gpu_device.cc:1277] 0:   N N 
2022-01-13 04:20:42.782417: I tensorflow/core/common_runtime/gpu/gpu_device.cc:1277] 1:   N N 
2022-01-13 04:20:42.783862: I tensorflow/core/common_runtime/gpu/gpu_device.cc:1418] Created TensorFlow device (/job:localhost/replica:0/task:0/device:GPU:0 with 11158 MB memory) -> physical GPU (device: 0, name: Tesla P100-PCIE-12GB, pci bus id: 0000:03:00.0, compute capability: 6.0)
2022-01-13 04:20:42.784675: I tensorflow/core/common_runtime/gpu/gpu_device.cc:1418] Created TensorFlow device (/job:localhost/replica:0/task:0/device:GPU:1 with 11158 MB memory) -> physical GPU (device: 1, name: Tesla P100-PCIE-12GB, pci bus id: 0000:82:00.0, compute capability: 6.0)
training time: 50916.72451376915
executation time:22.888497908910114
---------fold--4---------
training set:  [ 0  1  2  3  4  5  6  7  8  9 10 11 12 13 14 15 16 17 18 19 20 21 22 23
 24 25 26 27 28 29 30 31 32 33 34 35 48 49 50 51 52 53 54 55 56 57 58 59]
training set size:  48
testing set:  [36 37 38 39 40 41 42 43 44 45 46 47]
testing set size:  12
..generator_len: 400
..training_n_subject: 48
..training_n_patch_per_sub: 326592
Epoch 1/100
400/400 - 513s - loss: 0.1017 - dice_for_iVOI: 0.4547
Epoch 2/100
400/400 - 509s - loss: 0.0571 - dice_for_iVOI: 0.6561
Epoch 3/100
400/400 - 509s - loss: 0.0392 - dice_for_iVOI: 0.7677
Epoch 4/100
400/400 - 509s - loss: 0.0281 - dice_for_iVOI: 0.8264
Epoch 5/100
400/400 - 509s - loss: 0.0249 - dice_for_iVOI: 0.8479
Epoch 6/100
400/400 - 509s - loss: 0.0198 - dice_for_iVOI: 0.8696
Epoch 7/100
400/400 - 509s - loss: 0.0192 - dice_for_iVOI: 0.8798
Epoch 8/100
400/400 - 509s - loss: 0.0163 - dice_for_iVOI: 0.8947
Epoch 9/100
400/400 - 509s - loss: 0.0228 - dice_for_iVOI: 0.8636
Epoch 10/100
400/400 - 509s - loss: 0.0182 - dice_for_iVOI: 0.8892
Epoch 11/100
400/400 - 509s - loss: 0.0206 - dice_for_iVOI: 0.8807
Epoch 12/100
400/400 - 509s - loss: 0.0182 - dice_for_iVOI: 0.8844
Epoch 13/100
400/400 - 509s - loss: 0.0150 - dice_for_iVOI: 0.9068
Epoch 14/100
400/400 - 509s - loss: 0.0141 - dice_for_iVOI: 0.9088
Epoch 15/100
400/400 - 509s - loss: 0.0142 - dice_for_iVOI: 0.9157
Epoch 16/100
400/400 - 509s - loss: 0.0146 - dice_for_iVOI: 0.9110
Epoch 17/100
400/400 - 509s - loss: 0.0138 - dice_for_iVOI: 0.9145
Epoch 18/100
400/400 - 509s - loss: 0.0140 - dice_for_iVOI: 0.9137
Epoch 19/100
400/400 - 510s - loss: 0.0183 - dice_for_iVOI: 0.8884
Epoch 20/100
400/400 - 510s - loss: 0.0131 - dice_for_iVOI: 0.9166
Epoch 21/100
400/400 - 510s - loss: 0.0151 - dice_for_iVOI: 0.9038
Epoch 22/100
400/400 - 510s - loss: 0.0131 - dice_for_iVOI: 0.9175
Epoch 23/100
400/400 - 509s - loss: 0.0126 - dice_for_iVOI: 0.9212
Epoch 24/100
400/400 - 510s - loss: 0.0124 - dice_for_iVOI: 0.9202
Epoch 25/100
400/400 - 509s - loss: 0.0124 - dice_for_iVOI: 0.9189
Epoch 26/100
400/400 - 510s - loss: 0.0118 - dice_for_iVOI: 0.9242
Epoch 27/100
400/400 - 509s - loss: 0.0119 - dice_for_iVOI: 0.9264
Epoch 28/100
400/400 - 510s - loss: 0.0119 - dice_for_iVOI: 0.9240
Epoch 29/100
400/400 - 510s - loss: 0.0136 - dice_for_iVOI: 0.9153
Epoch 30/100
400/400 - 509s - loss: 0.0118 - dice_for_iVOI: 0.9244
Epoch 31/100
400/400 - 509s - loss: 0.0112 - dice_for_iVOI: 0.9247
Epoch 32/100
400/400 - 510s - loss: 0.0111 - dice_for_iVOI: 0.9265
Epoch 33/100
400/400 - 510s - loss: 0.0112 - dice_for_iVOI: 0.9305
Epoch 34/100
400/400 - 510s - loss: 0.0132 - dice_for_iVOI: 0.9156
Epoch 35/100
400/400 - 510s - loss: 0.0116 - dice_for_iVOI: 0.9255
Epoch 36/100
400/400 - 510s - loss: 0.0123 - dice_for_iVOI: 0.9205
Epoch 37/100
400/400 - 510s - loss: 0.0110 - dice_for_iVOI: 0.9289
Epoch 38/100
400/400 - 510s - loss: 0.0108 - dice_for_iVOI: 0.9319
Epoch 39/100
400/400 - 509s - loss: 0.0105 - dice_for_iVOI: 0.9313
Epoch 40/100
400/400 - 510s - loss: 0.0103 - dice_for_iVOI: 0.9324
Epoch 41/100
400/400 - 510s - loss: 0.0103 - dice_for_iVOI: 0.9345
Epoch 42/100
400/400 - 509s - loss: 0.0105 - dice_for_iVOI: 0.9344
Epoch 43/100
400/400 - 510s - loss: 0.0099 - dice_for_iVOI: 0.9358
Epoch 44/100
400/400 - 509s - loss: 0.0100 - dice_for_iVOI: 0.9356
Epoch 45/100
400/400 - 510s - loss: 0.0174 - dice_for_iVOI: 0.8951
Epoch 46/100
400/400 - 510s - loss: 0.0112 - dice_for_iVOI: 0.9274
Epoch 47/100
400/400 - 510s - loss: 0.0106 - dice_for_iVOI: 0.9321
Epoch 48/100
400/400 - 510s - loss: 0.0102 - dice_for_iVOI: 0.9342
Epoch 49/100
400/400 - 510s - loss: 0.0098 - dice_for_iVOI: 0.9359
Epoch 50/100
400/400 - 510s - loss: 0.0105 - dice_for_iVOI: 0.9358
Epoch 51/100
400/400 - 510s - loss: 0.0108 - dice_for_iVOI: 0.9310
Epoch 52/100
400/400 - 510s - loss: 0.0098 - dice_for_iVOI: 0.9355
Epoch 53/100
400/400 - 510s - loss: 0.0097 - dice_for_iVOI: 0.9366
Epoch 54/100
400/400 - 510s - loss: 0.0096 - dice_for_iVOI: 0.9386
Epoch 55/100
400/400 - 510s - loss: 0.0098 - dice_for_iVOI: 0.9390
Epoch 56/100
400/400 - 510s - loss: 0.0093 - dice_for_iVOI: 0.9401
Epoch 57/100
400/400 - 510s - loss: 0.0096 - dice_for_iVOI: 0.9390
Epoch 58/100
400/400 - 510s - loss: 0.0099 - dice_for_iVOI: 0.9369
Epoch 59/100
400/400 - 510s - loss: 0.0096 - dice_for_iVOI: 0.9386
Epoch 60/100
400/400 - 510s - loss: 0.0092 - dice_for_iVOI: 0.9411
Epoch 61/100
400/400 - 510s - loss: 0.0091 - dice_for_iVOI: 0.9404
Epoch 62/100
400/400 - 510s - loss: 0.0090 - dice_for_iVOI: 0.9419
Epoch 63/100
400/400 - 510s - loss: 0.0091 - dice_for_iVOI: 0.9407
Epoch 64/100
400/400 - 510s - loss: 0.0157 - dice_for_iVOI: 0.9053
Epoch 65/100
400/400 - 510s - loss: 0.0101 - dice_for_iVOI: 0.9354
Epoch 66/100
400/400 - 510s - loss: 0.0092 - dice_for_iVOI: 0.9387
Epoch 67/100
400/400 - 510s - loss: 0.0090 - dice_for_iVOI: 0.9420
Epoch 68/100
400/400 - 510s - loss: 0.0093 - dice_for_iVOI: 0.9421
Epoch 69/100
400/400 - 510s - loss: 0.0087 - dice_for_iVOI: 0.9443
Epoch 70/100
400/400 - 510s - loss: 0.0087 - dice_for_iVOI: 0.9445
Epoch 71/100
400/400 - 510s - loss: 0.0095 - dice_for_iVOI: 0.9405
Epoch 72/100
400/400 - 510s - loss: 0.0093 - dice_for_iVOI: 0.9431
Epoch 73/100
400/400 - 510s - loss: 0.0086 - dice_for_iVOI: 0.9430
Epoch 74/100
400/400 - 510s - loss: 0.0087 - dice_for_iVOI: 0.9431
Epoch 75/100
400/400 - 510s - loss: 0.0087 - dice_for_iVOI: 0.9431
Epoch 76/100
400/400 - 510s - loss: 0.0093 - dice_for_iVOI: 0.9405
Epoch 77/100
400/400 - 510s - loss: 0.0087 - dice_for_iVOI: 0.9442
Epoch 78/100
400/400 - 510s - loss: 0.0084 - dice_for_iVOI: 0.9446
Epoch 79/100
400/400 - 510s - loss: 0.0086 - dice_for_iVOI: 0.9453
Epoch 80/100
400/400 - 510s - loss: 0.0088 - dice_for_iVOI: 0.9450
Epoch 81/100
400/400 - 510s - loss: 0.0084 - dice_for_iVOI: 0.9441
Epoch 82/100
400/400 - 510s - loss: 0.0084 - dice_for_iVOI: 0.9463
Epoch 83/100
400/400 - 510s - loss: 0.0084 - dice_for_iVOI: 0.9462
Epoch 84/100
400/400 - 510s - loss: 0.0085 - dice_for_iVOI: 0.9452
Epoch 85/100
400/400 - 510s - loss: 0.0083 - dice_for_iVOI: 0.9463
Epoch 86/100
400/400 - 510s - loss: 0.0084 - dice_for_iVOI: 0.9480
Epoch 87/100
400/400 - 510s - loss: 0.0082 - dice_for_iVOI: 0.9473
Epoch 88/100
400/400 - 510s - loss: 0.0081 - dice_for_iVOI: 0.9475
Epoch 89/100
400/400 - 509s - loss: 0.0084 - dice_for_iVOI: 0.9465
Epoch 90/100
400/400 - 509s - loss: 0.0086 - dice_for_iVOI: 0.9450
Epoch 91/100
400/400 - 510s - loss: 0.0123 - dice_for_iVOI: 0.9269
Epoch 92/100
400/400 - 509s - loss: 0.0086 - dice_for_iVOI: 0.9441
Epoch 93/100
400/400 - 510s - loss: 0.0082 - dice_for_iVOI: 0.9451
Epoch 94/100
400/400 - 510s - loss: 0.0080 - dice_for_iVOI: 0.9486
Epoch 95/100
400/400 - 510s - loss: 0.0097 - dice_for_iVOI: 0.9385
Epoch 96/100
400/400 - 509s - loss: 0.0082 - dice_for_iVOI: 0.9476
Epoch 97/100
400/400 - 510s - loss: 0.0080 - dice_for_iVOI: 0.9478
Epoch 98/100
400/400 - 510s - loss: 0.0079 - dice_for_iVOI: 0.9479
Epoch 99/100
400/400 - 509s - loss: 0.0080 - dice_for_iVOI: 0.9481
Epoch 100/100
400/400 - 509s - loss: 0.0080 - dice_for_iVOI: 0.9482
2022-01-13 18:34:52.140964: I tensorflow/core/common_runtime/gpu/gpu_device.cc:1734] Found device 0 with properties: 
pciBusID: 0000:03:00.0 name: Tesla P100-PCIE-12GB computeCapability: 6.0
coreClock: 1.3285GHz coreCount: 56 deviceMemorySize: 11.91GiB deviceMemoryBandwidth: 511.41GiB/s
2022-01-13 18:34:52.142766: I tensorflow/core/common_runtime/gpu/gpu_device.cc:1734] Found device 1 with properties: 
pciBusID: 0000:82:00.0 name: Tesla P100-PCIE-12GB computeCapability: 6.0
coreClock: 1.3285GHz coreCount: 56 deviceMemorySize: 11.91GiB deviceMemoryBandwidth: 511.41GiB/s
2022-01-13 18:34:52.144750: I tensorflow/core/common_runtime/gpu/gpu_device.cc:1872] Adding visible gpu devices: 0, 1
2022-01-13 18:34:52.144832: I tensorflow/core/common_runtime/gpu/gpu_device.cc:1258] Device interconnect StreamExecutor with strength 1 edge matrix:
2022-01-13 18:34:52.144848: I tensorflow/core/common_runtime/gpu/gpu_device.cc:1264]      0 1 
2022-01-13 18:34:52.144856: I tensorflow/core/common_runtime/gpu/gpu_device.cc:1277] 0:   N N 
2022-01-13 18:34:52.144863: I tensorflow/core/common_runtime/gpu/gpu_device.cc:1277] 1:   N N 
2022-01-13 18:34:52.146336: I tensorflow/core/common_runtime/gpu/gpu_device.cc:1418] Created TensorFlow device (/job:localhost/replica:0/task:0/device:GPU:0 with 11158 MB memory) -> physical GPU (device: 0, name: Tesla P100-PCIE-12GB, pci bus id: 0000:03:00.0, compute capability: 6.0)
2022-01-13 18:34:52.147061: I tensorflow/core/common_runtime/gpu/gpu_device.cc:1418] Created TensorFlow device (/job:localhost/replica:0/task:0/device:GPU:1 with 11158 MB memory) -> physical GPU (device: 1, name: Tesla P100-PCIE-12GB, pci bus id: 0000:82:00.0, compute capability: 6.0)
training time: 50964.304569005966
executation time:22.993153234322865
---------fold--5---------
training set:  [ 0  1  2  3  4  5  6  7  8  9 10 11 12 13 14 15 16 17 18 19 20 21 22 23
 24 25 26 27 28 29 30 31 32 33 34 35 36 37 38 39 40 41 42 43 44 45 46 47]
training set size:  48
testing set:  [48 49 50 51 52 53 54 55 56 57 58 59 60 61 62]
testing set size:  15
..generator_len: 400
..training_n_subject: 48
..training_n_patch_per_sub: 326592
Epoch 1/100
400/400 - 512s - loss: 0.1061 - dice_for_iVOI: 0.4965
Epoch 2/100
400/400 - 509s - loss: 0.0726 - dice_for_iVOI: 0.6535
Epoch 3/100
400/400 - 509s - loss: 0.0567 - dice_for_iVOI: 0.7227
Epoch 4/100
400/400 - 509s - loss: 0.0514 - dice_for_iVOI: 0.7491
Epoch 5/100
400/400 - 509s - loss: 0.0369 - dice_for_iVOI: 0.8088
Epoch 6/100
400/400 - 509s - loss: 0.0303 - dice_for_iVOI: 0.8430
Epoch 7/100
400/400 - 509s - loss: 0.0258 - dice_for_iVOI: 0.8677
Epoch 8/100
400/400 - 509s - loss: 0.0200 - dice_for_iVOI: 0.8930
Epoch 9/100
400/400 - 509s - loss: 0.0180 - dice_for_iVOI: 0.9022
Epoch 10/100
400/400 - 509s - loss: 0.0219 - dice_for_iVOI: 0.8897
Epoch 11/100
400/400 - 509s - loss: 0.0310 - dice_for_iVOI: 0.8457
Epoch 12/100
400/400 - 509s - loss: 0.0200 - dice_for_iVOI: 0.8872
Epoch 13/100
400/400 - 509s - loss: 0.0175 - dice_for_iVOI: 0.9026
Epoch 14/100
400/400 - 509s - loss: 0.0220 - dice_for_iVOI: 0.8873
Epoch 15/100
400/400 - 509s - loss: 0.0193 - dice_for_iVOI: 0.8919
Epoch 16/100
400/400 - 509s - loss: 0.0162 - dice_for_iVOI: 0.9105
Epoch 17/100
400/400 - 509s - loss: 0.0152 - dice_for_iVOI: 0.9160
Epoch 18/100
400/400 - 509s - loss: 0.0257 - dice_for_iVOI: 0.8635
Epoch 19/100
400/400 - 509s - loss: 0.0158 - dice_for_iVOI: 0.9111
Epoch 20/100
400/400 - 509s - loss: 0.0227 - dice_for_iVOI: 0.8839
Epoch 21/100
400/400 - 509s - loss: 0.0252 - dice_for_iVOI: 0.8731
Epoch 22/100
400/400 - 509s - loss: 0.0158 - dice_for_iVOI: 0.9097
Epoch 23/100
400/400 - 509s - loss: 0.0151 - dice_for_iVOI: 0.9141
Epoch 24/100
400/400 - 509s - loss: 0.0147 - dice_for_iVOI: 0.9156
Epoch 25/100
400/400 - 509s - loss: 0.0146 - dice_for_iVOI: 0.9189
Epoch 26/100
400/400 - 509s - loss: 0.0142 - dice_for_iVOI: 0.9186
Epoch 27/100
400/400 - 509s - loss: 0.0139 - dice_for_iVOI: 0.9210
Epoch 28/100
400/400 - 509s - loss: 0.0236 - dice_for_iVOI: 0.8722
Epoch 29/100
400/400 - 509s - loss: 0.0144 - dice_for_iVOI: 0.9171
Epoch 30/100
400/400 - 509s - loss: 0.0140 - dice_for_iVOI: 0.9192
Epoch 31/100
400/400 - 509s - loss: 0.0133 - dice_for_iVOI: 0.9208
Epoch 32/100
400/400 - 509s - loss: 0.0136 - dice_for_iVOI: 0.9232
Epoch 33/100
400/400 - 509s - loss: 0.0131 - dice_for_iVOI: 0.9218
Epoch 34/100
400/400 - 509s - loss: 0.0134 - dice_for_iVOI: 0.9253
Epoch 35/100
400/400 - 509s - loss: 0.0128 - dice_for_iVOI: 0.9258
Epoch 36/100
400/400 - 509s - loss: 0.0129 - dice_for_iVOI: 0.9251
Epoch 37/100
400/400 - 509s - loss: 0.0132 - dice_for_iVOI: 0.9257
Epoch 38/100
400/400 - 509s - loss: 0.0126 - dice_for_iVOI: 0.9249
Epoch 39/100
400/400 - 509s - loss: 0.0130 - dice_for_iVOI: 0.9291
Epoch 40/100
400/400 - 509s - loss: 0.0144 - dice_for_iVOI: 0.9204
Epoch 41/100
400/400 - 509s - loss: 0.0188 - dice_for_iVOI: 0.9057
Epoch 42/100
400/400 - 509s - loss: 0.0138 - dice_for_iVOI: 0.9197
Epoch 43/100
400/400 - 509s - loss: 0.0161 - dice_for_iVOI: 0.9144
Epoch 44/100
400/400 - 509s - loss: 0.0132 - dice_for_iVOI: 0.9272
Epoch 45/100
400/400 - 509s - loss: 0.0122 - dice_for_iVOI: 0.9292
Epoch 46/100
400/400 - 509s - loss: 0.0121 - dice_for_iVOI: 0.9294
Epoch 47/100
400/400 - 509s - loss: 0.0118 - dice_for_iVOI: 0.9307
Epoch 48/100
400/400 - 509s - loss: 0.0117 - dice_for_iVOI: 0.9294
Epoch 49/100
400/400 - 509s - loss: 0.0122 - dice_for_iVOI: 0.9316
Epoch 50/100
400/400 - 509s - loss: 0.0119 - dice_for_iVOI: 0.9318
Epoch 51/100
400/400 - 509s - loss: 0.0115 - dice_for_iVOI: 0.9339
Epoch 52/100
400/400 - 509s - loss: 0.0169 - dice_for_iVOI: 0.9070
Epoch 53/100
400/400 - 509s - loss: 0.0149 - dice_for_iVOI: 0.9206
Epoch 54/100
400/400 - 509s - loss: 0.0122 - dice_for_iVOI: 0.9289
Epoch 55/100
400/400 - 509s - loss: 0.0117 - dice_for_iVOI: 0.9330
Epoch 56/100
400/400 - 509s - loss: 0.0113 - dice_for_iVOI: 0.9319
Epoch 57/100
400/400 - 509s - loss: 0.0127 - dice_for_iVOI: 0.9294
Epoch 58/100
400/400 - 509s - loss: 0.0121 - dice_for_iVOI: 0.9324
Epoch 59/100
400/400 - 509s - loss: 0.0111 - dice_for_iVOI: 0.9335
Epoch 60/100
400/400 - 509s - loss: 0.0113 - dice_for_iVOI: 0.9344
Epoch 61/100
400/400 - 509s - loss: 0.0115 - dice_for_iVOI: 0.9336
Epoch 62/100
400/400 - 509s - loss: 0.0115 - dice_for_iVOI: 0.9350
Epoch 63/100
400/400 - 509s - loss: 0.0110 - dice_for_iVOI: 0.9374
Epoch 64/100
400/400 - 509s - loss: 0.0112 - dice_for_iVOI: 0.9368
Epoch 65/100
400/400 - 509s - loss: 0.0108 - dice_for_iVOI: 0.9378
Epoch 66/100
400/400 - 509s - loss: 0.0108 - dice_for_iVOI: 0.9378
Epoch 67/100
400/400 - 509s - loss: 0.0175 - dice_for_iVOI: 0.9115
Epoch 68/100
400/400 - 509s - loss: 0.0119 - dice_for_iVOI: 0.9321
Epoch 69/100
400/400 - 509s - loss: 0.0110 - dice_for_iVOI: 0.9360
Epoch 70/100
400/400 - 509s - loss: 0.0106 - dice_for_iVOI: 0.9375
Epoch 71/100
400/400 - 509s - loss: 0.0106 - dice_for_iVOI: 0.9396
Epoch 72/100
400/400 - 509s - loss: 0.0107 - dice_for_iVOI: 0.9402
Epoch 73/100
400/400 - 509s - loss: 0.0109 - dice_for_iVOI: 0.9397
Epoch 74/100
400/400 - 509s - loss: 0.0101 - dice_for_iVOI: 0.9390
Epoch 75/100
400/400 - 509s - loss: 0.0114 - dice_for_iVOI: 0.9365
Epoch 76/100
400/400 - 509s - loss: 0.0107 - dice_for_iVOI: 0.9401
Epoch 77/100
400/400 - 509s - loss: 0.0105 - dice_for_iVOI: 0.9400
Epoch 78/100
400/400 - 509s - loss: 0.0100 - dice_for_iVOI: 0.9400
Epoch 79/100
400/400 - 509s - loss: 0.0102 - dice_for_iVOI: 0.9414
Epoch 80/100
400/400 - 509s - loss: 0.0097 - dice_for_iVOI: 0.9408
Epoch 81/100
400/400 - 509s - loss: 0.0100 - dice_for_iVOI: 0.9418
Epoch 82/100
400/400 - 509s - loss: 0.0097 - dice_for_iVOI: 0.9429
Epoch 83/100
400/400 - 509s - loss: 0.0099 - dice_for_iVOI: 0.9433
Epoch 84/100
400/400 - 509s - loss: 0.0174 - dice_for_iVOI: 0.9122
Epoch 85/100
400/400 - 509s - loss: 0.0119 - dice_for_iVOI: 0.9345
Epoch 86/100
400/400 - 509s - loss: 0.0159 - dice_for_iVOI: 0.9187
Epoch 87/100
400/400 - 509s - loss: 0.0116 - dice_for_iVOI: 0.9334
Epoch 88/100
400/400 - 509s - loss: 0.0107 - dice_for_iVOI: 0.9381
Epoch 89/100
400/400 - 509s - loss: 0.0106 - dice_for_iVOI: 0.9401
Epoch 90/100
400/400 - 509s - loss: 0.0104 - dice_for_iVOI: 0.9395
Epoch 91/100
400/400 - 509s - loss: 0.0102 - dice_for_iVOI: 0.9445
Epoch 92/100
400/400 - 509s - loss: 0.0099 - dice_for_iVOI: 0.9437
Epoch 93/100
400/400 - 509s - loss: 0.0097 - dice_for_iVOI: 0.9463
Epoch 94/100
400/400 - 509s - loss: 0.0096 - dice_for_iVOI: 0.9424
Epoch 95/100
400/400 - 509s - loss: 0.0095 - dice_for_iVOI: 0.9435
Epoch 96/100
400/400 - 509s - loss: 0.0096 - dice_for_iVOI: 0.9448
Epoch 97/100
400/400 - 509s - loss: 0.0096 - dice_for_iVOI: 0.9456
Epoch 98/100
400/400 - 509s - loss: 0.0094 - dice_for_iVOI: 0.9450
Epoch 99/100
400/400 - 509s - loss: 0.0096 - dice_for_iVOI: 0.9456
Epoch 100/100
400/400 - 509s - loss: 0.0102 - dice_for_iVOI: 0.9449
training time: 50898.267466545105
executation time:22.86884633700053
[0.9988526 0.9385575]
