Bayesian U-Net
[33mWARNING:[0m NVIDIA binaries may not be bound with --writable
2021-11-29 09:33:58.828619: I tensorflow/stream_executor/platform/default/dso_loader.cc:53] Successfully opened dynamic library libcudart.so.11.0
..data size:(40, 117, 159, 126)
2021-11-29 09:34:04.284271: I tensorflow/stream_executor/platform/default/dso_loader.cc:53] Successfully opened dynamic library libcuda.so.1
2021-11-29 09:34:04.339950: I tensorflow/core/common_runtime/gpu/gpu_device.cc:1734] Found device 0 with properties: 
pciBusID: 0000:3b:00.0 name: A100-PCIE-40GB computeCapability: 8.0
coreClock: 1.41GHz coreCount: 108 deviceMemorySize: 39.59GiB deviceMemoryBandwidth: 1.41TiB/s
2021-11-29 09:34:04.339995: I tensorflow/stream_executor/platform/default/dso_loader.cc:53] Successfully opened dynamic library libcudart.so.11.0
2021-11-29 09:34:04.346553: I tensorflow/stream_executor/platform/default/dso_loader.cc:53] Successfully opened dynamic library libcublas.so.11
2021-11-29 09:34:04.346629: I tensorflow/stream_executor/platform/default/dso_loader.cc:53] Successfully opened dynamic library libcublasLt.so.11
2021-11-29 09:34:04.349353: I tensorflow/stream_executor/platform/default/dso_loader.cc:53] Successfully opened dynamic library libcufft.so.10
2021-11-29 09:34:04.349991: I tensorflow/stream_executor/platform/default/dso_loader.cc:53] Successfully opened dynamic library libcurand.so.10
2021-11-29 09:34:04.350791: I tensorflow/stream_executor/platform/default/dso_loader.cc:53] Successfully opened dynamic library libcusolver.so.11
2021-11-29 09:34:04.351931: I tensorflow/stream_executor/platform/default/dso_loader.cc:53] Successfully opened dynamic library libcusparse.so.11
2021-11-29 09:34:04.352375: I tensorflow/stream_executor/platform/default/dso_loader.cc:53] Successfully opened dynamic library libcudnn.so.8
2021-11-29 09:34:04.356245: I tensorflow/core/common_runtime/gpu/gpu_device.cc:1872] Adding visible gpu devices: 0
2021-11-29 09:34:04.361187: I tensorflow/core/common_runtime/gpu/gpu_device.cc:1734] Found device 0 with properties: 
pciBusID: 0000:3b:00.0 name: A100-PCIE-40GB computeCapability: 8.0
coreClock: 1.41GHz coreCount: 108 deviceMemorySize: 39.59GiB deviceMemoryBandwidth: 1.41TiB/s
2021-11-29 09:34:04.365026: I tensorflow/core/common_runtime/gpu/gpu_device.cc:1872] Adding visible gpu devices: 0
2021-11-29 09:34:04.365064: I tensorflow/stream_executor/platform/default/dso_loader.cc:53] Successfully opened dynamic library libcudart.so.11.0
2021-11-29 09:34:04.832886: I tensorflow/core/common_runtime/gpu/gpu_device.cc:1258] Device interconnect StreamExecutor with strength 1 edge matrix:
2021-11-29 09:34:04.832935: I tensorflow/core/common_runtime/gpu/gpu_device.cc:1264]      0 
2021-11-29 09:34:04.832946: I tensorflow/core/common_runtime/gpu/gpu_device.cc:1277] 0:   N 
2021-11-29 09:34:04.838546: I tensorflow/core/common_runtime/gpu/gpu_device.cc:1418] Created TensorFlow device (/job:localhost/replica:0/task:0/device:GPU:0 with 38184 MB memory) -> physical GPU (device: 0, name: A100-PCIE-40GB, pci bus id: 0000:3b:00.0, compute capability: 8.0)
---------fold--1---------
training set:  [ 8  9 10 11 12 13 14 15 16 17 18 19 20 21 22 23 24 25 26 27 28 29 30 31
 32 33 34 35 36 37 38 39]
training set size:  32
testing set:  [0 1 2 3 4 5 6 7]
testing set size:  8
..generator_len: 400
..training_n_subject: 32
..training_n_patch_per_sub: 326592
2021-11-29 09:34:06.291326: I tensorflow/compiler/mlir/mlir_graph_optimization_pass.cc:176] None of the MLIR Optimization Passes are enabled (registered 2)
2021-11-29 09:34:06.291891: I tensorflow/core/platform/profile_utils/cpu_utils.cc:114] CPU Frequency: 2100000000 Hz
2021-11-29 09:34:08.581763: I tensorflow/stream_executor/platform/default/dso_loader.cc:53] Successfully opened dynamic library libcudnn.so.8
2021-11-29 09:34:09.538823: I tensorflow/stream_executor/cuda/cuda_dnn.cc:380] Loaded cuDNN version 8202
2021-11-29 09:34:10.537635: I tensorflow/stream_executor/platform/default/dso_loader.cc:53] Successfully opened dynamic library libcublas.so.11
2021-11-29 09:34:11.508402: I tensorflow/stream_executor/platform/default/dso_loader.cc:53] Successfully opened dynamic library libcublasLt.so.11
Epoch 1/100
400/400 - 161s - loss: 0.1174 - dice_multi: 0.7146
Epoch 2/100
400/400 - 125s - loss: 0.0575 - dice_multi: 0.8428
Epoch 3/100
400/400 - 125s - loss: 0.0344 - dice_multi: 0.9034
Epoch 4/100
400/400 - 125s - loss: 0.0212 - dice_multi: 0.9390
Epoch 5/100
400/400 - 125s - loss: 0.0171 - dice_multi: 0.9510
Epoch 6/100
400/400 - 125s - loss: 0.0163 - dice_multi: 0.9519
Epoch 7/100
400/400 - 125s - loss: 0.0235 - dice_multi: 0.9361
Epoch 8/100
400/400 - 125s - loss: 0.0261 - dice_multi: 0.9284
Epoch 9/100
400/400 - 125s - loss: 0.0156 - dice_multi: 0.9553
Epoch 10/100
400/400 - 125s - loss: 0.0147 - dice_multi: 0.9588
Epoch 11/100
400/400 - 125s - loss: 0.0143 - dice_multi: 0.9589
Epoch 12/100
400/400 - 125s - loss: 0.0129 - dice_multi: 0.9611
Epoch 13/100
400/400 - 125s - loss: 0.0138 - dice_multi: 0.9600
Epoch 14/100
400/400 - 125s - loss: 0.0128 - dice_multi: 0.9635
Epoch 15/100
400/400 - 125s - loss: 0.0139 - dice_multi: 0.9594
Epoch 16/100
400/400 - 125s - loss: 0.0181 - dice_multi: 0.9474
Epoch 17/100
400/400 - 125s - loss: 0.0136 - dice_multi: 0.9614
Epoch 18/100
400/400 - 125s - loss: 0.0125 - dice_multi: 0.9641
Epoch 19/100
400/400 - 125s - loss: 0.0122 - dice_multi: 0.9647
Epoch 20/100
400/400 - 125s - loss: 0.0118 - dice_multi: 0.9657
Epoch 21/100
400/400 - 125s - loss: 0.0116 - dice_multi: 0.9666
Epoch 22/100
400/400 - 125s - loss: 0.0119 - dice_multi: 0.9646
Epoch 23/100
400/400 - 125s - loss: 0.0112 - dice_multi: 0.9667
Epoch 24/100
400/400 - 125s - loss: 0.0173 - dice_multi: 0.9564
Epoch 25/100
400/400 - 125s - loss: 0.0185 - dice_multi: 0.9476
Epoch 26/100
400/400 - 125s - loss: 0.0140 - dice_multi: 0.9599
Epoch 27/100
400/400 - 125s - loss: 0.0119 - dice_multi: 0.9649
Epoch 28/100
400/400 - 125s - loss: 0.0111 - dice_multi: 0.9663
Epoch 29/100
400/400 - 125s - loss: 0.0111 - dice_multi: 0.9678
Epoch 30/100
400/400 - 125s - loss: 0.0108 - dice_multi: 0.9678
Epoch 31/100
400/400 - 125s - loss: 0.0108 - dice_multi: 0.9682
Epoch 32/100
400/400 - 125s - loss: 0.0102 - dice_multi: 0.9685
Epoch 33/100
400/400 - 125s - loss: 0.0104 - dice_multi: 0.9694
Epoch 34/100
400/400 - 125s - loss: 0.0107 - dice_multi: 0.9680
Epoch 35/100
400/400 - 125s - loss: 0.0103 - dice_multi: 0.9695
Epoch 36/100
400/400 - 125s - loss: 0.0173 - dice_multi: 0.9525
Epoch 37/100
400/400 - 125s - loss: 0.0118 - dice_multi: 0.9658
Epoch 38/100
400/400 - 125s - loss: 0.0125 - dice_multi: 0.9645
Epoch 39/100
400/400 - 125s - loss: 0.0119 - dice_multi: 0.9659
Epoch 40/100
400/400 - 125s - loss: 0.0105 - dice_multi: 0.9684
Epoch 41/100
400/400 - 125s - loss: 0.0103 - dice_multi: 0.9703
Epoch 42/100
400/400 - 125s - loss: 0.0101 - dice_multi: 0.9707
Epoch 43/100
400/400 - 125s - loss: 0.0101 - dice_multi: 0.9713
Epoch 44/100
400/400 - 125s - loss: 0.0099 - dice_multi: 0.9710
Epoch 45/100
400/400 - 125s - loss: 0.0100 - dice_multi: 0.9709
Epoch 46/100
400/400 - 125s - loss: 0.0096 - dice_multi: 0.9711
Epoch 47/100
400/400 - 125s - loss: 0.0096 - dice_multi: 0.9717
Epoch 48/100
400/400 - 125s - loss: 0.0094 - dice_multi: 0.9715
Epoch 49/100
400/400 - 125s - loss: 0.0176 - dice_multi: 0.9518
Epoch 50/100
400/400 - 125s - loss: 0.0107 - dice_multi: 0.9684
Epoch 51/100
400/400 - 125s - loss: 0.0101 - dice_multi: 0.9703
Epoch 52/100
400/400 - 125s - loss: 0.0103 - dice_multi: 0.9697
Epoch 53/100
400/400 - 125s - loss: 0.0099 - dice_multi: 0.9715
Epoch 54/100
400/400 - 125s - loss: 0.0094 - dice_multi: 0.9713
Epoch 55/100
400/400 - 125s - loss: 0.0096 - dice_multi: 0.9725
Epoch 56/100
400/400 - 125s - loss: 0.0095 - dice_multi: 0.9725
Epoch 57/100
400/400 - 124s - loss: 0.0093 - dice_multi: 0.9720
Epoch 58/100
400/400 - 125s - loss: 0.0092 - dice_multi: 0.9730
Epoch 59/100
400/400 - 125s - loss: 0.0091 - dice_multi: 0.9728
Epoch 60/100
400/400 - 125s - loss: 0.0090 - dice_multi: 0.9729
Epoch 61/100
400/400 - 125s - loss: 0.0092 - dice_multi: 0.9730
Epoch 62/100
400/400 - 124s - loss: 0.0092 - dice_multi: 0.9732
Epoch 63/100
400/400 - 125s - loss: 0.0089 - dice_multi: 0.9735
Epoch 64/100
400/400 - 125s - loss: 0.0091 - dice_multi: 0.9727
Epoch 65/100
400/400 - 125s - loss: 0.0154 - dice_multi: 0.9572
Epoch 66/100
400/400 - 125s - loss: 0.0105 - dice_multi: 0.9697
Epoch 67/100
400/400 - 125s - loss: 0.0097 - dice_multi: 0.9716
Epoch 68/100
400/400 - 125s - loss: 0.0096 - dice_multi: 0.9722
Epoch 69/100
400/400 - 125s - loss: 0.0093 - dice_multi: 0.9737
Epoch 70/100
400/400 - 125s - loss: 0.0090 - dice_multi: 0.9735
Epoch 71/100
400/400 - 125s - loss: 0.0087 - dice_multi: 0.9738
Epoch 72/100
400/400 - 125s - loss: 0.0088 - dice_multi: 0.9740
Epoch 73/100
400/400 - 125s - loss: 0.0089 - dice_multi: 0.9743
Epoch 74/100
400/400 - 125s - loss: 0.0086 - dice_multi: 0.9748
Epoch 75/100
400/400 - 125s - loss: 0.0087 - dice_multi: 0.9745
Epoch 76/100
400/400 - 125s - loss: 0.0087 - dice_multi: 0.9752
Epoch 77/100
400/400 - 125s - loss: 0.0084 - dice_multi: 0.9748
Epoch 78/100
400/400 - 125s - loss: 0.0089 - dice_multi: 0.9747
Epoch 79/100
400/400 - 125s - loss: 0.0086 - dice_multi: 0.9747
Epoch 80/100
400/400 - 125s - loss: 0.0085 - dice_multi: 0.9749
Epoch 81/100
400/400 - 125s - loss: 0.0086 - dice_multi: 0.9748
Epoch 82/100
400/400 - 125s - loss: 0.0129 - dice_multi: 0.9629
Epoch 83/100
400/400 - 125s - loss: 0.0088 - dice_multi: 0.9740
Epoch 84/100
400/400 - 125s - loss: 0.0084 - dice_multi: 0.9752
Epoch 85/100
400/400 - 125s - loss: 0.0083 - dice_multi: 0.9743
Epoch 86/100
400/400 - 125s - loss: 0.0083 - dice_multi: 0.9750
Epoch 87/100
400/400 - 125s - loss: 0.0084 - dice_multi: 0.9756
Epoch 88/100
400/400 - 124s - loss: 0.0083 - dice_multi: 0.9752
Epoch 89/100
400/400 - 124s - loss: 0.0105 - dice_multi: 0.9700
Epoch 90/100
400/400 - 125s - loss: 0.0093 - dice_multi: 0.9740
Epoch 91/100
400/400 - 125s - loss: 0.0086 - dice_multi: 0.9749
Epoch 92/100
400/400 - 125s - loss: 0.0083 - dice_multi: 0.9751
Epoch 93/100
400/400 - 125s - loss: 0.0082 - dice_multi: 0.9755
Epoch 94/100
400/400 - 125s - loss: 0.0082 - dice_multi: 0.9753
Epoch 95/100
400/400 - 125s - loss: 0.0079 - dice_multi: 0.9761
Epoch 96/100
400/400 - 125s - loss: 0.0083 - dice_multi: 0.9758
Epoch 97/100
400/400 - 124s - loss: 0.0079 - dice_multi: 0.9759
Epoch 98/100
400/400 - 125s - loss: 0.0083 - dice_multi: 0.9756
Epoch 99/100
400/400 - 125s - loss: 0.0139 - dice_multi: 0.9627
Epoch 100/100
400/400 - 125s - loss: 0.0098 - dice_multi: 0.9710
2021-11-29 13:02:38.436603: I tensorflow/stream_executor/cuda/cuda_blas.cc:1839] TensorFloat-32 will be used for the matrix multiplication. This will only be logged once.
training time: 12503.982803344727
executation time:21.71597346663475
---------fold--2---------
training set:  [ 0  1  2  3  4  5  6  7 16 17 18 19 20 21 22 23 24 25 26 27 28 29 30 31
 32 33 34 35 36 37 38 39]
training set size:  32
testing set:  [ 8  9 10 11 12 13 14 15]
testing set size:  8
..generator_len: 400
..training_n_subject: 32
..training_n_patch_per_sub: 326592
Epoch 1/100
400/400 - 127s - loss: 0.1265 - dice_multi: 0.7061
Epoch 2/100
400/400 - 125s - loss: 0.0614 - dice_multi: 0.8305
Epoch 3/100
400/400 - 125s - loss: 0.0300 - dice_multi: 0.9138
Epoch 4/100
400/400 - 125s - loss: 0.0290 - dice_multi: 0.9210
Epoch 5/100
400/400 - 125s - loss: 0.0211 - dice_multi: 0.9398
Epoch 6/100
400/400 - 125s - loss: 0.0176 - dice_multi: 0.9486
Epoch 7/100
400/400 - 125s - loss: 0.0170 - dice_multi: 0.9510
Epoch 8/100
400/400 - 125s - loss: 0.0401 - dice_multi: 0.9003
Epoch 9/100
400/400 - 125s - loss: 0.0244 - dice_multi: 0.9339
Epoch 10/100
400/400 - 125s - loss: 0.0204 - dice_multi: 0.9436
Epoch 11/100
400/400 - 125s - loss: 0.0159 - dice_multi: 0.9527
Epoch 12/100
400/400 - 125s - loss: 0.0152 - dice_multi: 0.9549
Epoch 13/100
400/400 - 125s - loss: 0.0148 - dice_multi: 0.9566
Epoch 14/100
400/400 - 125s - loss: 0.0158 - dice_multi: 0.9555
Epoch 15/100
400/400 - 125s - loss: 0.0201 - dice_multi: 0.9431
Epoch 16/100
400/400 - 125s - loss: 0.0149 - dice_multi: 0.9579
Epoch 17/100
400/400 - 125s - loss: 0.0140 - dice_multi: 0.9595
Epoch 18/100
400/400 - 125s - loss: 0.0139 - dice_multi: 0.9594
Epoch 19/100
400/400 - 125s - loss: 0.0133 - dice_multi: 0.9616
Epoch 20/100
400/400 - 125s - loss: 0.0132 - dice_multi: 0.9620
Epoch 21/100
400/400 - 125s - loss: 0.0175 - dice_multi: 0.9502
Epoch 22/100
400/400 - 125s - loss: 0.0138 - dice_multi: 0.9584
Epoch 23/100
400/400 - 125s - loss: 0.0136 - dice_multi: 0.9620
Epoch 24/100
400/400 - 125s - loss: 0.0127 - dice_multi: 0.9632
Epoch 25/100
400/400 - 125s - loss: 0.0123 - dice_multi: 0.9637
Epoch 26/100
400/400 - 125s - loss: 0.0121 - dice_multi: 0.9644
Epoch 27/100
400/400 - 125s - loss: 0.0373 - dice_multi: 0.9032
Epoch 28/100
400/400 - 125s - loss: 0.0163 - dice_multi: 0.9521
Epoch 29/100
400/400 - 125s - loss: 0.0159 - dice_multi: 0.9547
Epoch 30/100
400/400 - 125s - loss: 0.0136 - dice_multi: 0.9603
Epoch 31/100
400/400 - 125s - loss: 0.0133 - dice_multi: 0.9628
Epoch 32/100
400/400 - 125s - loss: 0.0126 - dice_multi: 0.9641
Epoch 33/100
400/400 - 125s - loss: 0.0122 - dice_multi: 0.9643
Epoch 34/100
400/400 - 125s - loss: 0.0148 - dice_multi: 0.9616
Epoch 35/100
400/400 - 125s - loss: 0.0153 - dice_multi: 0.9558
Epoch 36/100
400/400 - 125s - loss: 0.0126 - dice_multi: 0.9612
Epoch 37/100
400/400 - 125s - loss: 0.0120 - dice_multi: 0.9642
Epoch 38/100
400/400 - 125s - loss: 0.0121 - dice_multi: 0.9653
Epoch 39/100
400/400 - 125s - loss: 0.0118 - dice_multi: 0.9659
Epoch 40/100
400/400 - 125s - loss: 0.0116 - dice_multi: 0.9658
Epoch 41/100
400/400 - 125s - loss: 0.0116 - dice_multi: 0.9662
Epoch 42/100
400/400 - 125s - loss: 0.0113 - dice_multi: 0.9666
Epoch 43/100
400/400 - 125s - loss: 0.0109 - dice_multi: 0.9673
Epoch 44/100
400/400 - 125s - loss: 0.0109 - dice_multi: 0.9684
Epoch 45/100
400/400 - 125s - loss: 0.0193 - dice_multi: 0.9496
Epoch 46/100
400/400 - 125s - loss: 0.0128 - dice_multi: 0.9620
Epoch 47/100
400/400 - 125s - loss: 0.0118 - dice_multi: 0.9651
Epoch 48/100
400/400 - 125s - loss: 0.0112 - dice_multi: 0.9675
Epoch 49/100
400/400 - 125s - loss: 0.0108 - dice_multi: 0.9665
Epoch 50/100
400/400 - 125s - loss: 0.0107 - dice_multi: 0.9685
Epoch 51/100
400/400 - 125s - loss: 0.0107 - dice_multi: 0.9683
Epoch 52/100
400/400 - 125s - loss: 0.0107 - dice_multi: 0.9693
Epoch 53/100
400/400 - 125s - loss: 0.0104 - dice_multi: 0.9688
Epoch 54/100
400/400 - 125s - loss: 0.0106 - dice_multi: 0.9697
Epoch 55/100
400/400 - 125s - loss: 0.0165 - dice_multi: 0.9585
Epoch 56/100
400/400 - 125s - loss: 0.0144 - dice_multi: 0.9592
Epoch 57/100
400/400 - 125s - loss: 0.0114 - dice_multi: 0.9661
Epoch 58/100
400/400 - 125s - loss: 0.0110 - dice_multi: 0.9675
Epoch 59/100
400/400 - 125s - loss: 0.0108 - dice_multi: 0.9688
Epoch 60/100
400/400 - 125s - loss: 0.0105 - dice_multi: 0.9693
Epoch 61/100
400/400 - 125s - loss: 0.0104 - dice_multi: 0.9702
Epoch 62/100
400/400 - 125s - loss: 0.0103 - dice_multi: 0.9691
Epoch 63/100
400/400 - 125s - loss: 0.0102 - dice_multi: 0.9706
Epoch 64/100
400/400 - 125s - loss: 0.0100 - dice_multi: 0.9707
Epoch 65/100
400/400 - 125s - loss: 0.0101 - dice_multi: 0.9707
Epoch 66/100
400/400 - 125s - loss: 0.0100 - dice_multi: 0.9704
Epoch 67/100
400/400 - 125s - loss: 0.0099 - dice_multi: 0.9705
Epoch 68/100
400/400 - 125s - loss: 0.0100 - dice_multi: 0.9710
Epoch 69/100
400/400 - 125s - loss: 0.0096 - dice_multi: 0.9714
Epoch 70/100
400/400 - 125s - loss: 0.0097 - dice_multi: 0.9707
Epoch 71/100
400/400 - 125s - loss: 0.0096 - dice_multi: 0.9714
Epoch 72/100
400/400 - 125s - loss: 0.0230 - dice_multi: 0.9389
Epoch 73/100
400/400 - 125s - loss: 0.0124 - dice_multi: 0.9644
Epoch 74/100
400/400 - 125s - loss: 0.0109 - dice_multi: 0.9678
Epoch 75/100
400/400 - 125s - loss: 0.0102 - dice_multi: 0.9691
Epoch 76/100
400/400 - 125s - loss: 0.0104 - dice_multi: 0.9707
Epoch 77/100
400/400 - 125s - loss: 0.0124 - dice_multi: 0.9651
Epoch 78/100
400/400 - 125s - loss: 0.0103 - dice_multi: 0.9695
Epoch 79/100
400/400 - 125s - loss: 0.0098 - dice_multi: 0.9711
Epoch 80/100
400/400 - 125s - loss: 0.0100 - dice_multi: 0.9715
Epoch 81/100
400/400 - 125s - loss: 0.0095 - dice_multi: 0.9718
Epoch 82/100
400/400 - 125s - loss: 0.0097 - dice_multi: 0.9721
Epoch 83/100
400/400 - 125s - loss: 0.0093 - dice_multi: 0.9718
Epoch 84/100
400/400 - 125s - loss: 0.0094 - dice_multi: 0.9722
Epoch 85/100
400/400 - 125s - loss: 0.0096 - dice_multi: 0.9726
Epoch 86/100
400/400 - 125s - loss: 0.0094 - dice_multi: 0.9720
Epoch 87/100
400/400 - 125s - loss: 0.0094 - dice_multi: 0.9721
Epoch 88/100
400/400 - 125s - loss: 0.0095 - dice_multi: 0.9723
Epoch 89/100
400/400 - 125s - loss: 0.0094 - dice_multi: 0.9730
Epoch 90/100
400/400 - 125s - loss: 0.0150 - dice_multi: 0.9574
Epoch 91/100
400/400 - 125s - loss: 0.0103 - dice_multi: 0.9688
Epoch 92/100
400/400 - 125s - loss: 0.0103 - dice_multi: 0.9695
Epoch 93/100
400/400 - 125s - loss: 0.0096 - dice_multi: 0.9719
Epoch 94/100
400/400 - 125s - loss: 0.0093 - dice_multi: 0.9724
Epoch 95/100
400/400 - 125s - loss: 0.0095 - dice_multi: 0.9722
Epoch 96/100
400/400 - 125s - loss: 0.0092 - dice_multi: 0.9724
Epoch 97/100
400/400 - 125s - loss: 0.0092 - dice_multi: 0.9728
Epoch 98/100
400/400 - 125s - loss: 0.0091 - dice_multi: 0.9731
Epoch 99/100
400/400 - 125s - loss: 0.0090 - dice_multi: 0.9729
Epoch 100/100
400/400 - 125s - loss: 0.0088 - dice_multi: 0.9730
training time: 12484.340754270554
executation time:21.976148277521133
---------fold--3---------
training set:  [ 0  1  2  3  4  5  6  7  8  9 10 11 12 13 14 15 24 25 26 27 28 29 30 31
 32 33 34 35 36 37 38 39]
training set size:  32
testing set:  [16 17 18 19 20 21 22 23]
testing set size:  8
..generator_len: 400
..training_n_subject: 32
..training_n_patch_per_sub: 326592
Epoch 1/100
400/400 - 127s - loss: 0.1112 - dice_multi: 0.7319
Epoch 2/100
400/400 - 125s - loss: 0.0609 - dice_multi: 0.8388
Epoch 3/100
400/400 - 125s - loss: 0.0448 - dice_multi: 0.8849
Epoch 4/100
400/400 - 124s - loss: 0.0272 - dice_multi: 0.9236
Epoch 5/100
400/400 - 125s - loss: 0.0365 - dice_multi: 0.9064
Epoch 6/100
400/400 - 125s - loss: 0.0212 - dice_multi: 0.9421
Epoch 7/100
400/400 - 125s - loss: 0.0177 - dice_multi: 0.9510
Epoch 8/100
400/400 - 125s - loss: 0.0266 - dice_multi: 0.9317
Epoch 9/100
400/400 - 125s - loss: 0.0281 - dice_multi: 0.9269
Epoch 10/100
400/400 - 125s - loss: 0.0161 - dice_multi: 0.9531
Epoch 11/100
400/400 - 124s - loss: 0.0155 - dice_multi: 0.9550
Epoch 12/100
400/400 - 125s - loss: 0.0199 - dice_multi: 0.9456
Epoch 13/100
400/400 - 125s - loss: 0.0159 - dice_multi: 0.9541
Epoch 14/100
400/400 - 125s - loss: 0.0149 - dice_multi: 0.9583
Epoch 15/100
400/400 - 125s - loss: 0.0144 - dice_multi: 0.9594
Epoch 16/100
400/400 - 125s - loss: 0.0140 - dice_multi: 0.9604
Epoch 17/100
400/400 - 125s - loss: 0.0137 - dice_multi: 0.9609
Epoch 18/100
400/400 - 125s - loss: 0.0133 - dice_multi: 0.9623
Epoch 19/100
400/400 - 125s - loss: 0.0126 - dice_multi: 0.9637
Epoch 20/100
400/400 - 124s - loss: 0.0145 - dice_multi: 0.9598
Epoch 21/100
400/400 - 124s - loss: 0.0137 - dice_multi: 0.9611
Epoch 22/100
400/400 - 125s - loss: 0.0125 - dice_multi: 0.9635
Epoch 23/100
400/400 - 125s - loss: 0.0125 - dice_multi: 0.9648
Epoch 24/100
400/400 - 125s - loss: 0.0121 - dice_multi: 0.9654
Epoch 25/100
400/400 - 125s - loss: 0.0211 - dice_multi: 0.9461
Epoch 26/100
400/400 - 124s - loss: 0.0146 - dice_multi: 0.9584
Epoch 27/100
400/400 - 125s - loss: 0.0133 - dice_multi: 0.9629
Epoch 28/100
400/400 - 124s - loss: 0.0120 - dice_multi: 0.9642
Epoch 29/100
400/400 - 125s - loss: 0.0122 - dice_multi: 0.9657
Epoch 30/100
400/400 - 124s - loss: 0.0121 - dice_multi: 0.9651
Epoch 31/100
400/400 - 125s - loss: 0.0116 - dice_multi: 0.9666
Epoch 32/100
400/400 - 125s - loss: 0.0186 - dice_multi: 0.9500
Epoch 33/100
400/400 - 125s - loss: 0.0134 - dice_multi: 0.9611
Epoch 34/100
400/400 - 124s - loss: 0.0120 - dice_multi: 0.9649
Epoch 35/100
400/400 - 125s - loss: 0.0116 - dice_multi: 0.9663
Epoch 36/100
400/400 - 125s - loss: 0.0118 - dice_multi: 0.9660
Epoch 37/100
400/400 - 124s - loss: 0.0113 - dice_multi: 0.9676
Epoch 38/100
400/400 - 125s - loss: 0.0113 - dice_multi: 0.9684
Epoch 39/100
400/400 - 124s - loss: 0.0108 - dice_multi: 0.9679
Epoch 40/100
400/400 - 124s - loss: 0.0111 - dice_multi: 0.9681
Epoch 41/100
400/400 - 124s - loss: 0.0107 - dice_multi: 0.9696
Epoch 42/100
400/400 - 125s - loss: 0.0106 - dice_multi: 0.9701
Epoch 43/100
400/400 - 124s - loss: 0.0139 - dice_multi: 0.9630
Epoch 44/100
400/400 - 124s - loss: 0.0149 - dice_multi: 0.9591
Epoch 45/100
400/400 - 124s - loss: 0.0117 - dice_multi: 0.9665
Epoch 46/100
400/400 - 124s - loss: 0.0114 - dice_multi: 0.9676
Epoch 47/100
400/400 - 124s - loss: 0.0107 - dice_multi: 0.9686
Epoch 48/100
400/400 - 124s - loss: 0.0105 - dice_multi: 0.9700
Epoch 49/100
400/400 - 124s - loss: 0.0106 - dice_multi: 0.9692
Epoch 50/100
400/400 - 124s - loss: 0.0103 - dice_multi: 0.9699
Epoch 51/100
400/400 - 124s - loss: 0.0101 - dice_multi: 0.9708
Epoch 52/100
400/400 - 124s - loss: 0.0102 - dice_multi: 0.9704
Epoch 53/100
400/400 - 124s - loss: 0.0099 - dice_multi: 0.9709
Epoch 54/100
400/400 - 124s - loss: 0.0101 - dice_multi: 0.9716
Epoch 55/100
400/400 - 124s - loss: 0.0099 - dice_multi: 0.9711
Epoch 56/100
400/400 - 124s - loss: 0.0098 - dice_multi: 0.9716
Epoch 57/100
400/400 - 124s - loss: 0.0099 - dice_multi: 0.9718
Epoch 58/100
400/400 - 124s - loss: 0.0096 - dice_multi: 0.9715
Epoch 59/100
400/400 - 124s - loss: 0.0175 - dice_multi: 0.9524
Epoch 60/100
400/400 - 124s - loss: 0.0123 - dice_multi: 0.9651
Epoch 61/100
400/400 - 125s - loss: 0.0109 - dice_multi: 0.9690
Epoch 62/100
400/400 - 124s - loss: 0.0101 - dice_multi: 0.9706
Epoch 63/100
400/400 - 124s - loss: 0.0099 - dice_multi: 0.9707
Epoch 64/100
400/400 - 124s - loss: 0.0098 - dice_multi: 0.9720
Epoch 65/100
400/400 - 125s - loss: 0.0097 - dice_multi: 0.9721
Epoch 66/100
400/400 - 124s - loss: 0.0096 - dice_multi: 0.9723
Epoch 67/100
400/400 - 124s - loss: 0.0093 - dice_multi: 0.9725
Epoch 68/100
400/400 - 124s - loss: 0.0092 - dice_multi: 0.9722
Epoch 69/100
400/400 - 124s - loss: 0.0093 - dice_multi: 0.9729
Epoch 70/100
400/400 - 124s - loss: 0.0141 - dice_multi: 0.9624
Epoch 71/100
400/400 - 124s - loss: 0.0121 - dice_multi: 0.9665
Epoch 72/100
400/400 - 124s - loss: 0.0100 - dice_multi: 0.9709
Epoch 73/100
400/400 - 124s - loss: 0.0098 - dice_multi: 0.9719
Epoch 74/100
400/400 - 124s - loss: 0.0097 - dice_multi: 0.9733
Epoch 75/100
400/400 - 125s - loss: 0.0093 - dice_multi: 0.9733
Epoch 76/100
400/400 - 125s - loss: 0.0092 - dice_multi: 0.9732
Epoch 77/100
400/400 - 125s - loss: 0.0090 - dice_multi: 0.9737
Epoch 78/100
400/400 - 124s - loss: 0.0094 - dice_multi: 0.9741
Epoch 79/100
400/400 - 124s - loss: 0.0096 - dice_multi: 0.9732
Epoch 80/100
400/400 - 124s - loss: 0.0093 - dice_multi: 0.9729
Epoch 81/100
400/400 - 124s - loss: 0.0090 - dice_multi: 0.9740
Epoch 82/100
400/400 - 124s - loss: 0.0091 - dice_multi: 0.9741
Epoch 83/100
400/400 - 124s - loss: 0.0092 - dice_multi: 0.9735
Epoch 84/100
400/400 - 124s - loss: 0.0090 - dice_multi: 0.9737
Epoch 85/100
400/400 - 124s - loss: 0.0104 - dice_multi: 0.9698
Epoch 86/100
400/400 - 124s - loss: 0.0095 - dice_multi: 0.9721
Epoch 87/100
400/400 - 124s - loss: 0.0089 - dice_multi: 0.9747
Epoch 88/100
400/400 - 124s - loss: 0.0089 - dice_multi: 0.9749
Epoch 89/100
400/400 - 125s - loss: 0.0088 - dice_multi: 0.9746
Epoch 90/100
400/400 - 125s - loss: 0.0087 - dice_multi: 0.9743
Epoch 91/100
400/400 - 124s - loss: 0.0088 - dice_multi: 0.9748
Epoch 92/100
400/400 - 124s - loss: 0.0090 - dice_multi: 0.9747
Epoch 93/100
400/400 - 124s - loss: 0.0087 - dice_multi: 0.9747
Epoch 94/100
400/400 - 125s - loss: 0.0086 - dice_multi: 0.9752
Epoch 95/100
400/400 - 124s - loss: 0.0086 - dice_multi: 0.9750
Epoch 96/100
400/400 - 124s - loss: 0.0085 - dice_multi: 0.9753
Epoch 97/100
400/400 - 124s - loss: 0.0086 - dice_multi: 0.9753
Epoch 98/100
400/400 - 124s - loss: 0.0085 - dice_multi: 0.9753
Epoch 99/100
400/400 - 124s - loss: 0.0116 - dice_multi: 0.9678
Epoch 100/100
400/400 - 124s - loss: 0.0095 - dice_multi: 0.9726
training time: 12452.697234869003
executation time:21.79336792230606
---------fold--4---------
training set:  [ 0  1  2  3  4  5  6  7  8  9 10 11 12 13 14 15 16 17 18 19 20 21 22 23
 32 33 34 35 36 37 38 39]
training set size:  32
testing set:  [24 25 26 27 28 29 30 31]
testing set size:  8
..generator_len: 400
..training_n_subject: 32
..training_n_patch_per_sub: 326592
Epoch 1/100
400/400 - 127s - loss: 0.1047 - dice_multi: 0.7483
Epoch 2/100
400/400 - 125s - loss: 0.0599 - dice_multi: 0.8470
Epoch 3/100
400/400 - 125s - loss: 0.0364 - dice_multi: 0.9032
Epoch 4/100
400/400 - 125s - loss: 0.0312 - dice_multi: 0.9218
Epoch 5/100
400/400 - 125s - loss: 0.0261 - dice_multi: 0.9315
Epoch 6/100
400/400 - 125s - loss: 0.0180 - dice_multi: 0.9512
Epoch 7/100
400/400 - 125s - loss: 0.0165 - dice_multi: 0.9547
Epoch 8/100
400/400 - 125s - loss: 0.0160 - dice_multi: 0.9562
Epoch 9/100
400/400 - 125s - loss: 0.0176 - dice_multi: 0.9548
Epoch 10/100
400/400 - 125s - loss: 0.0143 - dice_multi: 0.9614
Epoch 11/100
400/400 - 125s - loss: 0.0168 - dice_multi: 0.9549
Epoch 12/100
400/400 - 124s - loss: 0.0134 - dice_multi: 0.9624
Epoch 13/100
400/400 - 125s - loss: 0.0137 - dice_multi: 0.9625
Epoch 14/100
400/400 - 125s - loss: 0.0129 - dice_multi: 0.9638
Epoch 15/100
400/400 - 125s - loss: 0.0124 - dice_multi: 0.9652
Epoch 16/100
400/400 - 125s - loss: 0.0121 - dice_multi: 0.9662
Epoch 17/100
400/400 - 125s - loss: 0.0224 - dice_multi: 0.9405
Epoch 18/100
400/400 - 125s - loss: 0.0162 - dice_multi: 0.9567
Epoch 19/100
400/400 - 125s - loss: 0.0143 - dice_multi: 0.9600
Epoch 20/100
400/400 - 125s - loss: 0.0127 - dice_multi: 0.9649
Epoch 21/100
400/400 - 125s - loss: 0.0121 - dice_multi: 0.9667
Epoch 22/100
400/400 - 125s - loss: 0.0118 - dice_multi: 0.9670
Epoch 23/100
400/400 - 125s - loss: 0.0119 - dice_multi: 0.9675
Epoch 24/100
400/400 - 125s - loss: 0.0117 - dice_multi: 0.9670
Epoch 25/100
400/400 - 125s - loss: 0.0116 - dice_multi: 0.9674
Epoch 26/100
400/400 - 125s - loss: 0.0116 - dice_multi: 0.9682
Epoch 27/100
400/400 - 125s - loss: 0.0166 - dice_multi: 0.9547
Epoch 28/100
400/400 - 125s - loss: 0.0123 - dice_multi: 0.9677
Epoch 29/100
400/400 - 125s - loss: 0.0115 - dice_multi: 0.9683
Epoch 30/100
400/400 - 125s - loss: 0.0108 - dice_multi: 0.9692
Epoch 31/100
400/400 - 125s - loss: 0.0108 - dice_multi: 0.9696
Epoch 32/100
400/400 - 125s - loss: 0.0106 - dice_multi: 0.9705
Epoch 33/100
400/400 - 125s - loss: 0.0109 - dice_multi: 0.9702
Epoch 34/100
400/400 - 125s - loss: 0.0102 - dice_multi: 0.9702
Epoch 35/100
400/400 - 124s - loss: 0.0109 - dice_multi: 0.9707
Epoch 36/100
400/400 - 125s - loss: 0.0311 - dice_multi: 0.9256
Epoch 37/100
400/400 - 125s - loss: 0.0142 - dice_multi: 0.9615
Epoch 38/100
400/400 - 125s - loss: 0.0120 - dice_multi: 0.9660
Epoch 39/100
400/400 - 125s - loss: 0.0116 - dice_multi: 0.9677
Epoch 40/100
400/400 - 125s - loss: 0.0108 - dice_multi: 0.9690
Epoch 41/100
400/400 - 125s - loss: 0.0109 - dice_multi: 0.9696
Epoch 42/100
400/400 - 125s - loss: 0.0107 - dice_multi: 0.9703
Epoch 43/100
400/400 - 125s - loss: 0.0107 - dice_multi: 0.9706
Epoch 44/100
400/400 - 125s - loss: 0.0106 - dice_multi: 0.9704
Epoch 45/100
400/400 - 125s - loss: 0.0103 - dice_multi: 0.9710
Epoch 46/100
400/400 - 125s - loss: 0.0101 - dice_multi: 0.9715
Epoch 47/100
400/400 - 125s - loss: 0.0101 - dice_multi: 0.9717
Epoch 48/100
400/400 - 125s - loss: 0.0101 - dice_multi: 0.9726
Epoch 49/100
400/400 - 125s - loss: 0.0101 - dice_multi: 0.9713
Epoch 50/100
400/400 - 125s - loss: 0.0100 - dice_multi: 0.9720
Epoch 51/100
400/400 - 125s - loss: 0.0100 - dice_multi: 0.9722
Epoch 52/100
400/400 - 125s - loss: 0.0099 - dice_multi: 0.9722
Epoch 53/100
400/400 - 125s - loss: 0.0098 - dice_multi: 0.9730
Epoch 54/100
400/400 - 125s - loss: 0.0188 - dice_multi: 0.9536
Epoch 55/100
400/400 - 125s - loss: 0.0151 - dice_multi: 0.9579
Epoch 56/100
400/400 - 125s - loss: 0.0113 - dice_multi: 0.9676
Epoch 57/100
400/400 - 125s - loss: 0.0108 - dice_multi: 0.9694
Epoch 58/100
400/400 - 125s - loss: 0.0104 - dice_multi: 0.9709
Epoch 59/100
400/400 - 125s - loss: 0.0118 - dice_multi: 0.9685
Epoch 60/100
400/400 - 125s - loss: 0.0100 - dice_multi: 0.9716
Epoch 61/100
400/400 - 125s - loss: 0.0100 - dice_multi: 0.9730
Epoch 62/100
400/400 - 125s - loss: 0.0099 - dice_multi: 0.9725
Epoch 63/100
400/400 - 125s - loss: 0.0096 - dice_multi: 0.9730
Epoch 64/100
400/400 - 125s - loss: 0.0099 - dice_multi: 0.9737
Epoch 65/100
400/400 - 125s - loss: 0.0097 - dice_multi: 0.9727
Epoch 66/100
400/400 - 125s - loss: 0.0094 - dice_multi: 0.9738
Epoch 67/100
400/400 - 125s - loss: 0.0095 - dice_multi: 0.9737
Epoch 68/100
400/400 - 125s - loss: 0.0097 - dice_multi: 0.9737
Epoch 69/100
400/400 - 125s - loss: 0.0094 - dice_multi: 0.9736
Epoch 70/100
400/400 - 125s - loss: 0.0094 - dice_multi: 0.9733
Epoch 71/100
400/400 - 125s - loss: 0.0094 - dice_multi: 0.9741
Epoch 72/100
400/400 - 125s - loss: 0.0091 - dice_multi: 0.9741
Epoch 73/100
400/400 - 125s - loss: 0.0183 - dice_multi: 0.9518
Epoch 74/100
400/400 - 125s - loss: 0.0152 - dice_multi: 0.9589
Epoch 75/100
400/400 - 125s - loss: 0.0116 - dice_multi: 0.9684
Epoch 76/100
400/400 - 125s - loss: 0.0104 - dice_multi: 0.9707
Epoch 77/100
400/400 - 125s - loss: 0.0101 - dice_multi: 0.9724
Epoch 78/100
400/400 - 125s - loss: 0.0096 - dice_multi: 0.9727
Epoch 79/100
400/400 - 125s - loss: 0.0092 - dice_multi: 0.9733
Epoch 80/100
400/400 - 125s - loss: 0.0093 - dice_multi: 0.9735
Epoch 81/100
400/400 - 125s - loss: 0.0091 - dice_multi: 0.9742
Epoch 82/100
400/400 - 124s - loss: 0.0090 - dice_multi: 0.9745
Epoch 83/100
400/400 - 125s - loss: 0.0088 - dice_multi: 0.9744
Epoch 84/100
400/400 - 125s - loss: 0.0088 - dice_multi: 0.9748
Epoch 85/100
400/400 - 125s - loss: 0.0088 - dice_multi: 0.9746
Epoch 86/100
400/400 - 125s - loss: 0.0093 - dice_multi: 0.9744
Epoch 87/100
400/400 - 125s - loss: 0.0093 - dice_multi: 0.9749
Epoch 88/100
400/400 - 125s - loss: 0.0089 - dice_multi: 0.9747
Epoch 89/100
400/400 - 125s - loss: 0.0088 - dice_multi: 0.9747
Epoch 90/100
400/400 - 125s - loss: 0.0091 - dice_multi: 0.9753
Epoch 91/100
400/400 - 125s - loss: 0.0091 - dice_multi: 0.9747
Epoch 92/100
400/400 - 125s - loss: 0.0089 - dice_multi: 0.9750
Epoch 93/100
400/400 - 125s - loss: 0.0088 - dice_multi: 0.9753
Epoch 94/100
400/400 - 125s - loss: 0.0085 - dice_multi: 0.9759
Epoch 95/100
400/400 - 125s - loss: 0.0147 - dice_multi: 0.9596
Epoch 96/100
400/400 - 125s - loss: 0.0104 - dice_multi: 0.9706
Epoch 97/100
400/400 - 125s - loss: 0.0091 - dice_multi: 0.9734
Epoch 98/100
400/400 - 125s - loss: 0.0089 - dice_multi: 0.9751
Epoch 99/100
400/400 - 125s - loss: 0.0087 - dice_multi: 0.9753
Epoch 100/100
400/400 - 124s - loss: 0.0085 - dice_multi: 0.9761
training time: 12469.086741685867
executation time:22.13507640361786
---------fold--5---------
training set:  [ 0  1  2  3  4  5  6  7  8  9 10 11 12 13 14 15 16 17 18 19 20 21 22 23
 24 25 26 27 28 29 30 31]
training set size:  32
testing set:  [32 33 34 35 36 37 38 39]
testing set size:  8
..generator_len: 400
..training_n_subject: 32
..training_n_patch_per_sub: 326592
Epoch 1/100
400/400 - 127s - loss: 0.0817 - dice_multi: 0.7636
Epoch 2/100
400/400 - 125s - loss: 0.0286 - dice_multi: 0.9017
Epoch 3/100
400/400 - 124s - loss: 0.0212 - dice_multi: 0.9285
Epoch 4/100
400/400 - 124s - loss: 0.0201 - dice_multi: 0.9338
Epoch 5/100
400/400 - 125s - loss: 0.0158 - dice_multi: 0.9455
Epoch 6/100
400/400 - 124s - loss: 0.0130 - dice_multi: 0.9543
Epoch 7/100
400/400 - 125s - loss: 0.0139 - dice_multi: 0.9514
Epoch 8/100
400/400 - 124s - loss: 0.0122 - dice_multi: 0.9580
Epoch 9/100
400/400 - 124s - loss: 0.0131 - dice_multi: 0.9562
Epoch 10/100
400/400 - 124s - loss: 0.0119 - dice_multi: 0.9595
Epoch 11/100
400/400 - 124s - loss: 0.0191 - dice_multi: 0.9360
Epoch 12/100
400/400 - 124s - loss: 0.0128 - dice_multi: 0.9565
Epoch 13/100
400/400 - 124s - loss: 0.0121 - dice_multi: 0.9596
Epoch 14/100
400/400 - 124s - loss: 0.0112 - dice_multi: 0.9615
Epoch 15/100
400/400 - 124s - loss: 0.0108 - dice_multi: 0.9618
Epoch 16/100
400/400 - 124s - loss: 0.0109 - dice_multi: 0.9630
Epoch 17/100
400/400 - 124s - loss: 0.0106 - dice_multi: 0.9638
Epoch 18/100
400/400 - 124s - loss: 0.0106 - dice_multi: 0.9622
Epoch 19/100
400/400 - 125s - loss: 0.0104 - dice_multi: 0.9637
Epoch 20/100
400/400 - 125s - loss: 0.0101 - dice_multi: 0.9656
Epoch 21/100
400/400 - 124s - loss: 0.0101 - dice_multi: 0.9659
Epoch 22/100
400/400 - 124s - loss: 0.0098 - dice_multi: 0.9669
Epoch 23/100
400/400 - 124s - loss: 0.0099 - dice_multi: 0.9648
Epoch 24/100
400/400 - 124s - loss: 0.0099 - dice_multi: 0.9654
Epoch 25/100
400/400 - 124s - loss: 0.0139 - dice_multi: 0.9532
Epoch 26/100
400/400 - 125s - loss: 0.0096 - dice_multi: 0.9659
Epoch 27/100
400/400 - 124s - loss: 0.0094 - dice_multi: 0.9672
Epoch 28/100
400/400 - 124s - loss: 0.0093 - dice_multi: 0.9678
Epoch 29/100
400/400 - 125s - loss: 0.0091 - dice_multi: 0.9683
Epoch 30/100
400/400 - 124s - loss: 0.0091 - dice_multi: 0.9687
Epoch 31/100
400/400 - 124s - loss: 0.0091 - dice_multi: 0.9685
Epoch 32/100
400/400 - 124s - loss: 0.0091 - dice_multi: 0.9692
Epoch 33/100
400/400 - 124s - loss: 0.0087 - dice_multi: 0.9693
Epoch 34/100
400/400 - 124s - loss: 0.0121 - dice_multi: 0.9600
Epoch 35/100
400/400 - 124s - loss: 0.0094 - dice_multi: 0.9673
Epoch 36/100
400/400 - 124s - loss: 0.0087 - dice_multi: 0.9693
Epoch 37/100
400/400 - 124s - loss: 0.0088 - dice_multi: 0.9700
Epoch 38/100
400/400 - 124s - loss: 0.0090 - dice_multi: 0.9680
Epoch 39/100
400/400 - 124s - loss: 0.0086 - dice_multi: 0.9699
Epoch 40/100
400/400 - 124s - loss: 0.0085 - dice_multi: 0.9711
Epoch 41/100
400/400 - 124s - loss: 0.0090 - dice_multi: 0.9690
Epoch 42/100
400/400 - 125s - loss: 0.0088 - dice_multi: 0.9698
Epoch 43/100
400/400 - 124s - loss: 0.0084 - dice_multi: 0.9711
Epoch 44/100
400/400 - 124s - loss: 0.0083 - dice_multi: 0.9708
Epoch 45/100
400/400 - 124s - loss: 0.0082 - dice_multi: 0.9709
Epoch 46/100
400/400 - 124s - loss: 0.0082 - dice_multi: 0.9713
Epoch 47/100
400/400 - 124s - loss: 0.0081 - dice_multi: 0.9716
Epoch 48/100
400/400 - 124s - loss: 0.0081 - dice_multi: 0.9716
Epoch 49/100
400/400 - 124s - loss: 0.0081 - dice_multi: 0.9718
Epoch 50/100
400/400 - 124s - loss: 0.0079 - dice_multi: 0.9720
Epoch 51/100
400/400 - 124s - loss: 0.0079 - dice_multi: 0.9720
Epoch 52/100
400/400 - 124s - loss: 0.0082 - dice_multi: 0.9725
Epoch 53/100
400/400 - 124s - loss: 0.0077 - dice_multi: 0.9722
Epoch 54/100
400/400 - 124s - loss: 0.0079 - dice_multi: 0.9721
Epoch 55/100
400/400 - 124s - loss: 0.0170 - dice_multi: 0.9415
Epoch 56/100
400/400 - 124s - loss: 0.0119 - dice_multi: 0.9591
Epoch 57/100
400/400 - 124s - loss: 0.0096 - dice_multi: 0.9668
Epoch 58/100
400/400 - 124s - loss: 0.0088 - dice_multi: 0.9693
Epoch 59/100
400/400 - 124s - loss: 0.0085 - dice_multi: 0.9708
Epoch 60/100
400/400 - 124s - loss: 0.0083 - dice_multi: 0.9715
Epoch 61/100
400/400 - 124s - loss: 0.0082 - dice_multi: 0.9721
Epoch 62/100
400/400 - 124s - loss: 0.0078 - dice_multi: 0.9727
Epoch 63/100
400/400 - 124s - loss: 0.0081 - dice_multi: 0.9723
Epoch 64/100
400/400 - 124s - loss: 0.0076 - dice_multi: 0.9728
Epoch 65/100
400/400 - 124s - loss: 0.0077 - dice_multi: 0.9728
Epoch 66/100
400/400 - 124s - loss: 0.0075 - dice_multi: 0.9734
Epoch 67/100
400/400 - 124s - loss: 0.0076 - dice_multi: 0.9734
Epoch 68/100
400/400 - 124s - loss: 0.0082 - dice_multi: 0.9721
Epoch 69/100
400/400 - 124s - loss: 0.0075 - dice_multi: 0.9737
Epoch 70/100
400/400 - 124s - loss: 0.0077 - dice_multi: 0.9734
Epoch 71/100
400/400 - 124s - loss: 0.0073 - dice_multi: 0.9739
Epoch 72/100
400/400 - 124s - loss: 0.0075 - dice_multi: 0.9738
Epoch 73/100
400/400 - 124s - loss: 0.0074 - dice_multi: 0.9742
Epoch 74/100
400/400 - 124s - loss: 0.0075 - dice_multi: 0.9742
Epoch 75/100
400/400 - 124s - loss: 0.0075 - dice_multi: 0.9742
Epoch 76/100
400/400 - 124s - loss: 0.0073 - dice_multi: 0.9747
Epoch 77/100
400/400 - 124s - loss: 0.0074 - dice_multi: 0.9741
Epoch 78/100
400/400 - 124s - loss: 0.0075 - dice_multi: 0.9743
Epoch 79/100
400/400 - 124s - loss: 0.0072 - dice_multi: 0.9744
Epoch 80/100
400/400 - 124s - loss: 0.0073 - dice_multi: 0.9745
Epoch 81/100
400/400 - 124s - loss: 0.0104 - dice_multi: 0.9644
Epoch 82/100
400/400 - 124s - loss: 0.0073 - dice_multi: 0.9738
Epoch 83/100
400/400 - 124s - loss: 0.0072 - dice_multi: 0.9744
Epoch 84/100
400/400 - 124s - loss: 0.0074 - dice_multi: 0.9748
Epoch 85/100
400/400 - 124s - loss: 0.0072 - dice_multi: 0.9749
Epoch 86/100
400/400 - 124s - loss: 0.0072 - dice_multi: 0.9749
Epoch 87/100
400/400 - 124s - loss: 0.0071 - dice_multi: 0.9749
Epoch 88/100
400/400 - 124s - loss: 0.0072 - dice_multi: 0.9748
Epoch 89/100
400/400 - 124s - loss: 0.0073 - dice_multi: 0.9753
Epoch 90/100
400/400 - 124s - loss: 0.0072 - dice_multi: 0.9759
Epoch 91/100
400/400 - 124s - loss: 0.0071 - dice_multi: 0.9750
Epoch 92/100
400/400 - 124s - loss: 0.0072 - dice_multi: 0.9752
Epoch 93/100
400/400 - 124s - loss: 0.0106 - dice_multi: 0.9653
Epoch 94/100
400/400 - 124s - loss: 0.0097 - dice_multi: 0.9666
Epoch 95/100
400/400 - 124s - loss: 0.0079 - dice_multi: 0.9726
Epoch 96/100
400/400 - 124s - loss: 0.0076 - dice_multi: 0.9735
Epoch 97/100
400/400 - 124s - loss: 0.0074 - dice_multi: 0.9743
Epoch 98/100
400/400 - 124s - loss: 0.0073 - dice_multi: 0.9747
Epoch 99/100
400/400 - 124s - loss: 0.0071 - dice_multi: 0.9748
Epoch 100/100
400/400 - 124s - loss: 0.0070 - dice_multi: 0.9757
training time: 12439.176812171936
executation time:21.929448544979095
[0.9965377  0.89880687]
